Log file open, 03/25/20 12:40:32
LogWindows: Failed to load 'aqProf.dll' (GetLastError=126)
LogWindows: File 'aqProf.dll' does not exist
LogWindows: Failed to load 'VtuneApi.dll' (GetLastError=126)
LogWindows: File 'VtuneApi.dll' does not exist
LogWindows: Failed to load 'VtuneApi32e.dll' (GetLastError=126)
LogWindows: File 'VtuneApi32e.dll' does not exist
LogConsoleResponse: Display: Failed to find resolution value strings in scalability ini. Falling back to default.
LogInit: Display: Running engine for game: CS447_3D_Game
LogPakFile: Registered encryption key '00000000000000000000000000000000': 0 pak files mounted, 0 remain pending
LogPlatformFile: Not using cached read wrapper
LogTaskGraph: Started task graph with 5 named threads and 35 total threads with 3 sets of task threads.
LogStats: Stats thread started at 0.408853
LogD3D11RHI: Loaded GFSDK_Aftermath_Lib.x64.dll
LogICUInternationalization: ICU TimeZone Detection - Raw Offset: -8:00, Platform Override: ''
LogPluginManager: Mounting plugin Paper2D
LogPluginManager: Mounting plugin AISupport
LogPluginManager: Mounting plugin LightPropagationVolume
LogPluginManager: Mounting plugin ActorLayerUtilities
LogPluginManager: Mounting plugin AnimationSharing
LogPluginManager: Mounting plugin CLionSourceCodeAccess
LogPluginManager: Mounting plugin CodeLiteSourceCodeAccess
LogPluginManager: Mounting plugin GitSourceControl
LogPluginManager: Mounting plugin KDevelopSourceCodeAccess
LogPluginManager: Mounting plugin NullSourceCodeAccess
LogPluginManager: Mounting plugin PerforceSourceControl
LogPluginManager: Mounting plugin SubversionSourceControl
LogPluginManager: Mounting plugin UObjectPlugin
LogPluginManager: Mounting plugin VisualStudioCodeSourceCodeAccess
LogPluginManager: Mounting plugin VisualStudioSourceCodeAccess
LogPluginManager: Mounting plugin XCodeSourceCodeAccess
LogPluginManager: Mounting plugin AssetManagerEditor
LogPluginManager: Mounting plugin CryptoKeys
LogPluginManager: Mounting plugin DataValidation
LogPluginManager: Mounting plugin FacialAnimation
LogPluginManager: Mounting plugin GameplayTagsEditor
LogPluginManager: Mounting plugin MacGraphicsSwitching
LogPluginManager: Mounting plugin MaterialAnalyzer
LogPluginManager: Mounting plugin MobileLauncherProfileWizard
LogPluginManager: Mounting plugin PluginBrowser
LogPluginManager: Mounting plugin SpeedTreeImporter
LogPluginManager: Mounting plugin DatasmithContent
LogPluginManager: Mounting plugin VariantManagerContent
LogPluginManager: Mounting plugin AlembicImporter
LogPluginManager: Mounting plugin AppleImageUtils
LogPluginManager: Mounting plugin AppleVision
LogPluginManager: Mounting plugin BackChannel
LogPluginManager: Mounting plugin CharacterAI
LogPluginManager: Mounting plugin GeometryCache
LogPluginManager: Mounting plugin HTML5Networking
LogPluginManager: Mounting plugin ProxyLODPlugin
LogPluginManager: Mounting plugin SkeletalReduction
LogPluginManager: Mounting plugin MagicLeap
LogPluginManager: Mounting plugin MagicLeapMedia
LogPluginManager: Mounting plugin AndroidMedia
LogPluginManager: Mounting plugin AvfMedia
LogPluginManager: Mounting plugin ImgMedia
LogPluginManager: Mounting plugin LinearTimecode
LogPluginManager: Mounting plugin MediaCompositing
LogPluginManager: Mounting plugin MediaPlayerEditor
LogPluginManager: Mounting plugin WebMMedia
LogPluginManager: Mounting plugin WmfMedia
LogPluginManager: Mounting plugin TcpMessaging
LogPluginManager: Mounting plugin UdpMessaging
LogPluginManager: Mounting plugin ActorSequence
LogPluginManager: Mounting plugin LevelSequenceEditor
LogPluginManager: Mounting plugin MatineeToLevelSequence
LogPluginManager: Mounting plugin NetcodeUnitTest
LogPluginManager: Mounting plugin NUTUnrealEngine4
LogPluginManager: Mounting plugin OnlineSubsystemGooglePlay
LogPluginManager: Mounting plugin OnlineSubsystemIOS
LogPluginManager: Mounting plugin OnlineSubsystem
LogPluginManager: Mounting plugin OnlineSubsystemNull
LogPluginManager: Mounting plugin OnlineSubsystemUtils
LogPluginManager: Mounting plugin LauncherChunkInstaller
LogPluginManager: Mounting plugin AndroidDeviceProfileSelector
LogPluginManager: Mounting plugin AndroidMoviePlayer
LogPluginManager: Mounting plugin AndroidPermission
LogPluginManager: Mounting plugin AppleMoviePlayer
LogPluginManager: Mounting plugin ArchVisCharacter
LogPluginManager: Mounting plugin AudioCapture
LogPluginManager: Mounting plugin CableComponent
LogPluginManager: Mounting plugin CustomMeshComponent
LogPluginManager: Mounting plugin EditableMesh
LogPluginManager: Mounting plugin ExampleDeviceProfileSelector
LogPluginManager: Mounting plugin Firebase
LogPluginManager: Mounting plugin GoogleCloudMessaging
LogPluginManager: Mounting plugin IOSDeviceProfileSelector
LogPluginManager: Mounting plugin LinuxDeviceProfileSelector
LogPluginManager: Mounting plugin LocationServicesBPLibrary
LogPluginManager: Mounting plugin MobilePatchingUtils
LogPluginManager: Mounting plugin OculusVR
LogPluginManager: Mounting plugin PhysXVehicles
LogPluginManager: Mounting plugin ProceduralMeshComponent
LogPluginManager: Mounting plugin RuntimePhysXCooking
LogPluginManager: Mounting plugin SignificanceManager
LogPluginManager: Mounting plugin SteamVR
LogPluginManager: Mounting plugin WebMMoviePlayer
LogPluginManager: Mounting plugin WindowsMoviePlayer
LogInit: Using libcurl 7.55.1-DEV
LogInit:  - built for x86_64-pc-win32
LogInit:  - supports SSL with OpenSSL/1.1.1
LogInit:  - supports HTTP deflate (compression) using libz 1.2.8
LogInit:  - other features:
LogInit:      CURL_VERSION_SSL
LogInit:      CURL_VERSION_LIBZ
LogInit:      CURL_VERSION_IPV6
LogInit:      CURL_VERSION_ASYNCHDNS
LogInit:      CURL_VERSION_LARGEFILE
LogInit:      CURL_VERSION_IDN
LogInit:  CurlRequestOptions (configurable via config and command line):
LogInit:  - bVerifyPeer = true  - Libcurl will verify peer certificate
LogInit:  - bUseHttpProxy = false  - Libcurl will NOT use HTTP proxy
LogInit:  - bDontReuseConnections = false  - Libcurl will reuse connections
LogInit:  - MaxHostConnections = 16  - Libcurl will limit the number of connections to a host
LogInit:  - LocalHostAddr = Default
LogInit:  - BufferSize = 65536
LogInit: WinSock: version 1.1 (2.2), MaxSocks=32767, MaxUdp=65467
LogInit: Build: ++UE4+Release-4.22-CL-7053642
LogInit: Engine Version: 4.22.3-7053642+++UE4+Release-4.22
LogInit: Compatible Engine Version: 4.22.0-5660361+++UE4+Release-4.22
LogInit: Net CL: 5660361
LogInit: OS: Windows 10 (Release 1909) (), CPU: AMD Ryzen 5 1600X Six-Core Processor           , GPU: NVIDIA GeForce GTX 1060 6GB
LogInit: Compiled (64-bit): Jun 18 2019 03:09:11
LogInit: Compiled with Visual C++: 19.16.27025.01
LogInit: Build Configuration: Development
LogInit: Branch Name: ++UE4+Release-4.22
LogInit: Command Line:  -EpicPortal -epicusername=IAMTHEWILL -epicuserid=efe56915fe7b40ad823f49e6c7089682 -epiclocale=en
LogInit: Base Directory: D:/William Lau/Epic Games/UE_4.22/Engine/Binaries/Win64/
LogInit: Installed Engine Build: 1
LogDevObjectVersion: Number of dev versions registered: 23
LogDevObjectVersion:   Dev-Blueprints (B0D832E4-1F89-4F0D-ACCF-7EB736FD4AA2): 10
LogDevObjectVersion:   Dev-Build (E1C64328-A22C-4D53-A36C-8E866417BD8C): 0
LogDevObjectVersion:   Dev-Core (375EC13C-06E4-48FB-B500-84F0262A717E): 3
LogDevObjectVersion:   Dev-Editor (E4B068ED-F494-42E9-A231-DA0B2E46BB41): 30
LogDevObjectVersion:   Dev-Framework (CFFC743F-43B0-4480-9391-14DF171D2073): 35
LogDevObjectVersion:   Dev-Mobile (B02B49B5-BB20-44E9-A304-32B752E40360): 2
LogDevObjectVersion:   Dev-Networking (A4E4105C-59A1-49B5-A7C5-40C4547EDFEE): 0
LogDevObjectVersion:   Dev-Online (39C831C9-5AE6-47DC-9A44-9C173E1C8E7C): 0
LogDevObjectVersion:   Dev-Physics (78F01B33-EBEA-4F98-B9B4-84EACCB95AA2): 0
LogDevObjectVersion:   Dev-Platform (6631380F-2D4D-43E0-8009-CF276956A95A): 0
LogDevObjectVersion:   Dev-Rendering (12F88B9F-8875-4AFC-A67C-D90C383ABD29): 28
LogDevObjectVersion:   Dev-Sequencer (7B5AE74C-D270-4C10-A958-57980B212A5A): 11
LogDevObjectVersion:   Dev-VR (D7296918-1DD6-4BDD-9DE2-64A83CC13884): 2
LogDevObjectVersion:   Dev-LoadTimes (C2A15278-BFE7-4AFE-6C17-90FF531DF755): 1
LogDevObjectVersion:   Private-Geometry (6EACA3D4-40EC-4CC1-B786-8BED09428FC5): 3
LogDevObjectVersion:   Dev-AnimPhys (29E575DD-E0A3-4627-9D10-D276232CDCEA): 17
LogDevObjectVersion:   Dev-Anim (AF43A65D-7FD3-4947-9873-3E8ED9C1BB05): 2
LogDevObjectVersion:   Dev-ReflectionCapture (6B266CEC-1EC7-4B8F-A30B-E4D90942FC07): 1
LogDevObjectVersion:   Dev-Automation (0DF73D61-A23F-47EA-B727-89E90C41499A): 1
LogDevObjectVersion:   FortniteMain (601D1886-AC64-4F84-AA16-D3DE0DEAC7D6): 25
LogDevObjectVersion:   Dev-Enterprise (9DFFBCD6-494F-0158-E221-12823C92A888): 6
LogDevObjectVersion:   Dev-Niagara (F2AED0AC-9AFE-416F-8664-AA7FFA26D6FC): 1
LogDevObjectVersion:   Dev-Destruction (174F1F0B-B4C6-45A5-B13F-2EE8D0FB917D): 2
LogInit: Presizing for max 16777216 objects, including 0 objects not considered by GC, pre-allocating 0 bytes for permanent pool.
LogInit: Object subsystem initialized
LogConfig: Setting CVar [[con.DebugEarlyDefault:1]]
LogConfig: Setting CVar [[r.setres:1280x720]]
[2020.03.25-19.40.32:773][  0]LogConfig: Setting CVar [[r.VSync:0]]
[2020.03.25-19.40.32:773][  0]LogConfig: Setting CVar [[r.RHICmdBypass:0]]
[2020.03.25-19.40.32:773][  0]LogConfig: Applying CVar settings from Section [/Script/Engine.RendererSettings] File [D:/William Lau/Epic Games/Unreal Projects/GitHub Projects/CS447-3D-Game/CS447_3D_Game/Saved/Config/Windows/Engine.ini]
[2020.03.25-19.40.32:773][  0]LogConfig: Setting CVar [[r.GPUCrashDebugging:0]]
[2020.03.25-19.40.32:773][  0]LogConfig: Applying CVar settings from Section [/Script/Engine.RendererOverrideSettings] File [D:/William Lau/Epic Games/Unreal Projects/GitHub Projects/CS447-3D-Game/CS447_3D_Game/Saved/Config/Windows/Engine.ini]
[2020.03.25-19.40.32:773][  0]LogConfig: Applying CVar settings from Section [/Script/Engine.StreamingSettings] File [D:/William Lau/Epic Games/Unreal Projects/GitHub Projects/CS447-3D-Game/CS447_3D_Game/Saved/Config/Windows/Engine.ini]
[2020.03.25-19.40.32:773][  0]LogConfig: Setting CVar [[s.MinBulkDataSizeForAsyncLoading:131072]]
[2020.03.25-19.40.32:773][  0]LogConfig: Setting CVar [[s.AsyncLoadingThreadEnabled:0]]
[2020.03.25-19.40.32:773][  0]LogConfig: Setting CVar [[s.EventDrivenLoaderEnabled:1]]
[2020.03.25-19.40.32:773][  0]LogConfig: Setting CVar [[s.WarnIfTimeLimitExceeded:0]]
[2020.03.25-19.40.32:773][  0]LogConfig: Setting CVar [[s.TimeLimitExceededMultiplier:1.5]]
[2020.03.25-19.40.32:773][  0]LogConfig: Setting CVar [[s.TimeLimitExceededMinTime:0.005]]
[2020.03.25-19.40.32:773][  0]LogConfig: Setting CVar [[s.UseBackgroundLevelStreaming:1]]
[2020.03.25-19.40.32:773][  0]LogConfig: Setting CVar [[s.PriorityAsyncLoadingExtraTime:15.0]]
[2020.03.25-19.40.32:773][  0]LogConfig: Setting CVar [[s.LevelStreamingActorsUpdateTimeLimit:5.0]]
[2020.03.25-19.40.32:773][  0]LogConfig: Setting CVar [[s.PriorityLevelStreamingActorsUpdateExtraTime:5.0]]
[2020.03.25-19.40.32:773][  0]LogConfig: Setting CVar [[s.LevelStreamingComponentsRegistrationGranularity:10]]
[2020.03.25-19.40.32:773][  0]LogConfig: Setting CVar [[s.UnregisterComponentsTimeLimit:1.0]]
[2020.03.25-19.40.32:773][  0]LogConfig: Setting CVar [[s.LevelStreamingComponentsUnregistrationGranularity:5]]
[2020.03.25-19.40.32:773][  0]LogConfig: Applying CVar settings from Section [/Script/Engine.GarbageCollectionSettings] File [D:/William Lau/Epic Games/Unreal Projects/GitHub Projects/CS447-3D-Game/CS447_3D_Game/Saved/Config/Windows/Engine.ini]
[2020.03.25-19.40.32:773][  0]LogConfig: Setting CVar [[gc.MaxObjectsNotConsideredByGC:1]]
[2020.03.25-19.40.32:773][  0]LogConfig: Setting CVar [[gc.SizeOfPermanentObjectPool:0]]
[2020.03.25-19.40.32:773][  0]LogConfig: Setting CVar [[gc.FlushStreamingOnGC:0]]
[2020.03.25-19.40.32:773][  0]LogConfig: Setting CVar [[gc.NumRetriesBeforeForcingGC:10]]
[2020.03.25-19.40.32:773][  0]LogConfig: Setting CVar [[gc.AllowParallelGC:1]]
[2020.03.25-19.40.32:773][  0]LogConfig: Setting CVar [[gc.TimeBetweenPurgingPendingKillObjects:61.1]]
[2020.03.25-19.40.32:773][  0]LogConfig: Setting CVar [[gc.MaxObjectsInEditor:16777216]]
[2020.03.25-19.40.32:773][  0]LogConfig: Setting CVar [[gc.IncrementalBeginDestroyEnabled:1]]
[2020.03.25-19.40.32:773][  0]LogConfig: Setting CVar [[gc.CreateGCClusters:1]]
[2020.03.25-19.40.32:773][  0]LogConfig: Setting CVar [[gc.MinGCClusterSize:5]]
[2020.03.25-19.40.32:773][  0]LogConfig: Setting CVar [[gc.ActorClusteringEnabled:0]]
[2020.03.25-19.40.32:773][  0]LogConfig: Setting CVar [[gc.BlueprintClusteringEnabled:0]]
[2020.03.25-19.40.32:773][  0]LogConfig: Setting CVar [[gc.UseDisregardForGCOnDedicatedServers:0]]
[2020.03.25-19.40.32:773][  0]LogConfig: Applying CVar settings from Section [/Script/Engine.NetworkSettings] File [D:/William Lau/Epic Games/Unreal Projects/GitHub Projects/CS447-3D-Game/CS447_3D_Game/Saved/Config/Windows/Engine.ini]
[2020.03.25-19.40.32:773][  0]LogConfig: Applying CVar settings from Section [/Script/UnrealEd.CookerSettings] File [D:/William Lau/Epic Games/Unreal Projects/GitHub Projects/CS447-3D-Game/CS447_3D_Game/Saved/Config/Windows/Engine.ini]
[2020.03.25-19.40.32:775][  0]LogConfig: Applying CVar settings from Section [ViewDistanceQuality@3] File [D:/William Lau/Epic Games/Unreal Projects/GitHub Projects/CS447-3D-Game/CS447_3D_Game/Saved/Config/Windows/Scalability.ini]
[2020.03.25-19.40.32:775][  0]LogConfig: Setting CVar [[r.SkeletalMeshLODBias:0]]
[2020.03.25-19.40.32:775][  0]LogConfig: Setting CVar [[r.ViewDistanceScale:1.0]]
[2020.03.25-19.40.32:775][  0]LogConfig: Applying CVar settings from Section [AntiAliasingQuality@3] File [D:/William Lau/Epic Games/Unreal Projects/GitHub Projects/CS447-3D-Game/CS447_3D_Game/Saved/Config/Windows/Scalability.ini]
[2020.03.25-19.40.32:775][  0]LogConfig: Setting CVar [[r.PostProcessAAQuality:4]]
[2020.03.25-19.40.32:775][  0]LogConfig: Applying CVar settings from Section [ShadowQuality@3] File [D:/William Lau/Epic Games/Unreal Projects/GitHub Projects/CS447-3D-Game/CS447_3D_Game/Saved/Config/Windows/Scalability.ini]
[2020.03.25-19.40.32:775][  0]LogConfig: Setting CVar [[r.LightFunctionQuality:1]]
[2020.03.25-19.40.32:775][  0]LogConfig: Setting CVar [[r.ShadowQuality:5]]
[2020.03.25-19.40.32:775][  0]LogConfig: Setting CVar [[r.Shadow.CSM.MaxCascades:10]]
[2020.03.25-19.40.32:775][  0]LogConfig: Setting CVar [[r.Shadow.MaxResolution:2048]]
[2020.03.25-19.40.32:775][  0]LogConfig: Setting CVar [[r.Shadow.MaxCSMResolution:2048]]
[2020.03.25-19.40.32:776][  0]LogConfig: Setting CVar [[r.Shadow.RadiusThreshold:0.01]]
[2020.03.25-19.40.32:776][  0]LogConfig: Setting CVar [[r.Shadow.DistanceScale:1.0]]
[2020.03.25-19.40.32:776][  0]LogConfig: Setting CVar [[r.Shadow.CSM.TransitionScale:1.0]]
[2020.03.25-19.40.32:776][  0]LogConfig: Setting CVar [[r.Shadow.PreShadowResolutionFactor:1.0]]
[2020.03.25-19.40.32:776][  0]LogConfig: Setting CVar [[r.DistanceFieldShadowing:1]]
[2020.03.25-19.40.32:776][  0]LogConfig: Setting CVar [[r.DistanceFieldAO:1]]
[2020.03.25-19.40.32:776][  0]LogConfig: Setting CVar [[r.AOQuality:2]]
[2020.03.25-19.40.32:776][  0]LogConfig: Setting CVar [[r.VolumetricFog:1]]
[2020.03.25-19.40.32:776][  0]LogConfig: Setting CVar [[r.VolumetricFog.GridPixelSize:8]]
[2020.03.25-19.40.32:776][  0]LogConfig: Setting CVar [[r.VolumetricFog.GridSizeZ:128]]
[2020.03.25-19.40.32:776][  0]LogConfig: Setting CVar [[r.VolumetricFog.HistoryMissSupersampleCount:4]]
[2020.03.25-19.40.32:776][  0]LogConfig: Setting CVar [[r.LightMaxDrawDistanceScale:1]]
[2020.03.25-19.40.32:776][  0]LogConfig: Setting CVar [[r.CapsuleShadows:1]]
[2020.03.25-19.40.32:776][  0]LogConfig: Applying CVar settings from Section [PostProcessQuality@3] File [D:/William Lau/Epic Games/Unreal Projects/GitHub Projects/CS447-3D-Game/CS447_3D_Game/Saved/Config/Windows/Scalability.ini]
[2020.03.25-19.40.32:776][  0]LogConfig: Setting CVar [[r.MotionBlurQuality:4]]
[2020.03.25-19.40.32:776][  0]LogConfig: Setting CVar [[r.AmbientOcclusionMipLevelFactor:0.4]]
[2020.03.25-19.40.32:776][  0]LogConfig: Setting CVar [[r.AmbientOcclusionMaxQuality:100]]
[2020.03.25-19.40.32:776][  0]LogConfig: Setting CVar [[r.AmbientOcclusionLevels:-1]]
[2020.03.25-19.40.32:776][  0]LogConfig: Setting CVar [[r.AmbientOcclusionRadiusScale:1.0]]
[2020.03.25-19.40.32:776][  0]LogConfig: Setting CVar [[r.DepthOfFieldQuality:2]]
[2020.03.25-19.40.32:776][  0]LogConfig: Setting CVar [[r.RenderTargetPoolMin:400]]
[2020.03.25-19.40.32:776][  0]LogConfig: Setting CVar [[r.LensFlareQuality:2]]
[2020.03.25-19.40.32:776][  0]LogConfig: Setting CVar [[r.SceneColorFringeQuality:1]]
[2020.03.25-19.40.32:776][  0]LogConfig: Setting CVar [[r.EyeAdaptationQuality:2]]
[2020.03.25-19.40.32:776][  0]LogConfig: Setting CVar [[r.BloomQuality:5]]
[2020.03.25-19.40.32:776][  0]LogConfig: Setting CVar [[r.FastBlurThreshold:100]]
[2020.03.25-19.40.32:776][  0]LogConfig: Setting CVar [[r.Upscale.Quality:3]]
[2020.03.25-19.40.32:776][  0]LogConfig: Setting CVar [[r.Tonemapper.GrainQuantization:1]]
[2020.03.25-19.40.32:776][  0]LogConfig: Setting CVar [[r.LightShaftQuality:1]]
[2020.03.25-19.40.32:776][  0]LogConfig: Setting CVar [[r.Filter.SizeScale:1]]
[2020.03.25-19.40.32:776][  0]LogConfig: Setting CVar [[r.Tonemapper.Quality:5]]
[2020.03.25-19.40.32:776][  0]LogConfig: Setting CVar [[r.DOF.Gather.AccumulatorQuality:1        ; higher gathering accumulator quality]]
[2020.03.25-19.40.32:776][  0]LogConfig: Setting CVar [[r.DOF.Gather.PostfilterMethod:1          ; Median3x3 postfilering method]]
[2020.03.25-19.40.32:776][  0]LogConfig: Setting CVar [[r.DOF.Gather.EnableBokehSettings:0       ; no bokeh simulation when gathering]]
[2020.03.25-19.40.32:776][  0]LogConfig: Setting CVar [[r.DOF.Gather.RingCount:4                 ; medium number of samples when gathering]]
[2020.03.25-19.40.32:776][  0]LogConfig: Setting CVar [[r.DOF.Scatter.ForegroundCompositing:1    ; additive foreground scattering]]
[2020.03.25-19.40.32:776][  0]LogConfig: Setting CVar [[r.DOF.Scatter.BackgroundCompositing:2    ; additive background scattering]]
[2020.03.25-19.40.32:776][  0]LogConfig: Setting CVar [[r.DOF.Scatter.EnableBokehSettings:1      ; bokeh simulation when scattering]]
[2020.03.25-19.40.32:776][  0]LogConfig: Setting CVar [[r.DOF.Scatter.MaxSpriteRatio:0.1         ; only a maximum of 10% of scattered bokeh]]
[2020.03.25-19.40.32:776][  0]LogConfig: Setting CVar [[r.DOF.Recombine.Quality:1                ; cheap slight out of focus]]
[2020.03.25-19.40.32:776][  0]LogConfig: Setting CVar [[r.DOF.Recombine.EnableBokehSettings:0    ; no bokeh simulation on slight out of focus]]
[2020.03.25-19.40.32:776][  0]LogConfig: Setting CVar [[r.DOF.TemporalAAQuality:1                ; more stable temporal accumulation]]
[2020.03.25-19.40.32:776][  0]LogConfig: Setting CVar [[r.DOF.Kernel.MaxForegroundRadius:0.025]]
[2020.03.25-19.40.32:776][  0]LogConfig: Setting CVar [[r.DOF.Kernel.MaxBackgroundRadius:0.025]]
[2020.03.25-19.40.32:776][  0]LogConfig: Applying CVar settings from Section [TextureQuality@3] File [D:/William Lau/Epic Games/Unreal Projects/GitHub Projects/CS447-3D-Game/CS447_3D_Game/Saved/Config/Windows/Scalability.ini]
[2020.03.25-19.40.32:776][  0]LogConfig: Setting CVar [[r.Streaming.MipBias:0]]
[2020.03.25-19.40.32:776][  0]LogConfig: Setting CVar [[r.Streaming.AmortizeCPUToGPUCopy:0]]
[2020.03.25-19.40.32:776][  0]LogConfig: Setting CVar [[r.Streaming.MaxNumTexturesToStreamPerFrame:0]]
[2020.03.25-19.40.32:776][  0]LogConfig: Setting CVar [[r.Streaming.Boost:1]]
[2020.03.25-19.40.32:776][  0]LogConfig: Setting CVar [[r.MaxAnisotropy:8]]
[2020.03.25-19.40.32:776][  0]LogConfig: Setting CVar [[r.Streaming.LimitPoolSizeToVRAM:0]]
[2020.03.25-19.40.32:776][  0]LogConfig: Setting CVar [[r.Streaming.PoolSize:1000]]
[2020.03.25-19.40.32:776][  0]LogConfig: Setting CVar [[r.Streaming.MaxEffectiveScreenSize:0]]
[2020.03.25-19.40.32:776][  0]LogConfig: Applying CVar settings from Section [EffectsQuality@3] File [D:/William Lau/Epic Games/Unreal Projects/GitHub Projects/CS447-3D-Game/CS447_3D_Game/Saved/Config/Windows/Scalability.ini]
[2020.03.25-19.40.32:776][  0]LogConfig: Setting CVar [[r.TranslucencyLightingVolumeDim:64]]
[2020.03.25-19.40.32:776][  0]LogConfig: Setting CVar [[r.RefractionQuality:2]]
[2020.03.25-19.40.32:776][  0]LogConfig: Setting CVar [[r.SSR.Quality:3]]
[2020.03.25-19.40.32:776][  0]LogConfig: Setting CVar [[r.SceneColorFormat:4]]
[2020.03.25-19.40.32:776][  0]LogConfig: Setting CVar [[r.DetailMode:2]]
[2020.03.25-19.40.32:776][  0]LogConfig: Setting CVar [[r.TranslucencyVolumeBlur:1]]
[2020.03.25-19.40.32:776][  0]LogConfig: Setting CVar [[r.MaterialQualityLevel:1 ; High quality]]
[2020.03.25-19.40.32:776][  0]LogConfig: Setting CVar [[r.SSS.Scale:1]]
[2020.03.25-19.40.32:776][  0]LogConfig: Setting CVar [[r.SSS.SampleSet:2]]
[2020.03.25-19.40.32:776][  0]LogConfig: Setting CVar [[r.SSS.Quality:1]]
[2020.03.25-19.40.32:776][  0]LogConfig: Setting CVar [[r.SSS.HalfRes:1]]
[2020.03.25-19.40.32:776][  0]LogConfig: Setting CVar [[r.EmitterSpawnRateScale:1.0]]
[2020.03.25-19.40.32:776][  0]LogConfig: Setting CVar [[r.ParticleLightQuality:2]]
[2020.03.25-19.40.32:776][  0]LogConfig: Applying CVar settings from Section [FoliageQuality@3] File [D:/William Lau/Epic Games/Unreal Projects/GitHub Projects/CS447-3D-Game/CS447_3D_Game/Saved/Config/Windows/Scalability.ini]
[2020.03.25-19.40.32:776][  0]LogConfig: Setting CVar [[foliage.DensityScale:1.0]]
[2020.03.25-19.40.32:777][  0]LogConfig: Setting CVar [[grass.DensityScale:1.0]]
[2020.03.25-19.40.32:777][  0]LogInit: Selected Device Profile: [Windows]
[2020.03.25-19.40.32:777][  0]LogInit: Applying CVar settings loaded from the selected device profile: [Windows]
[2020.03.25-19.40.32:798][  0]LogHAL: Display: Platform has ~ 16 GB [17129947136 / 17179869184 / 16], which maps to Larger [LargestMinGB=32, LargerMinGB=12, DefaultMinGB=8, SmallerMinGB=6, SmallestMinGB=0)
[2020.03.25-19.40.32:798][  0]LogConfig: Setting CVar [[r.Vulkan.UseRealUBs:0		; Required until we fix HLR fall-out]]
[2020.03.25-19.40.32:798][  0]LogInit: Going up to parent DeviceProfile []
[2020.03.25-19.40.32:799][  0]LogConfig: Applying CVar settings from Section [ViewDistanceQuality@3] File [D:/William Lau/Epic Games/Unreal Projects/GitHub Projects/CS447-3D-Game/CS447_3D_Game/Saved/Config/Windows/Scalability.ini]
[2020.03.25-19.40.32:799][  0]LogConfig: Setting CVar [[r.SkeletalMeshLODBias:0]]
[2020.03.25-19.40.32:799][  0]LogConfig: Setting CVar [[r.ViewDistanceScale:1.0]]
[2020.03.25-19.40.32:799][  0]LogConfig: Applying CVar settings from Section [AntiAliasingQuality@3] File [D:/William Lau/Epic Games/Unreal Projects/GitHub Projects/CS447-3D-Game/CS447_3D_Game/Saved/Config/Windows/Scalability.ini]
[2020.03.25-19.40.32:799][  0]LogConfig: Setting CVar [[r.PostProcessAAQuality:4]]
[2020.03.25-19.40.32:799][  0]LogConfig: Applying CVar settings from Section [ShadowQuality@3] File [D:/William Lau/Epic Games/Unreal Projects/GitHub Projects/CS447-3D-Game/CS447_3D_Game/Saved/Config/Windows/Scalability.ini]
[2020.03.25-19.40.32:799][  0]LogConfig: Setting CVar [[r.LightFunctionQuality:1]]
[2020.03.25-19.40.32:799][  0]LogConfig: Setting CVar [[r.ShadowQuality:5]]
[2020.03.25-19.40.32:799][  0]LogConfig: Setting CVar [[r.Shadow.CSM.MaxCascades:10]]
[2020.03.25-19.40.32:799][  0]LogConfig: Setting CVar [[r.Shadow.MaxResolution:2048]]
[2020.03.25-19.40.32:799][  0]LogConfig: Setting CVar [[r.Shadow.MaxCSMResolution:2048]]
[2020.03.25-19.40.32:799][  0]LogConfig: Setting CVar [[r.Shadow.RadiusThreshold:0.01]]
[2020.03.25-19.40.32:799][  0]LogConfig: Setting CVar [[r.Shadow.DistanceScale:1.0]]
[2020.03.25-19.40.32:799][  0]LogConfig: Setting CVar [[r.Shadow.CSM.TransitionScale:1.0]]
[2020.03.25-19.40.32:799][  0]LogConfig: Setting CVar [[r.Shadow.PreShadowResolutionFactor:1.0]]
[2020.03.25-19.40.32:799][  0]LogConfig: Setting CVar [[r.DistanceFieldShadowing:1]]
[2020.03.25-19.40.32:799][  0]LogConfig: Setting CVar [[r.DistanceFieldAO:1]]
[2020.03.25-19.40.32:799][  0]LogConfig: Setting CVar [[r.AOQuality:2]]
[2020.03.25-19.40.32:799][  0]LogConfig: Setting CVar [[r.VolumetricFog:1]]
[2020.03.25-19.40.32:799][  0]LogConfig: Setting CVar [[r.VolumetricFog.GridPixelSize:8]]
[2020.03.25-19.40.32:799][  0]LogConfig: Setting CVar [[r.VolumetricFog.GridSizeZ:128]]
[2020.03.25-19.40.32:799][  0]LogConfig: Setting CVar [[r.VolumetricFog.HistoryMissSupersampleCount:4]]
[2020.03.25-19.40.32:799][  0]LogConfig: Setting CVar [[r.LightMaxDrawDistanceScale:1]]
[2020.03.25-19.40.32:799][  0]LogConfig: Setting CVar [[r.CapsuleShadows:1]]
[2020.03.25-19.40.32:799][  0]LogConfig: Applying CVar settings from Section [PostProcessQuality@3] File [D:/William Lau/Epic Games/Unreal Projects/GitHub Projects/CS447-3D-Game/CS447_3D_Game/Saved/Config/Windows/Scalability.ini]
[2020.03.25-19.40.32:799][  0]LogConfig: Setting CVar [[r.MotionBlurQuality:4]]
[2020.03.25-19.40.32:799][  0]LogConfig: Setting CVar [[r.AmbientOcclusionMipLevelFactor:0.4]]
[2020.03.25-19.40.32:799][  0]LogConfig: Setting CVar [[r.AmbientOcclusionMaxQuality:100]]
[2020.03.25-19.40.32:799][  0]LogConfig: Setting CVar [[r.AmbientOcclusionLevels:-1]]
[2020.03.25-19.40.32:799][  0]LogConfig: Setting CVar [[r.AmbientOcclusionRadiusScale:1.0]]
[2020.03.25-19.40.32:799][  0]LogConfig: Setting CVar [[r.DepthOfFieldQuality:2]]
[2020.03.25-19.40.32:799][  0]LogConfig: Setting CVar [[r.RenderTargetPoolMin:400]]
[2020.03.25-19.40.32:799][  0]LogConfig: Setting CVar [[r.LensFlareQuality:2]]
[2020.03.25-19.40.32:799][  0]LogConfig: Setting CVar [[r.SceneColorFringeQuality:1]]
[2020.03.25-19.40.32:799][  0]LogConfig: Setting CVar [[r.EyeAdaptationQuality:2]]
[2020.03.25-19.40.32:799][  0]LogConfig: Setting CVar [[r.BloomQuality:5]]
[2020.03.25-19.40.32:799][  0]LogConfig: Setting CVar [[r.FastBlurThreshold:100]]
[2020.03.25-19.40.32:799][  0]LogConfig: Setting CVar [[r.Upscale.Quality:3]]
[2020.03.25-19.40.32:799][  0]LogConfig: Setting CVar [[r.Tonemapper.GrainQuantization:1]]
[2020.03.25-19.40.32:799][  0]LogConfig: Setting CVar [[r.LightShaftQuality:1]]
[2020.03.25-19.40.32:799][  0]LogConfig: Setting CVar [[r.Filter.SizeScale:1]]
[2020.03.25-19.40.32:799][  0]LogConfig: Setting CVar [[r.Tonemapper.Quality:5]]
[2020.03.25-19.40.32:799][  0]LogConfig: Setting CVar [[r.DOF.Gather.AccumulatorQuality:1        ; higher gathering accumulator quality]]
[2020.03.25-19.40.32:799][  0]LogConfig: Setting CVar [[r.DOF.Gather.PostfilterMethod:1          ; Median3x3 postfilering method]]
[2020.03.25-19.40.32:799][  0]LogConfig: Setting CVar [[r.DOF.Gather.EnableBokehSettings:0       ; no bokeh simulation when gathering]]
[2020.03.25-19.40.32:799][  0]LogConfig: Setting CVar [[r.DOF.Gather.RingCount:4                 ; medium number of samples when gathering]]
[2020.03.25-19.40.32:799][  0]LogConfig: Setting CVar [[r.DOF.Scatter.ForegroundCompositing:1    ; additive foreground scattering]]
[2020.03.25-19.40.32:799][  0]LogConfig: Setting CVar [[r.DOF.Scatter.BackgroundCompositing:2    ; additive background scattering]]
[2020.03.25-19.40.32:799][  0]LogConfig: Setting CVar [[r.DOF.Scatter.EnableBokehSettings:1      ; bokeh simulation when scattering]]
[2020.03.25-19.40.32:799][  0]LogConfig: Setting CVar [[r.DOF.Scatter.MaxSpriteRatio:0.1         ; only a maximum of 10% of scattered bokeh]]
[2020.03.25-19.40.32:799][  0]LogConfig: Setting CVar [[r.DOF.Recombine.Quality:1                ; cheap slight out of focus]]
[2020.03.25-19.40.32:799][  0]LogConfig: Setting CVar [[r.DOF.Recombine.EnableBokehSettings:0    ; no bokeh simulation on slight out of focus]]
[2020.03.25-19.40.32:799][  0]LogConfig: Setting CVar [[r.DOF.TemporalAAQuality:1                ; more stable temporal accumulation]]
[2020.03.25-19.40.32:799][  0]LogConfig: Setting CVar [[r.DOF.Kernel.MaxForegroundRadius:0.025]]
[2020.03.25-19.40.32:799][  0]LogConfig: Setting CVar [[r.DOF.Kernel.MaxBackgroundRadius:0.025]]
[2020.03.25-19.40.32:799][  0]LogConfig: Applying CVar settings from Section [TextureQuality@3] File [D:/William Lau/Epic Games/Unreal Projects/GitHub Projects/CS447-3D-Game/CS447_3D_Game/Saved/Config/Windows/Scalability.ini]
[2020.03.25-19.40.32:799][  0]LogConfig: Setting CVar [[r.Streaming.MipBias:0]]
[2020.03.25-19.40.32:799][  0]LogConfig: Setting CVar [[r.Streaming.AmortizeCPUToGPUCopy:0]]
[2020.03.25-19.40.32:799][  0]LogConfig: Setting CVar [[r.Streaming.MaxNumTexturesToStreamPerFrame:0]]
[2020.03.25-19.40.32:799][  0]LogConfig: Setting CVar [[r.Streaming.Boost:1]]
[2020.03.25-19.40.32:799][  0]LogConfig: Setting CVar [[r.MaxAnisotropy:8]]
[2020.03.25-19.40.32:799][  0]LogConfig: Setting CVar [[r.Streaming.LimitPoolSizeToVRAM:0]]
[2020.03.25-19.40.32:799][  0]LogConfig: Setting CVar [[r.Streaming.PoolSize:1000]]
[2020.03.25-19.40.32:799][  0]LogConfig: Setting CVar [[r.Streaming.MaxEffectiveScreenSize:0]]
[2020.03.25-19.40.32:799][  0]LogConfig: Applying CVar settings from Section [EffectsQuality@3] File [D:/William Lau/Epic Games/Unreal Projects/GitHub Projects/CS447-3D-Game/CS447_3D_Game/Saved/Config/Windows/Scalability.ini]
[2020.03.25-19.40.32:799][  0]LogConfig: Setting CVar [[r.TranslucencyLightingVolumeDim:64]]
[2020.03.25-19.40.32:799][  0]LogConfig: Setting CVar [[r.RefractionQuality:2]]
[2020.03.25-19.40.32:799][  0]LogConfig: Setting CVar [[r.SSR.Quality:3]]
[2020.03.25-19.40.32:799][  0]LogConfig: Setting CVar [[r.SceneColorFormat:4]]
[2020.03.25-19.40.32:800][  0]LogConfig: Setting CVar [[r.DetailMode:2]]
[2020.03.25-19.40.32:800][  0]LogConfig: Setting CVar [[r.TranslucencyVolumeBlur:1]]
[2020.03.25-19.40.32:800][  0]LogConfig: Setting CVar [[r.MaterialQualityLevel:1 ; High quality]]
[2020.03.25-19.40.32:800][  0]LogConfig: Setting CVar [[r.SSS.Scale:1]]
[2020.03.25-19.40.32:800][  0]LogConfig: Setting CVar [[r.SSS.SampleSet:2]]
[2020.03.25-19.40.32:800][  0]LogConfig: Setting CVar [[r.SSS.Quality:1]]
[2020.03.25-19.40.32:800][  0]LogConfig: Setting CVar [[r.SSS.HalfRes:1]]
[2020.03.25-19.40.32:800][  0]LogConfig: Setting CVar [[r.EmitterSpawnRateScale:1.0]]
[2020.03.25-19.40.32:800][  0]LogConfig: Setting CVar [[r.ParticleLightQuality:2]]
[2020.03.25-19.40.32:800][  0]LogConfig: Applying CVar settings from Section [FoliageQuality@3] File [D:/William Lau/Epic Games/Unreal Projects/GitHub Projects/CS447-3D-Game/CS447_3D_Game/Saved/Config/Windows/Scalability.ini]
[2020.03.25-19.40.32:800][  0]LogConfig: Setting CVar [[foliage.DensityScale:1.0]]
[2020.03.25-19.40.32:800][  0]LogConfig: Setting CVar [[grass.DensityScale:1.0]]
[2020.03.25-19.40.32:800][  0]LogConfig: Applying CVar settings from Section [Startup] File [../../../Engine/Config/ConsoleVariables.ini]
[2020.03.25-19.40.32:800][  0]LogConfig: Setting CVar [[net.UseAdaptiveNetUpdateFrequency:0]]
[2020.03.25-19.40.32:800][  0]LogConfig: Setting CVar [[p.chaos.AllowCreatePhysxBodies:1]]
[2020.03.25-19.40.32:800][  0]LogConfig: Applying CVar settings from Section [ConsoleVariables] File [D:/William Lau/Epic Games/Unreal Projects/GitHub Projects/CS447-3D-Game/CS447_3D_Game/Saved/Config/Windows/Engine.ini]
[2020.03.25-19.40.32:800][  0]LogInit: Computer: DESKTOP-8V9CDJI
[2020.03.25-19.40.32:800][  0]LogInit: User: WilliamLau
[2020.03.25-19.40.32:800][  0]LogInit: CPU Page size=4096, Cores=6
[2020.03.25-19.40.32:800][  0]LogInit: High frequency timer resolution =10.000000 MHz
[2020.03.25-19.40.32:800][  0]LogMemory: Memory total: Physical=16.0GB (16GB approx)
[2020.03.25-19.40.32:800][  0]LogMemory: Platform Memory Stats for Windows
[2020.03.25-19.40.32:800][  0]LogMemory: Process Physical Memory: 98.63 MB used, 98.64 MB peak
[2020.03.25-19.40.32:800][  0]LogMemory: Process Virtual Memory: 89.77 MB used, 89.77 MB peak
[2020.03.25-19.40.32:800][  0]LogMemory: Physical Memory: 6925.34 MB used,  9411.05 MB free, 16336.39 MB total
[2020.03.25-19.40.32:800][  0]LogMemory: Virtual Memory: 4660.49 MB used,  134213064.00 MB free, 134217728.00 MB total
[2020.03.25-19.40.32:824][  0]LogInit: Using OS detected language (en-US).
[2020.03.25-19.40.32:824][  0]LogInit: Using OS detected locale (en-US).
[2020.03.25-19.40.32:825][  0]LogTextLocalizationManager: No specific localization for 'en-US' exists, so the 'en' localization will be used.
[2020.03.25-19.40.33:002][  0]LogInit: Setting process to per monitor DPI aware
[2020.03.25-19.40.33:078][  0]LogSlate: New Slate User Created.  User Index 0, Is Virtual User: 0
[2020.03.25-19.40.33:078][  0]LogSlate: Slate User Registered.  User Index 0, Is Virtual User: 0
[2020.03.25-19.40.33:364][  0]LogHMD: Failed to initialize OpenVR with code 110
[2020.03.25-19.40.33:364][  0]LogD3D11RHI: D3D11 adapters:
[2020.03.25-19.40.33:456][  0]LogD3D11RHI:    0. 'NVIDIA GeForce GTX 1060 6GB' (Feature Level 11_0)
[2020.03.25-19.40.33:456][  0]LogD3D11RHI:       6052/0/8168 MB DedicatedVideo/DedicatedSystem/SharedSystem, Outputs:1, VendorId:0x10de
[2020.03.25-19.40.33:459][  0]LogD3D11RHI:    1. 'Microsoft Basic Render Driver' (Feature Level 11_0)
[2020.03.25-19.40.33:459][  0]LogD3D11RHI:       0/0/8168 MB DedicatedVideo/DedicatedSystem/SharedSystem, Outputs:0, VendorId:0x1414
[2020.03.25-19.40.33:459][  0]LogD3D11RHI: Chosen D3D11 Adapter: 0
[2020.03.25-19.40.33:470][  0]LogD3D11RHI: Creating new Direct3DDevice
[2020.03.25-19.40.33:470][  0]LogD3D11RHI:     GPU DeviceId: 0x1c03 (for the marketing name, search the web for "GPU Device Id")
[2020.03.25-19.40.33:470][  0]LogWindows: EnumDisplayDevices:
[2020.03.25-19.40.33:470][  0]LogWindows:    0. 'NVIDIA GeForce GTX 1060 6GB' (P:1 D:1)
[2020.03.25-19.40.33:470][  0]LogWindows:    1. 'NVIDIA GeForce GTX 1060 6GB' (P:0 D:0)
[2020.03.25-19.40.33:470][  0]LogWindows:    2. 'NVIDIA GeForce GTX 1060 6GB' (P:0 D:0)
[2020.03.25-19.40.33:471][  0]LogWindows:    3. 'NVIDIA GeForce GTX 1060 6GB' (P:0 D:0)
[2020.03.25-19.40.33:471][  0]LogWindows: DebugString: FoundDriverCount:4 
[2020.03.25-19.40.33:471][  0]LogD3D11RHI:     Adapter Name: NVIDIA GeForce GTX 1060 6GB
[2020.03.25-19.40.33:471][  0]LogD3D11RHI:   Driver Version: 445.75 (internal:26.21.14.4575, unified:445.75)
[2020.03.25-19.40.33:471][  0]LogD3D11RHI:      Driver Date: 3-17-2020
[2020.03.25-19.40.33:471][  0]LogRHI: Texture pool is 4236 MB (70% of 6052 MB)
[2020.03.25-19.40.33:533][  0]LogD3D11RHI: Async texture creation enabled
[2020.03.25-19.40.33:542][  0]LogRendererCore: FGlobalReadBuffer::InitRHI
[2020.03.25-19.40.33:542][  0]LogRendererCore: FGlobalReadBuffer::InitRHI
[2020.03.25-19.40.33:542][  0]LogRendererCore: FGlobalReadBuffer::InitRHI
[2020.03.25-19.40.33:550][  0]LogD3D11RHI: GPU Timing Frequency: 1000.000000 (Debug: 2 1)
[2020.03.25-19.40.33:552][  0]LogD3D11RHI: HDR output is supported on display 0 (NvId: 0x80061085).
[2020.03.25-19.40.33:854][  0]LogTemp: Display: Module 'AllDesktopTargetPlatform' loaded TargetPlatform 'AllDesktop'
[2020.03.25-19.40.33:872][  0]LogTemp: Display: Module 'MacClientTargetPlatform' loaded TargetPlatform 'MacClient'
[2020.03.25-19.40.33:891][  0]LogTemp: Display: Module 'MacNoEditorTargetPlatform' loaded TargetPlatform 'MacNoEditor'
[2020.03.25-19.40.33:912][  0]LogTemp: Display: Module 'MacServerTargetPlatform' loaded TargetPlatform 'MacServer'
[2020.03.25-19.40.33:931][  0]LogTemp: Display: Module 'MacTargetPlatform' loaded TargetPlatform 'Mac'
[2020.03.25-19.40.33:948][  0]LogTemp: Display: Module 'WindowsClientTargetPlatform' loaded TargetPlatform 'WindowsClient'
[2020.03.25-19.40.33:964][  0]LogTemp: Display: Module 'WindowsNoEditorTargetPlatform' loaded TargetPlatform 'WindowsNoEditor'
[2020.03.25-19.40.33:980][  0]LogTemp: Display: Module 'WindowsServerTargetPlatform' loaded TargetPlatform 'WindowsServer'
[2020.03.25-19.40.33:988][  0]LogTemp: Display: Module 'WindowsTargetPlatform' loaded TargetPlatform 'Windows'
[2020.03.25-19.40.34:104][  0]LogTemp: Display: Module 'AndroidTargetPlatform' loaded TargetPlatform 'Android'
[2020.03.25-19.40.34:104][  0]LogTemp: Display: Module 'AndroidTargetPlatform' loaded TargetPlatform 'Android_ASTC'
[2020.03.25-19.40.34:104][  0]LogTemp: Display: Module 'AndroidTargetPlatform' loaded TargetPlatform 'Android_ATC'
[2020.03.25-19.40.34:104][  0]LogTemp: Display: Module 'AndroidTargetPlatform' loaded TargetPlatform 'Android_DXT'
[2020.03.25-19.40.34:104][  0]LogTemp: Display: Module 'AndroidTargetPlatform' loaded TargetPlatform 'Android_ETC1'
[2020.03.25-19.40.34:104][  0]LogTemp: Display: Module 'AndroidTargetPlatform' loaded TargetPlatform 'Android_ETC1a'
[2020.03.25-19.40.34:104][  0]LogTemp: Display: Module 'AndroidTargetPlatform' loaded TargetPlatform 'Android_ETC2'
[2020.03.25-19.40.34:104][  0]LogTemp: Display: Module 'AndroidTargetPlatform' loaded TargetPlatform 'Android_PVRTC'
[2020.03.25-19.40.34:104][  0]LogTemp: Display: Module 'AndroidTargetPlatform' loaded TargetPlatform 'AndroidClient'
[2020.03.25-19.40.34:104][  0]LogTemp: Display: Module 'AndroidTargetPlatform' loaded TargetPlatform 'Android_ASTCClient'
[2020.03.25-19.40.34:104][  0]LogTemp: Display: Module 'AndroidTargetPlatform' loaded TargetPlatform 'Android_ATCClient'
[2020.03.25-19.40.34:104][  0]LogTemp: Display: Module 'AndroidTargetPlatform' loaded TargetPlatform 'Android_DXTClient'
[2020.03.25-19.40.34:104][  0]LogTemp: Display: Module 'AndroidTargetPlatform' loaded TargetPlatform 'Android_ETC1Client'
[2020.03.25-19.40.34:104][  0]LogTemp: Display: Module 'AndroidTargetPlatform' loaded TargetPlatform 'Android_ETC1aClient'
[2020.03.25-19.40.34:104][  0]LogTemp: Display: Module 'AndroidTargetPlatform' loaded TargetPlatform 'Android_ETC2Client'
[2020.03.25-19.40.34:104][  0]LogTemp: Display: Module 'AndroidTargetPlatform' loaded TargetPlatform 'Android_PVRTCClient'
[2020.03.25-19.40.34:104][  0]LogTemp: Display: Module 'AndroidTargetPlatform' loaded TargetPlatform 'Android_Multi'
[2020.03.25-19.40.34:104][  0]LogTemp: Display: Module 'AndroidTargetPlatform' loaded TargetPlatform 'Android_MultiClient'
[2020.03.25-19.40.34:107][  0]LogTemp: Display: Module 'HTML5TargetPlatform' loaded TargetPlatform 'HTML5'
[2020.03.25-19.40.34:171][  0]LogTemp: Display: Module 'IOSTargetPlatform' loaded TargetPlatform 'IOSClient'
[2020.03.25-19.40.34:171][  0]LogTemp: Display: Module 'IOSTargetPlatform' loaded TargetPlatform 'IOS'
[2020.03.25-19.40.34:206][  0]LogTemp: Display: Module 'TVOSTargetPlatform' loaded TargetPlatform 'TVOSClient'
[2020.03.25-19.40.34:206][  0]LogTemp: Display: Module 'TVOSTargetPlatform' loaded TargetPlatform 'TVOS'
[2020.03.25-19.40.34:221][  0]LogTemp: Display: Module 'LinuxClientTargetPlatform' loaded TargetPlatform 'LinuxClient'
[2020.03.25-19.40.34:236][  0]LogTemp: Display: Module 'LinuxNoEditorTargetPlatform' loaded TargetPlatform 'LinuxNoEditor'
[2020.03.25-19.40.34:251][  0]LogTemp: Display: Module 'LinuxServerTargetPlatform' loaded TargetPlatform 'LinuxServer'
[2020.03.25-19.40.34:266][  0]LogTemp: Display: Module 'LinuxTargetPlatform' loaded TargetPlatform 'Linux'
[2020.03.25-19.40.34:318][  0]LogTemp: Display: Module 'LuminTargetPlatform' loaded TargetPlatform 'Lumin'
[2020.03.25-19.40.34:318][  0]LogTemp: Display: Module 'LuminTargetPlatform' loaded TargetPlatform 'LuminClient'
[2020.03.25-19.40.34:318][  0]LogTargetPlatformManager: Display: Building Assets For Windows
[2020.03.25-19.40.34:326][  0]LogAudioDebug: Display: Lib vorbis DLL was dynamically loaded.
[2020.03.25-19.40.34:365][  0]LogShaderCompilers: Guid format shader working directory is -19 characters bigger than the processId version (../../../../Unreal Projects/GitHub Projects/CS447-3D-Game/CS447_3D_Game/Intermediate/Shaders/WorkingDirectory/5468/).
[2020.03.25-19.40.34:366][  0]LogShaderCompilers: Cleaned the shader compiler working directory 'C:/Users/William Lau/AppData/Local/Temp/UnrealShaderWorkingDir/4EA878A847B1CB38110E9698C93AB77B/'.
[2020.03.25-19.40.34:367][  0]LogXGEController: Cannot use XGE Controller as Incredibuild is not installed on this machine.
[2020.03.25-19.40.34:367][  0]LogShaderCompilers: Cannot use XGE Shader Compiler as Incredibuild is not installed on this machine.
[2020.03.25-19.40.34:367][  0]LogShaderCompilers: Display: Using Local Shader Compiler.
[2020.03.25-19.40.34:945][  0]LogDerivedDataCache: Display: Max Cache Size: 512 MB
[2020.03.25-19.40.34:993][  0]LogDerivedDataCache: Loaded boot cache 0.05s 71MB C:/Users/William Lau/AppData/Local/UnrealEngine/4.22/DerivedDataCache/Boot.ddc.
[2020.03.25-19.40.34:994][  0]LogDerivedDataCache: Display: Loaded Boot cache: C:/Users/William Lau/AppData/Local/UnrealEngine/4.22/DerivedDataCache/Boot.ddc
[2020.03.25-19.40.34:994][  0]LogDerivedDataCache: FDerivedDataBackendGraph:  Pak pak cache file ../../../../Unreal Projects/GitHub Projects/CS447-3D-Game/CS447_3D_Game/DerivedDataCache/DDC.ddp not found, will not use a pak cache.
[2020.03.25-19.40.34:994][  0]LogDerivedDataCache: Unable to find inner node Pak for hierarchical cache Hierarchy.
[2020.03.25-19.40.34:994][  0]LogDerivedDataCache: FDerivedDataBackendGraph:  CompressedPak pak cache file ../../../../Unreal Projects/GitHub Projects/CS447-3D-Game/CS447_3D_Game/DerivedDataCache/Compressed.ddp not found, will not use a pak cache.
[2020.03.25-19.40.34:994][  0]LogDerivedDataCache: Unable to find inner node CompressedPak for hierarchical cache Hierarchy.
[2020.03.25-19.40.35:007][  0]LogDerivedDataCache: Display: Pak cache opened for reading ../../../Engine/DerivedDataCache/Compressed.ddp.
[2020.03.25-19.40.35:007][  0]LogDerivedDataCache: FDerivedDataBackendGraph:  EnterprisePak pak cache file ../../../Enterprise/DerivedDataCache/Compressed.ddp not found, will not use a pak cache.
[2020.03.25-19.40.35:007][  0]LogDerivedDataCache: Unable to find inner node EnterprisePak for hierarchical cache Hierarchy.
[2020.03.25-19.40.35:019][  0]LogDerivedDataCache: Using Local data cache path C:/Users/William Lau/AppData/Local/UnrealEngine/Common/DerivedDataCache: Writable
[2020.03.25-19.40.35:019][  0]LogDerivedDataCache: Shared data cache path not found in *engine.ini, will not use an Shared cache.
[2020.03.25-19.40.35:019][  0]LogDerivedDataCache: Unable to find inner node Shared for hierarchical cache Hierarchy.
[2020.03.25-19.40.35:042][  0]LogMaterial: Verifying Global Shaders for PCD3D_SM5
[2020.03.25-19.40.35:044][  0]LogSlate: Using FreeType 2.6.0
[2020.03.25-19.40.35:045][  0]LogSlate: SlateFontServices - WITH_FREETYPE: 1, WITH_HARFBUZZ: 1
[2020.03.25-19.40.35:143][  0]LogAssetRegistry: FAssetRegistry took 0.0365 seconds to start up
[2020.03.25-19.40.35:516][  0]LogInit: Selected Device Profile: [Windows]
[2020.03.25-19.40.35:649][  0]LogMeshReduction: Using QuadricMeshReduction for automatic static mesh reduction
[2020.03.25-19.40.35:649][  0]LogMeshReduction: Using SimplygonMeshReduction for automatic skeletal mesh reduction
[2020.03.25-19.40.35:649][  0]LogMeshReduction: Using ProxyLODMeshReduction for automatic mesh merging
[2020.03.25-19.40.35:649][  0]LogMeshReduction: No distributed automatic mesh merging module available
[2020.03.25-19.40.35:649][  0]LogMeshMerging: No distributed automatic mesh merging module available
[2020.03.25-19.40.35:660][  0]LogNetVersion: CS447_3D_Game 1.0.0, NetCL: 5660361, EngineNetVer: 10, GameNetVer: 0 (Checksum: 3870487450)
[2020.03.25-19.40.36:088][  0]LogPackageLocalizationCache: Processed 10 localized package path(s) for 1 prioritized culture(s) in 0.051802 seconds
[2020.03.25-19.40.36:096][  0]LogUObjectArray: 42205 objects as part of root set at end of initial load.
[2020.03.25-19.40.36:096][  0]LogUObjectAllocator: 7325032 out of 0 bytes used by permanent object pool.
[2020.03.25-19.40.36:096][  0]LogUObjectArray: CloseDisregardForGC: 0/0 objects in disregard for GC pool
[2020.03.25-19.40.37:089][  0]LogTcpMessaging: Initializing TcpMessaging bridge
[2020.03.25-19.40.37:104][  0]LogUdpMessaging: Initializing bridge on interface 0.0.0.0:0 to multicast group 230.0.0.1:6666.
[2020.03.25-19.40.37:216][  0]SourceControl: Source control is disabled
[2020.03.25-19.40.37:217][  0]LogWindows: Warning: CreateProc failed: The system cannot find the file specified. (0x00000002)
[2020.03.25-19.40.37:217][  0]LogWindows: Warning: URL: C:/Program Files/Git/bin/git.exe version
[2020.03.25-19.40.37:217][  0]LogWindows: Warning: CreateProc failed: The system cannot find the file specified. (0x00000002)
[2020.03.25-19.40.37:217][  0]LogWindows: Warning: URL: C:/Program Files (x86)/Git/bin/git.exe version
[2020.03.25-19.40.37:218][  0]LogWindows: Warning: CreateProc failed: The system cannot find the file specified. (0x00000002)
[2020.03.25-19.40.37:218][  0]LogWindows: Warning: URL: C:\Users\William Lau\AppData\Local/Programs/Git/cmd/git.exe version
[2020.03.25-19.40.37:218][  0]LogWindows: Warning: CreateProc failed: The system cannot find the file specified. (0x00000002)
[2020.03.25-19.40.37:218][  0]LogWindows: Warning: URL: C:/Program Files (x86)/SmartGit/git/bin/git.exe version
[2020.03.25-19.40.37:218][  0]LogWindows: Warning: CreateProc failed: The system cannot find the file specified. (0x00000002)
[2020.03.25-19.40.37:218][  0]LogWindows: Warning: URL: C:/Program Files (x86)/SmartGit/bin/git.exe version
[2020.03.25-19.40.37:218][  0]LogWindows: Warning: CreateProc failed: The system cannot find the file specified. (0x00000002)
[2020.03.25-19.40.37:218][  0]LogWindows: Warning: URL: C:\Users\William Lau\AppData\Local/Atlassian/SourceTree/git_local/bin/git.exe version
[2020.03.25-19.40.37:219][  0]LogWindows: Warning: CreateProc failed: The system cannot find the file specified. (0x00000002)
[2020.03.25-19.40.37:219][  0]LogWindows: Warning: URL: C:/Program Files (x86)/fournova/Tower/vendor/Git/bin/git.exe version
[2020.03.25-19.40.37:220][  0]LogWindows: Warning: CreateProc failed: The system cannot find the file specified. (0x00000002)
[2020.03.25-19.40.37:220][  0]LogWindows: Warning: URL: C:/Program Files/Git/bin/git.exe version
[2020.03.25-19.40.37:221][  0]LogWindows: Warning: CreateProc failed: The system cannot find the file specified. (0x00000002)
[2020.03.25-19.40.37:221][  0]LogWindows: Warning: URL: C:/Program Files (x86)/Git/bin/git.exe version
[2020.03.25-19.40.37:221][  0]LogWindows: Warning: CreateProc failed: The system cannot find the file specified. (0x00000002)
[2020.03.25-19.40.37:221][  0]LogWindows: Warning: URL: C:\Users\William Lau\AppData\Local/Programs/Git/cmd/git.exe version
[2020.03.25-19.40.37:221][  0]LogWindows: Warning: CreateProc failed: The system cannot find the file specified. (0x00000002)
[2020.03.25-19.40.37:221][  0]LogWindows: Warning: URL: C:/Program Files (x86)/SmartGit/git/bin/git.exe version
[2020.03.25-19.40.37:222][  0]LogWindows: Warning: CreateProc failed: The system cannot find the file specified. (0x00000002)
[2020.03.25-19.40.37:222][  0]LogWindows: Warning: URL: C:/Program Files (x86)/SmartGit/bin/git.exe version
[2020.03.25-19.40.37:222][  0]LogWindows: Warning: CreateProc failed: The system cannot find the file specified. (0x00000002)
[2020.03.25-19.40.37:222][  0]LogWindows: Warning: URL: C:\Users\William Lau\AppData\Local/Atlassian/SourceTree/git_local/bin/git.exe version
[2020.03.25-19.40.37:222][  0]LogWindows: Warning: CreateProc failed: The system cannot find the file specified. (0x00000002)
[2020.03.25-19.40.37:222][  0]LogWindows: Warning: URL: C:/Program Files (x86)/fournova/Tower/vendor/Git/bin/git.exe version
[2020.03.25-19.40.37:223][  0]LogWindows: Warning: CreateProc failed: The system cannot find the file specified. (0x00000002)
[2020.03.25-19.40.37:223][  0]LogWindows: Warning: URL: C:/Program Files/Git/bin/git.exe version
[2020.03.25-19.40.37:224][  0]LogWindows: Warning: CreateProc failed: The system cannot find the file specified. (0x00000002)
[2020.03.25-19.40.37:224][  0]LogWindows: Warning: URL: C:/Program Files (x86)/Git/bin/git.exe version
[2020.03.25-19.40.37:224][  0]LogWindows: Warning: CreateProc failed: The system cannot find the file specified. (0x00000002)
[2020.03.25-19.40.37:224][  0]LogWindows: Warning: URL: C:\Users\William Lau\AppData\Local/Programs/Git/cmd/git.exe version
[2020.03.25-19.40.37:224][  0]LogWindows: Warning: CreateProc failed: The system cannot find the file specified. (0x00000002)
[2020.03.25-19.40.37:224][  0]LogWindows: Warning: URL: C:/Program Files (x86)/SmartGit/git/bin/git.exe version
[2020.03.25-19.40.37:225][  0]LogWindows: Warning: CreateProc failed: The system cannot find the file specified. (0x00000002)
[2020.03.25-19.40.37:225][  0]LogWindows: Warning: URL: C:/Program Files (x86)/SmartGit/bin/git.exe version
[2020.03.25-19.40.37:225][  0]LogWindows: Warning: CreateProc failed: The system cannot find the file specified. (0x00000002)
[2020.03.25-19.40.37:225][  0]LogWindows: Warning: URL: C:\Users\William Lau\AppData\Local/Atlassian/SourceTree/git_local/bin/git.exe version
[2020.03.25-19.40.37:225][  0]LogWindows: Warning: CreateProc failed: The system cannot find the file specified. (0x00000002)
[2020.03.25-19.40.37:225][  0]LogWindows: Warning: URL: C:/Program Files (x86)/fournova/Tower/vendor/Git/bin/git.exe version
[2020.03.25-19.40.37:236][  0]LogVSAccessor: Display: Unable to create Visual Studio setup instance: 80040154
[2020.03.25-19.40.37:236][  0]LogVSAccessor: Display: Unable to create Visual Studio setup instance: 80040154
[2020.03.25-19.40.37:313][  0]LogAndroidPermission: UAndroidPermissionCallbackProxy::GetInstance
[2020.03.25-19.40.37:416][  0]LogOcInput: OculusInput pre-init called
[2020.03.25-19.40.38:217][  0]LogEngine: Initializing Engine...
[2020.03.25-19.40.38:218][  0]LogHMD: Failed to initialize OpenVR with code 110
[2020.03.25-19.40.38:219][  0]LogStats: UGameplayTagsManager::InitializeManager -  0.000 s
[2020.03.25-19.40.38:429][  0]LogInit: Initializing FReadOnlyCVARCache
[2020.03.25-19.40.38:439][  0]LogAIModule: Creating AISystem for world Untitled
[2020.03.25-19.40.38:468][  0]LogInit: XAudio2 using 'Headset Earphone (HyperX Virtual Surround Sound)' : 2 channels at 48 kHz using 16 bits per sample (channel mask 0x3)
[2020.03.25-19.40.38:496][  0]LogInit: FAudioDevice initialized.
[2020.03.25-19.40.38:496][  0]LogNetVersion: Set ProjectVersion to 1.0.0.0. Version Checksum will be recalculated on next use.
[2020.03.25-19.40.38:589][  0]LogDerivedDataCache: Saved boot cache 0.09s 71MB C:/Users/William Lau/AppData/Local/UnrealEngine/4.22/DerivedDataCache/Boot.ddc.
[2020.03.25-19.40.38:599][  0]LogInit: Texture streaming: Enabled
[2020.03.25-19.40.38:615][  0]LogEngineSessionManager: EngineSessionManager initialized
[2020.03.25-19.40.38:636][  0]LogInit: Transaction tracking system initialized
[2020.03.25-19.40.38:652][  0]BlueprintLog: New page: Editor Load
[2020.03.25-19.40.38:720][  0]LocalizationService: Localization service is disabled
[2020.03.25-19.40.38:843][  0]LogVSAccessor: Display: Unable to create Visual Studio setup instance: 80040154
[2020.03.25-19.40.38:843][  0]LogVSAccessor: Display: Unable to create Visual Studio setup instance: 80040154
[2020.03.25-19.40.39:009][  0]LogFileCache: Scanning file cache for directory 'D:/William Lau/Epic Games/Unreal Projects/GitHub Projects/CS447-3D-Game/CS447_3D_Game/Content/' took 0.02s
[2020.03.25-19.40.39:009][  0]LogCook: Display: Max memory allowance for cook 16384mb min free memory 0mb
[2020.03.25-19.40.39:009][  0]LogCook: Display: Mobile HDR setting 1
[2020.03.25-19.40.39:194][  0]LogWindows: Warning: CreateProc failed: The system cannot find the file specified. (0x00000002)
[2020.03.25-19.40.39:194][  0]LogWindows: Warning: URL: C:/Program Files/Git/bin/git.exe version
[2020.03.25-19.40.39:194][  0]LogWindows: Warning: CreateProc failed: The system cannot find the file specified. (0x00000002)
[2020.03.25-19.40.39:194][  0]LogWindows: Warning: URL: C:/Program Files (x86)/Git/bin/git.exe version
[2020.03.25-19.40.39:195][  0]LogWindows: Warning: CreateProc failed: The system cannot find the file specified. (0x00000002)
[2020.03.25-19.40.39:195][  0]LogWindows: Warning: URL: C:\Users\William Lau\AppData\Local/Programs/Git/cmd/git.exe version
[2020.03.25-19.40.39:195][  0]LogWindows: Warning: CreateProc failed: The system cannot find the file specified. (0x00000002)
[2020.03.25-19.40.39:195][  0]LogWindows: Warning: URL: C:/Program Files (x86)/SmartGit/git/bin/git.exe version
[2020.03.25-19.40.39:195][  0]LogWindows: Warning: CreateProc failed: The system cannot find the file specified. (0x00000002)
[2020.03.25-19.40.39:195][  0]LogWindows: Warning: URL: C:/Program Files (x86)/SmartGit/bin/git.exe version
[2020.03.25-19.40.39:196][  0]LogWindows: Warning: CreateProc failed: The system cannot find the file specified. (0x00000002)
[2020.03.25-19.40.39:196][  0]LogWindows: Warning: URL: C:\Users\William Lau\AppData\Local/Atlassian/SourceTree/git_local/bin/git.exe version
[2020.03.25-19.40.39:196][  0]LogWindows: Warning: CreateProc failed: The system cannot find the file specified. (0x00000002)
[2020.03.25-19.40.39:196][  0]LogWindows: Warning: URL: C:/Program Files (x86)/fournova/Tower/vendor/Git/bin/git.exe version
[2020.03.25-19.40.39:196][  0]Cmd: MAP LOAD FILE="../../../../Unreal Projects/GitHub Projects/CS447-3D-Game/CS447_3D_Game/Content/ThirdPersonBP/Maps/ThirdPersonExampleMap.umap" TEMPLATE=0 SHOWPROGRESS=1 FEATURELEVEL=3
[2020.03.25-19.40.39:197][  0]LightingResults: New page: Lighting Build
[2020.03.25-19.40.39:199][  0]MapCheck: New page: Map Check
[2020.03.25-19.40.39:199][  0]LightingResults: New page: Lighting Build
[2020.03.25-19.40.39:234][  0]LogUObjectHash: Compacting FUObjectHashTables data took   1.66ms
[2020.03.25-19.40.39:531][  0]LogLinker: Warning: Can't find file '/Game/FreeFurniturePack/Textures/T_Classic_Commode_A'
[2020.03.25-19.40.39:531][  0]LogLinker: Warning: Can't find file for asset '/Game/FreeFurniturePack/Textures/T_Classic_Commode_A' while loading NULL.
[2020.03.25-19.40.39:531][  0]LogLinker: Warning: Can't find file '/Game/FreeFurniturePack/Textures/T_Classic_Commode_M_R_AO'
[2020.03.25-19.40.39:531][  0]LogLinker: Warning: Can't find file for asset '/Game/FreeFurniturePack/Textures/T_Classic_Commode_M_R_AO' while loading NULL.
[2020.03.25-19.40.39:531][  0]LogLinker: Warning: Can't find file '/Game/FreeFurniturePack/Textures/T_Classic_Commode_N'
[2020.03.25-19.40.39:532][  0]LogLinker: Warning: Can't find file for asset '/Game/FreeFurniturePack/Textures/T_Classic_Commode_N' while loading NULL.
[2020.03.25-19.40.39:532][  0]LogLinker: Warning: Can't find file '/Game/FreeFurniturePack/Textures/T_Classic_Commode_A'
[2020.03.25-19.40.39:532][  0]LogLinker: Warning: Can't find file for asset '/Game/FreeFurniturePack/Textures/T_Classic_Commode_A' while loading NULL.
[2020.03.25-19.40.39:532][  0]LogLinker: Warning: Can't find file '/Game/FreeFurniturePack/Textures/T_Classic_Commode_M_R_AO'
[2020.03.25-19.40.39:532][  0]LogLinker: Warning: Can't find file for asset '/Game/FreeFurniturePack/Textures/T_Classic_Commode_M_R_AO' while loading NULL.
[2020.03.25-19.40.39:532][  0]LogLinker: Warning: Can't find file '/Game/FreeFurniturePack/Textures/T_Classic_Commode_N'
[2020.03.25-19.40.39:532][  0]LogLinker: Warning: Can't find file for asset '/Game/FreeFurniturePack/Textures/T_Classic_Commode_N' while loading NULL.
[2020.03.25-19.40.39:533][  0]LogLinker: Warning: Can't find file '/Game/FreeFurniturePack/Textures/T_Classic_Cupboard_A'
[2020.03.25-19.40.39:533][  0]LogLinker: Warning: Can't find file for asset '/Game/FreeFurniturePack/Textures/T_Classic_Cupboard_A' while loading NULL.
[2020.03.25-19.40.39:534][  0]LogLinker: Warning: Can't find file '/Game/FreeFurniturePack/Textures/T_Classic_Cupboard_M_R_AO'
[2020.03.25-19.40.39:534][  0]LogLinker: Warning: Can't find file for asset '/Game/FreeFurniturePack/Textures/T_Classic_Cupboard_M_R_AO' while loading NULL.
[2020.03.25-19.40.39:534][  0]LogLinker: Warning: Can't find file '/Game/FreeFurniturePack/Textures/T_Classic_Cupboard_N'
[2020.03.25-19.40.39:534][  0]LogLinker: Warning: Can't find file for asset '/Game/FreeFurniturePack/Textures/T_Classic_Cupboard_N' while loading NULL.
[2020.03.25-19.40.39:534][  0]LogLinker: Warning: Can't find file '/Game/FreeFurniturePack/Textures/T_Classic_Cupboard_A'
[2020.03.25-19.40.39:534][  0]LogLinker: Warning: Can't find file for asset '/Game/FreeFurniturePack/Textures/T_Classic_Cupboard_A' while loading NULL.
[2020.03.25-19.40.39:534][  0]LogLinker: Warning: Can't find file '/Game/FreeFurniturePack/Textures/T_Classic_Cupboard_M_R_AO'
[2020.03.25-19.40.39:534][  0]LogLinker: Warning: Can't find file for asset '/Game/FreeFurniturePack/Textures/T_Classic_Cupboard_M_R_AO' while loading NULL.
[2020.03.25-19.40.39:535][  0]LogLinker: Warning: Can't find file '/Game/FreeFurniturePack/Textures/T_Classic_Cupboard_N'
[2020.03.25-19.40.39:535][  0]LogLinker: Warning: Can't find file for asset '/Game/FreeFurniturePack/Textures/T_Classic_Cupboard_N' while loading NULL.
[2020.03.25-19.40.39:686][  0]LogLinker: Warning: Can't find file '/Game/ThirdPersonBP/Maps/ThirdPersonExampleMap_BuiltData'
[2020.03.25-19.40.39:686][  0]LogLinker: Warning: Can't find file for asset '/Game/ThirdPersonBP/Maps/ThirdPersonExampleMap_BuiltData' while loading NULL.
[2020.03.25-19.40.39:722][  0]LogLinker: Warning: Can't find file '/Game/ThirdPersonBP/Maps/ThirdPersonExampleMap_BuiltData'
[2020.03.25-19.40.39:722][  0]LogLinker: Warning: Can't find file for asset '/Game/ThirdPersonBP/Maps/ThirdPersonExampleMap_BuiltData' while loading NULL.
[2020.03.25-19.40.39:726][  0]LogLinker: Warning: Can't find file '/Game/ThirdPersonBP/Maps/ThirdPersonExampleMap_BuiltData'
[2020.03.25-19.40.39:726][  0]LogLinker: Warning: Can't find file for asset '/Game/ThirdPersonBP/Maps/ThirdPersonExampleMap_BuiltData' while loading NULL.
[2020.03.25-19.40.39:726][  0]LogLinker: Warning: Can't find file '/Game/ThirdPersonBP/Maps/ThirdPersonExampleMap_BuiltData'
[2020.03.25-19.40.39:726][  0]LogLinker: Warning: Can't find file for asset '/Game/ThirdPersonBP/Maps/ThirdPersonExampleMap_BuiltData' while loading NULL.
[2020.03.25-19.40.39:748][  0]LogLinker: Warning: Can't find file '/Game/ThirdPersonBP/Maps/ThirdPersonExampleMap_BuiltData'
[2020.03.25-19.40.39:748][  0]LoadErrors: Failed to load /Game/ThirdPersonBP/Maps/ThirdPersonExampleMap_BuiltData.ThirdPersonExampleMap_BuiltData Referenced by PersistentLevel
[2020.03.25-19.40.39:748][  0]LogLinker: Warning: Can't find file for asset '/Game/ThirdPersonBP/Maps/ThirdPersonExampleMap_BuiltData' while loading NULL.
[2020.03.25-19.40.39:803][  0]LogLinker: Warning: Can't find file '/Game/FreeFurniturePack/Textures/T_Classic_Cupboard_A'
[2020.03.25-19.40.39:803][  0]LoadErrors: Failed to load /Game/FreeFurniturePack/Textures/T_Classic_Cupboard_A.T_Classic_Cupboard_A Referenced by MaterialExpressionTextureSample_0
[2020.03.25-19.40.39:803][  0]LogLinker: Warning: Can't find file for asset '/Game/FreeFurniturePack/Textures/T_Classic_Cupboard_A' while loading NULL.
[2020.03.25-19.40.39:803][  0]LogLinker: Warning: Can't find file '/Game/FreeFurniturePack/Textures/T_Classic_Cupboard_M_R_AO'
[2020.03.25-19.40.39:803][  0]LoadErrors: Failed to load /Game/FreeFurniturePack/Textures/T_Classic_Cupboard_M_R_AO.T_Classic_Cupboard_M_R_AO Referenced by MaterialExpressionTextureSample_1
[2020.03.25-19.40.39:804][  0]LogLinker: Warning: Can't find file for asset '/Game/FreeFurniturePack/Textures/T_Classic_Cupboard_M_R_AO' while loading NULL.
[2020.03.25-19.40.39:804][  0]LogLinker: Warning: Can't find file '/Game/FreeFurniturePack/Textures/T_Classic_Cupboard_N'
[2020.03.25-19.40.39:804][  0]LoadErrors: Failed to load /Game/FreeFurniturePack/Textures/T_Classic_Cupboard_N.T_Classic_Cupboard_N Referenced by MaterialExpressionTextureSample_2
[2020.03.25-19.40.39:804][  0]LogLinker: Warning: Can't find file for asset '/Game/FreeFurniturePack/Textures/T_Classic_Cupboard_N' while loading NULL.
[2020.03.25-19.40.39:804][  0]LogLinker: Warning: Can't find file '/Game/FreeFurniturePack/Textures/T_Classic_Commode_M_R_AO'
[2020.03.25-19.40.39:804][  0]LoadErrors: Failed to load /Game/FreeFurniturePack/Textures/T_Classic_Commode_M_R_AO.T_Classic_Commode_M_R_AO Referenced by MaterialExpressionTextureSample_0
[2020.03.25-19.40.39:804][  0]LogLinker: Warning: Can't find file for asset '/Game/FreeFurniturePack/Textures/T_Classic_Commode_M_R_AO' while loading NULL.
[2020.03.25-19.40.39:804][  0]LogLinker: Warning: Can't find file '/Game/FreeFurniturePack/Textures/T_Classic_Commode_A'
[2020.03.25-19.40.39:804][  0]LoadErrors: Failed to load /Game/FreeFurniturePack/Textures/T_Classic_Commode_A.T_Classic_Commode_A Referenced by MaterialExpressionTextureSample_1
[2020.03.25-19.40.39:804][  0]LogLinker: Warning: Can't find file for asset '/Game/FreeFurniturePack/Textures/T_Classic_Commode_A' while loading NULL.
[2020.03.25-19.40.39:805][  0]LogLinker: Warning: Can't find file '/Game/FreeFurniturePack/Textures/T_Classic_Commode_N'
[2020.03.25-19.40.39:805][  0]LoadErrors: Failed to load /Game/FreeFurniturePack/Textures/T_Classic_Commode_N.T_Classic_Commode_N Referenced by MaterialExpressionTextureSample_2
[2020.03.25-19.40.39:805][  0]LogLinker: Warning: Can't find file for asset '/Game/FreeFurniturePack/Textures/T_Classic_Commode_N' while loading NULL.
[2020.03.25-19.40.40:003][  0]LogMaterial: Display: Missing cached shader map for material M_Classic_Cupboard, compiling. 
[2020.03.25-19.40.40:003][  0]LogMaterial: Warning: D:\William Lau\Epic Games\Unreal Projects\GitHub Projects\CS447-3D-Game\CS447_3D_Game\Content\FreeFurniturePack\Materials\M_Classic_Cupboard.uasset: Failed to compile Material for platform PCD3D_SM5, Default Material will be used in game.
[2020.03.25-19.40.40:003][  0]LogMaterial: 	(Node TextureSample) Texture Sample> Missing input texture
[2020.03.25-19.40.40:006][  0]LogMaterial: Display: Missing cached shader map for material M_Classic_Commode, compiling. 
[2020.03.25-19.40.40:006][  0]LogMaterial: Warning: D:\William Lau\Epic Games\Unreal Projects\GitHub Projects\CS447-3D-Game\CS447_3D_Game\Content\FreeFurniturePack\Materials\M_Classic_Commode.uasset: Failed to compile Material for platform PCD3D_SM5, Default Material will be used in game.
[2020.03.25-19.40.40:006][  0]LogMaterial: 	(Node TextureSample) Texture Sample> Missing input texture
[2020.03.25-19.40.40:059][  0]LogAIModule: Creating AISystem for world ThirdPersonExampleMap
[2020.03.25-19.40.40:105][  0]LogEditorServer: Finished looking for orphan Actors (0.000 secs)
[2020.03.25-19.40.40:144][  0]LogUObjectHash: Compacting FUObjectHashTables data took   2.63ms
[2020.03.25-19.40.40:144][  0]Cmd: MAP CHECKDEP NOCLEARLOG
[2020.03.25-19.40.40:145][  0]MapCheck: Map check complete: 0 Error(s), 0 Warning(s), took 0.146ms to complete.
[2020.03.25-19.40.40:145][  0]LogFileHelpers: Loading map 'ThirdPersonExampleMap' took 0.948
[2020.03.25-19.40.40:256][  0]LogSlate: Updating window title bar state: overlay mode, drag disabled, window buttons hidden, title bar hidden
[2020.03.25-19.40.40:264][  0]LogSlate: Updating window title bar state: overlay mode, drag disabled, window buttons hidden, title bar hidden
[2020.03.25-19.40.40:272][  0]LogSlate: Updating window title bar state: overlay mode, drag disabled, window buttons hidden, title bar hidden
[2020.03.25-19.40.40:279][  0]LogSlate: Updating window title bar state: overlay mode, drag disabled, window buttons hidden, title bar hidden
[2020.03.25-19.40.40:284][  0]LogCollectionManager: Loaded 0 collections in 0.001087 seconds
[2020.03.25-19.40.40:324][  0]LogFileCache: Scanning file cache for directory 'D:/William Lau/Epic Games/Unreal Projects/GitHub Projects/CS447-3D-Game/CS447_3D_Game/Saved/Collections/' took 0.01s
[2020.03.25-19.40.40:324][  0]LogFileCache: Scanning file cache for directory 'D:/William Lau/Epic Games/Unreal Projects/GitHub Projects/CS447-3D-Game/CS447_3D_Game/Content/Developers/WilliamLau/Collections/' took 0.01s
[2020.03.25-19.40.40:324][  0]LogFileCache: Scanning file cache for directory 'D:/William Lau/Epic Games/Unreal Projects/GitHub Projects/CS447-3D-Game/CS447_3D_Game/Content/Collections/' took 0.01s
[2020.03.25-19.40.40:324][  0]LogCollectionManager: Rebuilt the GUID cache for 0 collections in 0.000000 seconds
[2020.03.25-19.40.40:334][  0]LogContentBrowser: Native class hierarchy populated in 0.0099 seconds. Added 2732 classes and 659 folders.
[2020.03.25-19.40.40:339][  0]LogContentBrowser: Native class hierarchy updated for 'WidgetCarousel' in 0.0003 seconds. Added 0 classes and 0 folders.
[2020.03.25-19.40.40:341][  0]LogPakFile: Registered encryption key '00000000000000000000000000000000': 0 pak files mounted, 0 remain pending
[2020.03.25-19.40.40:342][  0]LogPakFile: Registered encryption key '00000000000000000000000000000000': 0 pak files mounted, 0 remain pending
[2020.03.25-19.40.40:343][  0]LogPakFile: Registered encryption key '00000000000000000000000000000000': 0 pak files mounted, 0 remain pending
[2020.03.25-19.40.40:344][  0]LogPakFile: Registered encryption key '00000000000000000000000000000000': 0 pak files mounted, 0 remain pending
[2020.03.25-19.40.40:344][  0]LogPakFile: Registered encryption key '00000000000000000000000000000000': 0 pak files mounted, 0 remain pending
[2020.03.25-19.40.40:345][  0]LogPakFile: Registered encryption key '00000000000000000000000000000000': 0 pak files mounted, 0 remain pending
[2020.03.25-19.40.40:346][  0]LogPakFile: Registered encryption key '00000000000000000000000000000000': 0 pak files mounted, 0 remain pending
[2020.03.25-19.40.40:346][  0]LogPakFile: Registered encryption key '00000000000000000000000000000000': 0 pak files mounted, 0 remain pending
[2020.03.25-19.40.40:347][  0]LogPakFile: Registered encryption key '00000000000000000000000000000000': 0 pak files mounted, 0 remain pending
[2020.03.25-19.40.40:348][  0]LogPakFile: Registered encryption key '00000000000000000000000000000000': 0 pak files mounted, 0 remain pending
[2020.03.25-19.40.40:348][  0]LogPakFile: Registered encryption key '00000000000000000000000000000000': 0 pak files mounted, 0 remain pending
[2020.03.25-19.40.40:349][  0]LogPakFile: Registered encryption key '00000000000000000000000000000000': 0 pak files mounted, 0 remain pending
[2020.03.25-19.40.40:350][  0]LogPakFile: Registered encryption key '00000000000000000000000000000000': 0 pak files mounted, 0 remain pending
[2020.03.25-19.40.40:350][  0]LogPakFile: Registered encryption key '00000000000000000000000000000000': 0 pak files mounted, 0 remain pending
[2020.03.25-19.40.40:351][  0]LogPakFile: Registered encryption key '00000000000000000000000000000000': 0 pak files mounted, 0 remain pending
[2020.03.25-19.40.40:352][  0]LogPakFile: Registered encryption key '00000000000000000000000000000000': 0 pak files mounted, 0 remain pending
[2020.03.25-19.40.40:353][  0]LogPakFile: Registered encryption key '00000000000000000000000000000000': 0 pak files mounted, 0 remain pending
[2020.03.25-19.40.40:353][  0]LogPakFile: Registered encryption key '00000000000000000000000000000000': 0 pak files mounted, 0 remain pending
[2020.03.25-19.40.40:354][  0]LogPakFile: Registered encryption key '00000000000000000000000000000000': 0 pak files mounted, 0 remain pending
[2020.03.25-19.40.40:355][  0]LogPakFile: Registered encryption key '00000000000000000000000000000000': 0 pak files mounted, 0 remain pending
[2020.03.25-19.40.40:356][  0]LogPakFile: Registered encryption key '00000000000000000000000000000000': 0 pak files mounted, 0 remain pending
[2020.03.25-19.40.40:356][  0]LogPakFile: Registered encryption key '00000000000000000000000000000000': 0 pak files mounted, 0 remain pending
[2020.03.25-19.40.40:357][  0]LogPakFile: Registered encryption key '00000000000000000000000000000000': 0 pak files mounted, 0 remain pending
[2020.03.25-19.40.40:358][  0]LogPakFile: Registered encryption key '00000000000000000000000000000000': 0 pak files mounted, 0 remain pending
[2020.03.25-19.40.40:359][  0]LogPakFile: Registered encryption key '00000000000000000000000000000000': 0 pak files mounted, 0 remain pending
[2020.03.25-19.40.40:360][  0]LogPakFile: Registered encryption key '00000000000000000000000000000000': 0 pak files mounted, 0 remain pending
[2020.03.25-19.40.40:410][  0]LogContentBrowser: Native class hierarchy updated for 'AddContentDialog' in 0.0004 seconds. Added 0 classes and 0 folders.
[2020.03.25-19.40.40:416][  0]LogContentBrowser: Native class hierarchy updated for 'SceneOutliner' in 0.0004 seconds. Added 1 classes and 2 folders.
[2020.03.25-19.40.40:432][  0]LogSlate: Took 0.000285 seconds to synchronously load lazily loaded font '../../../Engine/Content/Slate/Fonts/Roboto-Regular.ttf' (155K)
[2020.03.25-19.40.40:434][  0]LogSlate: Took 0.000270 seconds to synchronously load lazily loaded font '../../../Engine/Content/Slate/Fonts/Roboto-Bold.ttf' (160K)
[2020.03.25-19.40.40:439][  0]LogSlate: Took 0.000317 seconds to synchronously load lazily loaded font '../../../Engine/Content/Editor/Slate/Fonts/FontAwesome.ttf' (139K)
[2020.03.25-19.40.40:502][  0]LogRenderer: Reallocating scene render targets to support 1208x572 Format 10 NumSamples 1 (Frame:1).
[2020.03.25-19.40.40:552][  0]LogSlate: Took 0.000263 seconds to synchronously load lazily loaded font '../../../Engine/Content/Slate/Fonts/Roboto-Light.ttf' (167K)
[2020.03.25-19.40.40:631][  0]LogContentBrowser: Native class hierarchy updated for 'HierarchicalLODOutliner' in 0.0004 seconds. Added 0 classes and 0 folders.
[2020.03.25-19.40.40:631][  0]LogLoad: (Engine Initialization) Total time: 10.32 seconds
[2020.03.25-19.40.40:631][  0]LogLoad: (Engine Initialization) Total Blueprint compile time: 0.00 seconds
[2020.03.25-19.40.40:641][  0]LogCollectionManager: Rebuilt the object cache for 0 collections in 0.000000 seconds (found 0 objects)
[2020.03.25-19.40.40:730][  0]LogAssetRegistry: Asset discovery search completed in 5.6107 seconds
[2020.03.25-19.40.40:732][  0]LogCollectionManager: Fixed up redirectors for 0 collections in 0.000001 seconds (updated 0 objects)
[2020.03.25-19.40.40:734][  0]LogContentStreaming: Texture pool size now 1000 MB
[2020.03.25-19.40.40:746][  0]LogSlate: FSceneViewport::OnFocusLost() reason 2
[2020.03.25-19.40.42:468][172]LogSlate: Window 'Message Log' being destroyed
[2020.03.25-19.40.42:472][172]LogSlate: Window 'Message Log' being destroyed
[2020.03.25-19.40.45:160][494]LogSlate: FSceneViewport::OnFocusLost() reason 0
[2020.03.25-19.40.54:018][540]LogSlate: Took 0.000328 seconds to synchronously load lazily loaded font '../../../Engine/Content/Slate/Fonts/Roboto-Light.ttf' (167K)
[2020.03.25-19.40.54:030][540]LogMetaData: Removing '/Game/Safe/Keypad.Keypad_C' ref from Metadata '/Game/Keypad.PackageMetaData'
[2020.03.25-19.40.54:030][540]LogMetaData: Removing '/Game/Safe/Keypad.Keypad:GetCode.K2Node_FunctionEntry_0' ref from Metadata '/Game/Keypad.PackageMetaData'
[2020.03.25-19.40.54:030][540]LogMetaData: Removing '/Game/Safe/Keypad.Keypad:GetCode.K2Node_FunctionResult_0' ref from Metadata '/Game/Keypad.PackageMetaData'
[2020.03.25-19.40.54:030][540]LogMetaData: Removing '/Game/Safe/Keypad.SKEL_Keypad_C:BndEvt__Button_51_K2Node_ComponentBoundEvent_0_OnButtonClickedEvent__DelegateSignature' ref from Metadata '/Game/Keypad.PackageMetaData'
[2020.03.25-19.40.54:030][540]LogMetaData: Removing '/Game/Safe/Keypad.SKEL_Keypad_C:BndEvt__Button_0_K2Node_ComponentBoundEvent_1_OnButtonClickedEvent__DelegateSignature' ref from Metadata '/Game/Keypad.PackageMetaData'
[2020.03.25-19.40.54:030][540]LogMetaData: Removing '/Game/Safe/Keypad.SKEL_Keypad_C:BndEvt__Button_1_K2Node_ComponentBoundEvent_2_OnButtonClickedEvent__DelegateSignature' ref from Metadata '/Game/Keypad.PackageMetaData'
[2020.03.25-19.40.54:030][540]LogMetaData: Removing '/Game/Safe/Keypad.SKEL_Keypad_C:BndEvt__Button_2_K2Node_ComponentBoundEvent_3_OnButtonClickedEvent__DelegateSignature' ref from Metadata '/Game/Keypad.PackageMetaData'
[2020.03.25-19.40.54:030][540]LogMetaData: Removing '/Game/Safe/Keypad.SKEL_Keypad_C:BndEvt__Button_3_K2Node_ComponentBoundEvent_4_OnButtonClickedEvent__DelegateSignature' ref from Metadata '/Game/Keypad.PackageMetaData'
[2020.03.25-19.40.54:030][540]LogMetaData: Removing '/Game/Safe/Keypad.SKEL_Keypad_C:BndEvt__Button_4_K2Node_ComponentBoundEvent_5_OnButtonClickedEvent__DelegateSignature' ref from Metadata '/Game/Keypad.PackageMetaData'
[2020.03.25-19.40.54:030][540]LogMetaData: Removing '/Game/Safe/Keypad.SKEL_Keypad_C:BndEvt__Button_5_K2Node_ComponentBoundEvent_6_OnButtonClickedEvent__DelegateSignature' ref from Metadata '/Game/Keypad.PackageMetaData'
[2020.03.25-19.40.54:030][540]LogMetaData: Removing '/Game/Safe/Keypad.SKEL_Keypad_C:BndEvt__Button_6_K2Node_ComponentBoundEvent_7_OnButtonClickedEvent__DelegateSignature' ref from Metadata '/Game/Keypad.PackageMetaData'
[2020.03.25-19.40.54:030][540]LogMetaData: Removing '/Game/Safe/Keypad.SKEL_Keypad_C:BndEvt__Button_7_K2Node_ComponentBoundEvent_8_OnButtonClickedEvent__DelegateSignature' ref from Metadata '/Game/Keypad.PackageMetaData'
[2020.03.25-19.40.54:030][540]LogMetaData: Removing '/Game/Safe/Keypad.SKEL_Keypad_C:BndEvt__Button_8_K2Node_ComponentBoundEvent_9_OnButtonClickedEvent__DelegateSignature' ref from Metadata '/Game/Keypad.PackageMetaData'
[2020.03.25-19.40.54:030][540]LogMetaData: Removing '/Game/Safe/Keypad.SKEL_Keypad_C:BndEvt__Button_9_K2Node_ComponentBoundEvent_10_OnButtonClickedEvent__DelegateSignature' ref from Metadata '/Game/Keypad.PackageMetaData'
[2020.03.25-19.40.54:030][540]LogMetaData: Removing '/Game/Safe/Keypad.SKEL_Keypad_C:BndEvt__Button_Exit_K2Node_ComponentBoundEvent_11_OnButtonClickedEvent__DelegateSignature' ref from Metadata '/Game/Keypad.PackageMetaData'
[2020.03.25-19.40.54:030][540]LogMetaData: Removing '/Game/Safe/Keypad.SKEL_Keypad_C:BndEvt__Button_57_K2Node_ComponentBoundEvent_12_OnButtonClickedEvent__DelegateSignature' ref from Metadata '/Game/Keypad.PackageMetaData'
[2020.03.25-19.40.54:030][540]LogMetaData: Removing '/Game/Safe/Keypad.SKEL_Keypad_C:code' ref from Metadata '/Game/Keypad.PackageMetaData'
[2020.03.25-19.40.54:030][540]LogMetaData: Removing '/Game/Safe/Keypad.SKEL_Keypad_C:TextBlock_632' ref from Metadata '/Game/Keypad.PackageMetaData'
[2020.03.25-19.40.54:030][540]LogMetaData: Removing '/Game/Safe/Keypad.SKEL_Keypad_C:Button_Exit' ref from Metadata '/Game/Keypad.PackageMetaData'
[2020.03.25-19.40.54:030][540]LogMetaData: Removing '/Game/Safe/Keypad.SKEL_Keypad_C:Button_57' ref from Metadata '/Game/Keypad.PackageMetaData'
[2020.03.25-19.40.54:030][540]LogMetaData: Removing '/Game/Safe/Keypad.SKEL_Keypad_C:Button_51' ref from Metadata '/Game/Keypad.PackageMetaData'
[2020.03.25-19.40.54:030][540]LogMetaData: Removing '/Game/Safe/Keypad.SKEL_Keypad_C:Button_9' ref from Metadata '/Game/Keypad.PackageMetaData'
[2020.03.25-19.40.54:030][540]LogMetaData: Removing '/Game/Safe/Keypad.SKEL_Keypad_C:Button_8' ref from Metadata '/Game/Keypad.PackageMetaData'
[2020.03.25-19.40.54:030][540]LogMetaData: Removing '/Game/Safe/Keypad.SKEL_Keypad_C:Button_7' ref from Metadata '/Game/Keypad.PackageMetaData'
[2020.03.25-19.40.54:030][540]LogMetaData: Removing '/Game/Safe/Keypad.SKEL_Keypad_C:Button_6' ref from Metadata '/Game/Keypad.PackageMetaData'
[2020.03.25-19.40.54:030][540]LogMetaData: Removing '/Game/Safe/Keypad.SKEL_Keypad_C:Button_5' ref from Metadata '/Game/Keypad.PackageMetaData'
[2020.03.25-19.40.54:030][540]LogMetaData: Removing '/Game/Safe/Keypad.SKEL_Keypad_C:Button_4' ref from Metadata '/Game/Keypad.PackageMetaData'
[2020.03.25-19.40.54:030][540]LogMetaData: Removing '/Game/Safe/Keypad.SKEL_Keypad_C:Button_3' ref from Metadata '/Game/Keypad.PackageMetaData'
[2020.03.25-19.40.54:030][540]LogMetaData: Removing '/Game/Safe/Keypad.SKEL_Keypad_C:Button_2' ref from Metadata '/Game/Keypad.PackageMetaData'
[2020.03.25-19.40.54:030][540]LogMetaData: Removing '/Game/Safe/Keypad.SKEL_Keypad_C:Button_1' ref from Metadata '/Game/Keypad.PackageMetaData'
[2020.03.25-19.40.54:030][540]LogMetaData: Removing '/Game/Safe/Keypad.SKEL_Keypad_C:Button_0' ref from Metadata '/Game/Keypad.PackageMetaData'
[2020.03.25-19.40.54:030][540]LogMetaData: Removing '/Game/Safe/Keypad.SKEL_Keypad_C' ref from Metadata '/Game/Keypad.PackageMetaData'
[2020.03.25-19.40.54:030][540]LogMetaData: Removing '/Game/Safe/Keypad.Keypad_C:code' ref from Metadata '/Game/Keypad.PackageMetaData'
[2020.03.25-19.40.54:030][540]LogMetaData: Removing '/Game/Safe/Keypad.Keypad_C:TextBlock_632' ref from Metadata '/Game/Keypad.PackageMetaData'
[2020.03.25-19.40.54:030][540]LogMetaData: Removing '/Game/Safe/Keypad.Keypad_C:Button_Exit' ref from Metadata '/Game/Keypad.PackageMetaData'
[2020.03.25-19.40.54:030][540]LogMetaData: Removing '/Game/Safe/Keypad.Keypad_C:Button_57' ref from Metadata '/Game/Keypad.PackageMetaData'
[2020.03.25-19.40.54:030][540]LogMetaData: Removing '/Game/Safe/Keypad.Keypad_C:Button_51' ref from Metadata '/Game/Keypad.PackageMetaData'
[2020.03.25-19.40.54:030][540]LogMetaData: Removing '/Game/Safe/Keypad.Keypad_C:Button_9' ref from Metadata '/Game/Keypad.PackageMetaData'
[2020.03.25-19.40.54:030][540]LogMetaData: Removing '/Game/Safe/Keypad.Keypad_C:Button_8' ref from Metadata '/Game/Keypad.PackageMetaData'
[2020.03.25-19.40.54:030][540]LogMetaData: Removing '/Game/Safe/Keypad.Keypad_C:Button_7' ref from Metadata '/Game/Keypad.PackageMetaData'
[2020.03.25-19.40.54:030][540]LogMetaData: Removing '/Game/Safe/Keypad.Keypad_C:Button_6' ref from Metadata '/Game/Keypad.PackageMetaData'
[2020.03.25-19.40.54:030][540]LogMetaData: Removing '/Game/Safe/Keypad.Keypad_C:Button_5' ref from Metadata '/Game/Keypad.PackageMetaData'
[2020.03.25-19.40.54:030][540]LogMetaData: Removing '/Game/Safe/Keypad.Keypad_C:Button_4' ref from Metadata '/Game/Keypad.PackageMetaData'
[2020.03.25-19.40.54:030][540]LogMetaData: Removing '/Game/Safe/Keypad.Keypad_C:Button_3' ref from Metadata '/Game/Keypad.PackageMetaData'
[2020.03.25-19.40.54:030][540]LogMetaData: Removing '/Game/Safe/Keypad.Keypad_C:Button_2' ref from Metadata '/Game/Keypad.PackageMetaData'
[2020.03.25-19.40.54:030][540]LogMetaData: Removing '/Game/Safe/Keypad.Keypad_C:Button_1' ref from Metadata '/Game/Keypad.PackageMetaData'
[2020.03.25-19.40.54:030][540]LogMetaData: Removing '/Game/Safe/Keypad.Keypad_C:Button_0' ref from Metadata '/Game/Keypad.PackageMetaData'
[2020.03.25-19.40.54:051][540]Cmd: OBJ SAVEPACKAGE PACKAGE="/Game/Safe/Keypad" FILE="../../../../Unreal Projects/GitHub Projects/CS447-3D-Game/CS447_3D_Game/Content/Safe/Keypad.uasset" SILENT=true
[2020.03.25-19.40.54:121][540]LogSavePackage: Moving '../../../../Unreal Projects/GitHub Projects/CS447-3D-Game/CS447_3D_Game/Saved/Keypad6AF6E30A4D289D6D3C7CD3811B3A596A.tmp' to '../../../../Unreal Projects/GitHub Projects/CS447-3D-Game/CS447_3D_Game/Content/Safe/Keypad.uasset'
[2020.03.25-19.40.54:245][540]LogUObjectHash: Compacting FUObjectHashTables data took   0.73ms
[2020.03.25-19.40.54:282][540]LogUObjectHash: Compacting FUObjectHashTables data took   1.71ms
[2020.03.25-19.40.54:315][540]LogUObjectHash: Compacting FUObjectHashTables data took   0.75ms
[2020.03.25-19.40.54:455][540]LogSavePackage: Moving '../../../../Unreal Projects/GitHub Projects/CS447-3D-Game/CS447_3D_Game/Saved/ThirdPersonCharacterBEDC71634AD2CF44DE1BF78D2B7F1F50.tmp' to '../../../../Unreal Projects/GitHub Projects/CS447-3D-Game/CS447_3D_Game/Content/ThirdPersonBP/Blueprints/ThirdPersonCharacter.uasset'
[2020.03.25-19.41.02:287][463]LogSlate: FSceneViewport::OnFocusLost() reason 0
[2020.03.25-19.41.02:496][487]LogAssetEditorManager: Opening Asset editor for WidgetBlueprint /Game/Safe/Keypad.Keypad
[2020.03.25-19.41.02:768][487]LogContentBrowser: Native class hierarchy updated for 'BlueprintGraph' in 0.0007 seconds. Added 121 classes and 0 folders.
[2020.03.25-19.41.03:649][487]LogBlueprintActionDatabase: Requesting refresh due to module change: SequencerWidgets (loaded)
[2020.03.25-19.41.04:024][487]LogSlate: Took 0.000309 seconds to synchronously load lazily loaded font '../../../Engine/Content/Slate/Fonts/Roboto-BoldCondensed.ttf' (158K)
[2020.03.25-19.41.05:214][611]LogSlate: Took 0.015098 seconds to synchronously load lazily loaded font '../../../Engine/Content/Slate/Fonts/DroidSansFallback.ttf' (3848K)
[2020.03.25-19.41.08:978][967]LogSlate: Took 0.000313 seconds to synchronously load lazily loaded font '../../../Engine/Content/Slate/Fonts/Roboto-Italic.ttf' (157K)
[2020.03.25-19.41.17:017][877]LogSlate: Window 'Keypad' being destroyed
[2020.03.25-19.41.17:023][877]LogSlate: Window 'Keypad' being destroyed
[2020.03.25-19.42.28:624][372]LogUObjectHash: Compacting FUObjectHashTables data took   6.10ms
[2020.03.25-19.42.32:741][372]LogSlate: Window 'Delete Assets' being destroyed
[2020.03.25-19.42.39:596][175]LogUObjectHash: Compacting FUObjectHashTables data took   3.90ms
[2020.03.25-19.42.40:656][298]LogAssetEditorManager: Opening Asset editor for WidgetBlueprint /Game/Safe/Keypad1.Keypad1
[2020.03.25-19.44.39:229][996]BlueprintLog: New page: Compile Keypad1
[2020.03.25-19.44.39:456][996]LogUObjectHash: Compacting FUObjectHashTables data took   3.75ms
[2020.03.25-19.44.53:455][776]LogSlate: Window 'Pick Parent Class' being destroyed
[2020.03.25-19.45.02:080][717]LogWindows: Warning: CreateProc failed: The system cannot find the file specified. (0x00000002)
[2020.03.25-19.45.02:080][717]LogWindows: Warning: URL: D:/William Lau/Epic Games/UE_4.22/Engine/Binaries/Win64/ version
[2020.03.25-19.45.15:865][912]LogSlate: Window 'Source Control Login' being destroyed
[2020.03.25-19.45.19:126][236]LogUObjectHash: Compacting FUObjectHashTables data took   3.21ms
[2020.03.25-19.45.20:392][236]LogSlate: Window 'Save Content' being destroyed
[2020.03.25-19.45.20:509][236]Cmd: OBJ SAVEPACKAGE PACKAGE="/Game/Safe/Keypad1" FILE="../../../../Unreal Projects/GitHub Projects/CS447-3D-Game/CS447_3D_Game/Content/Safe/Keypad1.uasset" SILENT=true
[2020.03.25-19.45.20:578][236]LogSavePackage: Moving '../../../../Unreal Projects/GitHub Projects/CS447-3D-Game/CS447_3D_Game/Saved/Keypad178AA324945282B1CE6BAB294FA169870.tmp' to '../../../../Unreal Projects/GitHub Projects/CS447-3D-Game/CS447_3D_Game/Content/Safe/Keypad1.uasset'
[2020.03.25-19.45.20:751][236]Cmd: OBJ SAVEPACKAGE PACKAGE="/Game/Safe/KeypadActor" FILE="../../../../Unreal Projects/GitHub Projects/CS447-3D-Game/CS447_3D_Game/Content/Safe/KeypadActor.uasset" SILENT=true
[2020.03.25-19.45.20:763][236]LogSavePackage: Moving '../../../../Unreal Projects/GitHub Projects/CS447-3D-Game/CS447_3D_Game/Saved/KeypadActor4CCCF8E141B6D56959007BBCA947856E.tmp' to '../../../../Unreal Projects/GitHub Projects/CS447-3D-Game/CS447_3D_Game/Content/Safe/KeypadActor.uasset'
[2020.03.25-19.45.22:394][364]SourceControl: fatal: D:/William Lau/Epic Games/UE_4.22/Engine/Content: 'D:/William Lau/Epic Games/UE_4.22/Engine/Content' is outside repository
[2020.03.25-19.45.36:543][364]LogSlate: Window 'Submit Files' being destroyed
[2020.03.25-19.45.37:291][364]LogSourceControl: commit successful: [master 3c8624a] external safe/keypad branch
[2020.03.25-19.45.37:514][364]SourceControl: [master 3c8624a] external safe/keypad branch
[2020.03.25-19.45.37:514][364]SourceControl:  4 files changed, 0 insertions(+), 0 deletions(-)
[2020.03.25-19.45.37:514][364]SourceControl:  rename CS447_3D_Game/Content/{ => Safe}/Keypad.uasset (85%)
[2020.03.25-19.45.37:514][364]SourceControl:  create mode 100644 CS447_3D_Game/Content/Safe/Keypad1.uasset
[2020.03.25-19.45.37:514][364]SourceControl:  create mode 100644 CS447_3D_Game/Content/Safe/KeypadActor.uasset
[2020.03.25-19.45.37:519][364]SourceControl: Commited [master 3c8624a] external safe/keypad branch.
