Log file open, 03/25/20 15:03:46
LogWindows: Failed to load 'aqProf.dll' (GetLastError=126)
LogWindows: File 'aqProf.dll' does not exist
LogWindows: Failed to load 'VtuneApi.dll' (GetLastError=126)
LogWindows: File 'VtuneApi.dll' does not exist
LogWindows: Failed to load 'VtuneApi32e.dll' (GetLastError=126)
LogWindows: File 'VtuneApi32e.dll' does not exist
LogConsoleResponse: Display: Failed to find resolution value strings in scalability ini. Falling back to default.
LogInit: Display: Running engine for game: CS447_3D_Game
LogPakFile: Registered encryption key '00000000000000000000000000000000': 0 pak files mounted, 0 remain pending
LogPlatformFile: Not using cached read wrapper
LogTaskGraph: Started task graph with 5 named threads and 35 total threads with 3 sets of task threads.
LogStats: Stats thread started at 0.404929
LogD3D11RHI: Loaded GFSDK_Aftermath_Lib.x64.dll
LogICUInternationalization: ICU TimeZone Detection - Raw Offset: -8:00, Platform Override: ''
LogPluginManager: Mounting plugin Paper2D
LogPluginManager: Mounting plugin AISupport
LogPluginManager: Mounting plugin LightPropagationVolume
LogPluginManager: Mounting plugin ActorLayerUtilities
LogPluginManager: Mounting plugin AnimationSharing
LogPluginManager: Mounting plugin CLionSourceCodeAccess
LogPluginManager: Mounting plugin CodeLiteSourceCodeAccess
LogPluginManager: Mounting plugin GitSourceControl
LogPluginManager: Mounting plugin KDevelopSourceCodeAccess
LogPluginManager: Mounting plugin NullSourceCodeAccess
LogPluginManager: Mounting plugin PerforceSourceControl
LogPluginManager: Mounting plugin SubversionSourceControl
LogPluginManager: Mounting plugin UObjectPlugin
LogPluginManager: Mounting plugin VisualStudioCodeSourceCodeAccess
LogPluginManager: Mounting plugin VisualStudioSourceCodeAccess
LogPluginManager: Mounting plugin XCodeSourceCodeAccess
LogPluginManager: Mounting plugin AssetManagerEditor
LogPluginManager: Mounting plugin CryptoKeys
LogPluginManager: Mounting plugin DataValidation
LogPluginManager: Mounting plugin FacialAnimation
LogPluginManager: Mounting plugin GameplayTagsEditor
LogPluginManager: Mounting plugin MacGraphicsSwitching
LogPluginManager: Mounting plugin MaterialAnalyzer
LogPluginManager: Mounting plugin MobileLauncherProfileWizard
LogPluginManager: Mounting plugin PluginBrowser
LogPluginManager: Mounting plugin SpeedTreeImporter
LogPluginManager: Mounting plugin DatasmithContent
LogPluginManager: Mounting plugin VariantManagerContent
LogPluginManager: Mounting plugin AlembicImporter
LogPluginManager: Mounting plugin AppleImageUtils
LogPluginManager: Mounting plugin AppleVision
LogPluginManager: Mounting plugin BackChannel
LogPluginManager: Mounting plugin CharacterAI
LogPluginManager: Mounting plugin GeometryCache
LogPluginManager: Mounting plugin HTML5Networking
LogPluginManager: Mounting plugin ProxyLODPlugin
LogPluginManager: Mounting plugin SkeletalReduction
LogPluginManager: Mounting plugin MagicLeap
LogPluginManager: Mounting plugin MagicLeapMedia
LogPluginManager: Mounting plugin AndroidMedia
LogPluginManager: Mounting plugin AvfMedia
LogPluginManager: Mounting plugin ImgMedia
LogPluginManager: Mounting plugin LinearTimecode
LogPluginManager: Mounting plugin MediaCompositing
LogPluginManager: Mounting plugin MediaPlayerEditor
LogPluginManager: Mounting plugin WebMMedia
LogPluginManager: Mounting plugin WmfMedia
LogPluginManager: Mounting plugin TcpMessaging
LogPluginManager: Mounting plugin UdpMessaging
LogPluginManager: Mounting plugin ActorSequence
LogPluginManager: Mounting plugin LevelSequenceEditor
LogPluginManager: Mounting plugin MatineeToLevelSequence
LogPluginManager: Mounting plugin NetcodeUnitTest
LogPluginManager: Mounting plugin NUTUnrealEngine4
LogPluginManager: Mounting plugin OnlineSubsystemGooglePlay
LogPluginManager: Mounting plugin OnlineSubsystemIOS
LogPluginManager: Mounting plugin OnlineSubsystem
LogPluginManager: Mounting plugin OnlineSubsystemNull
LogPluginManager: Mounting plugin OnlineSubsystemUtils
LogPluginManager: Mounting plugin LauncherChunkInstaller
LogPluginManager: Mounting plugin AndroidDeviceProfileSelector
LogPluginManager: Mounting plugin AndroidMoviePlayer
LogPluginManager: Mounting plugin AndroidPermission
LogPluginManager: Mounting plugin AppleMoviePlayer
LogPluginManager: Mounting plugin ArchVisCharacter
LogPluginManager: Mounting plugin AudioCapture
LogPluginManager: Mounting plugin CableComponent
LogPluginManager: Mounting plugin CustomMeshComponent
LogPluginManager: Mounting plugin EditableMesh
LogPluginManager: Mounting plugin ExampleDeviceProfileSelector
LogPluginManager: Mounting plugin Firebase
LogPluginManager: Mounting plugin GoogleCloudMessaging
LogPluginManager: Mounting plugin IOSDeviceProfileSelector
LogPluginManager: Mounting plugin LinuxDeviceProfileSelector
LogPluginManager: Mounting plugin LocationServicesBPLibrary
LogPluginManager: Mounting plugin MobilePatchingUtils
LogPluginManager: Mounting plugin OculusVR
LogPluginManager: Mounting plugin PhysXVehicles
LogPluginManager: Mounting plugin ProceduralMeshComponent
LogPluginManager: Mounting plugin RuntimePhysXCooking
LogPluginManager: Mounting plugin SignificanceManager
LogPluginManager: Mounting plugin SteamVR
LogPluginManager: Mounting plugin WebMMoviePlayer
LogPluginManager: Mounting plugin WindowsMoviePlayer
LogInit: Using libcurl 7.55.1-DEV
LogInit:  - built for x86_64-pc-win32
LogInit:  - supports SSL with OpenSSL/1.1.1
LogInit:  - supports HTTP deflate (compression) using libz 1.2.8
LogInit:  - other features:
LogInit:      CURL_VERSION_SSL
LogInit:      CURL_VERSION_LIBZ
LogInit:      CURL_VERSION_IPV6
LogInit:      CURL_VERSION_ASYNCHDNS
LogInit:      CURL_VERSION_LARGEFILE
LogInit:      CURL_VERSION_IDN
LogInit:  CurlRequestOptions (configurable via config and command line):
LogInit:  - bVerifyPeer = true  - Libcurl will verify peer certificate
LogInit:  - bUseHttpProxy = false  - Libcurl will NOT use HTTP proxy
LogInit:  - bDontReuseConnections = false  - Libcurl will reuse connections
LogInit:  - MaxHostConnections = 16  - Libcurl will limit the number of connections to a host
LogInit:  - LocalHostAddr = Default
LogInit:  - BufferSize = 65536
LogInit: WinSock: version 1.1 (2.2), MaxSocks=32767, MaxUdp=65467
LogInit: Build: ++UE4+Release-4.22-CL-7053642
LogInit: Engine Version: 4.22.3-7053642+++UE4+Release-4.22
LogInit: Compatible Engine Version: 4.22.0-5660361+++UE4+Release-4.22
LogInit: Net CL: 5660361
LogInit: OS: Windows 10 (Release 1909) (), CPU: AMD Ryzen 5 1600X Six-Core Processor           , GPU: NVIDIA GeForce GTX 1060 6GB
LogInit: Compiled (64-bit): Jun 18 2019 03:09:11
LogInit: Compiled with Visual C++: 19.16.27025.01
LogInit: Build Configuration: Development
LogInit: Branch Name: ++UE4+Release-4.22
LogInit: Command Line:  -EpicPortal -epicusername=IAMTHEWILL -epicuserid=efe56915fe7b40ad823f49e6c7089682 -epiclocale=en
LogInit: Base Directory: D:/William Lau/Epic Games/UE_4.22/Engine/Binaries/Win64/
LogInit: Installed Engine Build: 1
LogDevObjectVersion: Number of dev versions registered: 23
LogDevObjectVersion:   Dev-Blueprints (B0D832E4-1F89-4F0D-ACCF-7EB736FD4AA2): 10
LogDevObjectVersion:   Dev-Build (E1C64328-A22C-4D53-A36C-8E866417BD8C): 0
LogDevObjectVersion:   Dev-Core (375EC13C-06E4-48FB-B500-84F0262A717E): 3
LogDevObjectVersion:   Dev-Editor (E4B068ED-F494-42E9-A231-DA0B2E46BB41): 30
LogDevObjectVersion:   Dev-Framework (CFFC743F-43B0-4480-9391-14DF171D2073): 35
LogDevObjectVersion:   Dev-Mobile (B02B49B5-BB20-44E9-A304-32B752E40360): 2
LogDevObjectVersion:   Dev-Networking (A4E4105C-59A1-49B5-A7C5-40C4547EDFEE): 0
LogDevObjectVersion:   Dev-Online (39C831C9-5AE6-47DC-9A44-9C173E1C8E7C): 0
LogDevObjectVersion:   Dev-Physics (78F01B33-EBEA-4F98-B9B4-84EACCB95AA2): 0
LogDevObjectVersion:   Dev-Platform (6631380F-2D4D-43E0-8009-CF276956A95A): 0
LogDevObjectVersion:   Dev-Rendering (12F88B9F-8875-4AFC-A67C-D90C383ABD29): 28
LogDevObjectVersion:   Dev-Sequencer (7B5AE74C-D270-4C10-A958-57980B212A5A): 11
LogDevObjectVersion:   Dev-VR (D7296918-1DD6-4BDD-9DE2-64A83CC13884): 2
LogDevObjectVersion:   Dev-LoadTimes (C2A15278-BFE7-4AFE-6C17-90FF531DF755): 1
LogDevObjectVersion:   Private-Geometry (6EACA3D4-40EC-4CC1-B786-8BED09428FC5): 3
LogDevObjectVersion:   Dev-AnimPhys (29E575DD-E0A3-4627-9D10-D276232CDCEA): 17
LogDevObjectVersion:   Dev-Anim (AF43A65D-7FD3-4947-9873-3E8ED9C1BB05): 2
LogDevObjectVersion:   Dev-ReflectionCapture (6B266CEC-1EC7-4B8F-A30B-E4D90942FC07): 1
LogDevObjectVersion:   Dev-Automation (0DF73D61-A23F-47EA-B727-89E90C41499A): 1
LogDevObjectVersion:   FortniteMain (601D1886-AC64-4F84-AA16-D3DE0DEAC7D6): 25
LogDevObjectVersion:   Dev-Enterprise (9DFFBCD6-494F-0158-E221-12823C92A888): 6
LogDevObjectVersion:   Dev-Niagara (F2AED0AC-9AFE-416F-8664-AA7FFA26D6FC): 1
LogDevObjectVersion:   Dev-Destruction (174F1F0B-B4C6-45A5-B13F-2EE8D0FB917D): 2
LogInit: Presizing for max 16777216 objects, including 0 objects not considered by GC, pre-allocating 0 bytes for permanent pool.
LogInit: Object subsystem initialized
LogConfig: Setting CVar [[con.DebugEarlyDefault:1]]
LogConfig: Setting CVar [[r.setres:1280x720]]
[2020.03.25-22.03.46:898][  0]LogConfig: Setting CVar [[r.VSync:0]]
[2020.03.25-22.03.46:898][  0]LogConfig: Setting CVar [[r.RHICmdBypass:0]]
[2020.03.25-22.03.46:898][  0]LogConfig: Applying CVar settings from Section [/Script/Engine.RendererSettings] File [D:/William Lau/Epic Games/Unreal Projects/GitHub Projects/CS447-3D-Game/CS447_3D_Game/Saved/Config/Windows/Engine.ini]
[2020.03.25-22.03.46:898][  0]LogConfig: Setting CVar [[r.GPUCrashDebugging:0]]
[2020.03.25-22.03.46:898][  0]LogConfig: Applying CVar settings from Section [/Script/Engine.RendererOverrideSettings] File [D:/William Lau/Epic Games/Unreal Projects/GitHub Projects/CS447-3D-Game/CS447_3D_Game/Saved/Config/Windows/Engine.ini]
[2020.03.25-22.03.46:898][  0]LogConfig: Applying CVar settings from Section [/Script/Engine.StreamingSettings] File [D:/William Lau/Epic Games/Unreal Projects/GitHub Projects/CS447-3D-Game/CS447_3D_Game/Saved/Config/Windows/Engine.ini]
[2020.03.25-22.03.46:898][  0]LogConfig: Setting CVar [[s.MinBulkDataSizeForAsyncLoading:131072]]
[2020.03.25-22.03.46:898][  0]LogConfig: Setting CVar [[s.AsyncLoadingThreadEnabled:0]]
[2020.03.25-22.03.46:898][  0]LogConfig: Setting CVar [[s.EventDrivenLoaderEnabled:1]]
[2020.03.25-22.03.46:898][  0]LogConfig: Setting CVar [[s.WarnIfTimeLimitExceeded:0]]
[2020.03.25-22.03.46:898][  0]LogConfig: Setting CVar [[s.TimeLimitExceededMultiplier:1.5]]
[2020.03.25-22.03.46:898][  0]LogConfig: Setting CVar [[s.TimeLimitExceededMinTime:0.005]]
[2020.03.25-22.03.46:898][  0]LogConfig: Setting CVar [[s.UseBackgroundLevelStreaming:1]]
[2020.03.25-22.03.46:898][  0]LogConfig: Setting CVar [[s.PriorityAsyncLoadingExtraTime:15.0]]
[2020.03.25-22.03.46:898][  0]LogConfig: Setting CVar [[s.LevelStreamingActorsUpdateTimeLimit:5.0]]
[2020.03.25-22.03.46:898][  0]LogConfig: Setting CVar [[s.PriorityLevelStreamingActorsUpdateExtraTime:5.0]]
[2020.03.25-22.03.46:898][  0]LogConfig: Setting CVar [[s.LevelStreamingComponentsRegistrationGranularity:10]]
[2020.03.25-22.03.46:898][  0]LogConfig: Setting CVar [[s.UnregisterComponentsTimeLimit:1.0]]
[2020.03.25-22.03.46:898][  0]LogConfig: Setting CVar [[s.LevelStreamingComponentsUnregistrationGranularity:5]]
[2020.03.25-22.03.46:898][  0]LogConfig: Applying CVar settings from Section [/Script/Engine.GarbageCollectionSettings] File [D:/William Lau/Epic Games/Unreal Projects/GitHub Projects/CS447-3D-Game/CS447_3D_Game/Saved/Config/Windows/Engine.ini]
[2020.03.25-22.03.46:898][  0]LogConfig: Setting CVar [[gc.MaxObjectsNotConsideredByGC:1]]
[2020.03.25-22.03.46:898][  0]LogConfig: Setting CVar [[gc.SizeOfPermanentObjectPool:0]]
[2020.03.25-22.03.46:898][  0]LogConfig: Setting CVar [[gc.FlushStreamingOnGC:0]]
[2020.03.25-22.03.46:898][  0]LogConfig: Setting CVar [[gc.NumRetriesBeforeForcingGC:10]]
[2020.03.25-22.03.46:898][  0]LogConfig: Setting CVar [[gc.AllowParallelGC:1]]
[2020.03.25-22.03.46:898][  0]LogConfig: Setting CVar [[gc.TimeBetweenPurgingPendingKillObjects:61.1]]
[2020.03.25-22.03.46:898][  0]LogConfig: Setting CVar [[gc.MaxObjectsInEditor:16777216]]
[2020.03.25-22.03.46:898][  0]LogConfig: Setting CVar [[gc.IncrementalBeginDestroyEnabled:1]]
[2020.03.25-22.03.46:898][  0]LogConfig: Setting CVar [[gc.CreateGCClusters:1]]
[2020.03.25-22.03.46:898][  0]LogConfig: Setting CVar [[gc.MinGCClusterSize:5]]
[2020.03.25-22.03.46:898][  0]LogConfig: Setting CVar [[gc.ActorClusteringEnabled:0]]
[2020.03.25-22.03.46:898][  0]LogConfig: Setting CVar [[gc.BlueprintClusteringEnabled:0]]
[2020.03.25-22.03.46:898][  0]LogConfig: Setting CVar [[gc.UseDisregardForGCOnDedicatedServers:0]]
[2020.03.25-22.03.46:898][  0]LogConfig: Applying CVar settings from Section [/Script/Engine.NetworkSettings] File [D:/William Lau/Epic Games/Unreal Projects/GitHub Projects/CS447-3D-Game/CS447_3D_Game/Saved/Config/Windows/Engine.ini]
[2020.03.25-22.03.46:898][  0]LogConfig: Applying CVar settings from Section [/Script/UnrealEd.CookerSettings] File [D:/William Lau/Epic Games/Unreal Projects/GitHub Projects/CS447-3D-Game/CS447_3D_Game/Saved/Config/Windows/Engine.ini]
[2020.03.25-22.03.46:900][  0]LogConfig: Applying CVar settings from Section [ViewDistanceQuality@3] File [D:/William Lau/Epic Games/Unreal Projects/GitHub Projects/CS447-3D-Game/CS447_3D_Game/Saved/Config/Windows/Scalability.ini]
[2020.03.25-22.03.46:901][  0]LogConfig: Setting CVar [[r.SkeletalMeshLODBias:0]]
[2020.03.25-22.03.46:901][  0]LogConfig: Setting CVar [[r.ViewDistanceScale:1.0]]
[2020.03.25-22.03.46:901][  0]LogConfig: Applying CVar settings from Section [AntiAliasingQuality@3] File [D:/William Lau/Epic Games/Unreal Projects/GitHub Projects/CS447-3D-Game/CS447_3D_Game/Saved/Config/Windows/Scalability.ini]
[2020.03.25-22.03.46:901][  0]LogConfig: Setting CVar [[r.PostProcessAAQuality:4]]
[2020.03.25-22.03.46:901][  0]LogConfig: Applying CVar settings from Section [ShadowQuality@3] File [D:/William Lau/Epic Games/Unreal Projects/GitHub Projects/CS447-3D-Game/CS447_3D_Game/Saved/Config/Windows/Scalability.ini]
[2020.03.25-22.03.46:901][  0]LogConfig: Setting CVar [[r.LightFunctionQuality:1]]
[2020.03.25-22.03.46:901][  0]LogConfig: Setting CVar [[r.ShadowQuality:5]]
[2020.03.25-22.03.46:901][  0]LogConfig: Setting CVar [[r.Shadow.CSM.MaxCascades:10]]
[2020.03.25-22.03.46:901][  0]LogConfig: Setting CVar [[r.Shadow.MaxResolution:2048]]
[2020.03.25-22.03.46:901][  0]LogConfig: Setting CVar [[r.Shadow.MaxCSMResolution:2048]]
[2020.03.25-22.03.46:901][  0]LogConfig: Setting CVar [[r.Shadow.RadiusThreshold:0.01]]
[2020.03.25-22.03.46:901][  0]LogConfig: Setting CVar [[r.Shadow.DistanceScale:1.0]]
[2020.03.25-22.03.46:901][  0]LogConfig: Setting CVar [[r.Shadow.CSM.TransitionScale:1.0]]
[2020.03.25-22.03.46:901][  0]LogConfig: Setting CVar [[r.Shadow.PreShadowResolutionFactor:1.0]]
[2020.03.25-22.03.46:901][  0]LogConfig: Setting CVar [[r.DistanceFieldShadowing:1]]
[2020.03.25-22.03.46:901][  0]LogConfig: Setting CVar [[r.DistanceFieldAO:1]]
[2020.03.25-22.03.46:901][  0]LogConfig: Setting CVar [[r.AOQuality:2]]
[2020.03.25-22.03.46:901][  0]LogConfig: Setting CVar [[r.VolumetricFog:1]]
[2020.03.25-22.03.46:901][  0]LogConfig: Setting CVar [[r.VolumetricFog.GridPixelSize:8]]
[2020.03.25-22.03.46:901][  0]LogConfig: Setting CVar [[r.VolumetricFog.GridSizeZ:128]]
[2020.03.25-22.03.46:901][  0]LogConfig: Setting CVar [[r.VolumetricFog.HistoryMissSupersampleCount:4]]
[2020.03.25-22.03.46:901][  0]LogConfig: Setting CVar [[r.LightMaxDrawDistanceScale:1]]
[2020.03.25-22.03.46:901][  0]LogConfig: Setting CVar [[r.CapsuleShadows:1]]
[2020.03.25-22.03.46:901][  0]LogConfig: Applying CVar settings from Section [PostProcessQuality@3] File [D:/William Lau/Epic Games/Unreal Projects/GitHub Projects/CS447-3D-Game/CS447_3D_Game/Saved/Config/Windows/Scalability.ini]
[2020.03.25-22.03.46:901][  0]LogConfig: Setting CVar [[r.MotionBlurQuality:4]]
[2020.03.25-22.03.46:901][  0]LogConfig: Setting CVar [[r.AmbientOcclusionMipLevelFactor:0.4]]
[2020.03.25-22.03.46:901][  0]LogConfig: Setting CVar [[r.AmbientOcclusionMaxQuality:100]]
[2020.03.25-22.03.46:901][  0]LogConfig: Setting CVar [[r.AmbientOcclusionLevels:-1]]
[2020.03.25-22.03.46:901][  0]LogConfig: Setting CVar [[r.AmbientOcclusionRadiusScale:1.0]]
[2020.03.25-22.03.46:901][  0]LogConfig: Setting CVar [[r.DepthOfFieldQuality:2]]
[2020.03.25-22.03.46:901][  0]LogConfig: Setting CVar [[r.RenderTargetPoolMin:400]]
[2020.03.25-22.03.46:901][  0]LogConfig: Setting CVar [[r.LensFlareQuality:2]]
[2020.03.25-22.03.46:901][  0]LogConfig: Setting CVar [[r.SceneColorFringeQuality:1]]
[2020.03.25-22.03.46:901][  0]LogConfig: Setting CVar [[r.EyeAdaptationQuality:2]]
[2020.03.25-22.03.46:901][  0]LogConfig: Setting CVar [[r.BloomQuality:5]]
[2020.03.25-22.03.46:901][  0]LogConfig: Setting CVar [[r.FastBlurThreshold:100]]
[2020.03.25-22.03.46:901][  0]LogConfig: Setting CVar [[r.Upscale.Quality:3]]
[2020.03.25-22.03.46:901][  0]LogConfig: Setting CVar [[r.Tonemapper.GrainQuantization:1]]
[2020.03.25-22.03.46:901][  0]LogConfig: Setting CVar [[r.LightShaftQuality:1]]
[2020.03.25-22.03.46:901][  0]LogConfig: Setting CVar [[r.Filter.SizeScale:1]]
[2020.03.25-22.03.46:901][  0]LogConfig: Setting CVar [[r.Tonemapper.Quality:5]]
[2020.03.25-22.03.46:901][  0]LogConfig: Setting CVar [[r.DOF.Gather.AccumulatorQuality:1        ; higher gathering accumulator quality]]
[2020.03.25-22.03.46:901][  0]LogConfig: Setting CVar [[r.DOF.Gather.PostfilterMethod:1          ; Median3x3 postfilering method]]
[2020.03.25-22.03.46:901][  0]LogConfig: Setting CVar [[r.DOF.Gather.EnableBokehSettings:0       ; no bokeh simulation when gathering]]
[2020.03.25-22.03.46:901][  0]LogConfig: Setting CVar [[r.DOF.Gather.RingCount:4                 ; medium number of samples when gathering]]
[2020.03.25-22.03.46:901][  0]LogConfig: Setting CVar [[r.DOF.Scatter.ForegroundCompositing:1    ; additive foreground scattering]]
[2020.03.25-22.03.46:901][  0]LogConfig: Setting CVar [[r.DOF.Scatter.BackgroundCompositing:2    ; additive background scattering]]
[2020.03.25-22.03.46:901][  0]LogConfig: Setting CVar [[r.DOF.Scatter.EnableBokehSettings:1      ; bokeh simulation when scattering]]
[2020.03.25-22.03.46:901][  0]LogConfig: Setting CVar [[r.DOF.Scatter.MaxSpriteRatio:0.1         ; only a maximum of 10% of scattered bokeh]]
[2020.03.25-22.03.46:901][  0]LogConfig: Setting CVar [[r.DOF.Recombine.Quality:1                ; cheap slight out of focus]]
[2020.03.25-22.03.46:901][  0]LogConfig: Setting CVar [[r.DOF.Recombine.EnableBokehSettings:0    ; no bokeh simulation on slight out of focus]]
[2020.03.25-22.03.46:901][  0]LogConfig: Setting CVar [[r.DOF.TemporalAAQuality:1                ; more stable temporal accumulation]]
[2020.03.25-22.03.46:901][  0]LogConfig: Setting CVar [[r.DOF.Kernel.MaxForegroundRadius:0.025]]
[2020.03.25-22.03.46:901][  0]LogConfig: Setting CVar [[r.DOF.Kernel.MaxBackgroundRadius:0.025]]
[2020.03.25-22.03.46:901][  0]LogConfig: Applying CVar settings from Section [TextureQuality@3] File [D:/William Lau/Epic Games/Unreal Projects/GitHub Projects/CS447-3D-Game/CS447_3D_Game/Saved/Config/Windows/Scalability.ini]
[2020.03.25-22.03.46:901][  0]LogConfig: Setting CVar [[r.Streaming.MipBias:0]]
[2020.03.25-22.03.46:901][  0]LogConfig: Setting CVar [[r.Streaming.AmortizeCPUToGPUCopy:0]]
[2020.03.25-22.03.46:901][  0]LogConfig: Setting CVar [[r.Streaming.MaxNumTexturesToStreamPerFrame:0]]
[2020.03.25-22.03.46:901][  0]LogConfig: Setting CVar [[r.Streaming.Boost:1]]
[2020.03.25-22.03.46:901][  0]LogConfig: Setting CVar [[r.MaxAnisotropy:8]]
[2020.03.25-22.03.46:901][  0]LogConfig: Setting CVar [[r.Streaming.LimitPoolSizeToVRAM:0]]
[2020.03.25-22.03.46:901][  0]LogConfig: Setting CVar [[r.Streaming.PoolSize:1000]]
[2020.03.25-22.03.46:901][  0]LogConfig: Setting CVar [[r.Streaming.MaxEffectiveScreenSize:0]]
[2020.03.25-22.03.46:901][  0]LogConfig: Applying CVar settings from Section [EffectsQuality@3] File [D:/William Lau/Epic Games/Unreal Projects/GitHub Projects/CS447-3D-Game/CS447_3D_Game/Saved/Config/Windows/Scalability.ini]
[2020.03.25-22.03.46:901][  0]LogConfig: Setting CVar [[r.TranslucencyLightingVolumeDim:64]]
[2020.03.25-22.03.46:902][  0]LogConfig: Setting CVar [[r.RefractionQuality:2]]
[2020.03.25-22.03.46:902][  0]LogConfig: Setting CVar [[r.SSR.Quality:3]]
[2020.03.25-22.03.46:902][  0]LogConfig: Setting CVar [[r.SceneColorFormat:4]]
[2020.03.25-22.03.46:902][  0]LogConfig: Setting CVar [[r.DetailMode:2]]
[2020.03.25-22.03.46:902][  0]LogConfig: Setting CVar [[r.TranslucencyVolumeBlur:1]]
[2020.03.25-22.03.46:902][  0]LogConfig: Setting CVar [[r.MaterialQualityLevel:1 ; High quality]]
[2020.03.25-22.03.46:902][  0]LogConfig: Setting CVar [[r.SSS.Scale:1]]
[2020.03.25-22.03.46:902][  0]LogConfig: Setting CVar [[r.SSS.SampleSet:2]]
[2020.03.25-22.03.46:902][  0]LogConfig: Setting CVar [[r.SSS.Quality:1]]
[2020.03.25-22.03.46:902][  0]LogConfig: Setting CVar [[r.SSS.HalfRes:1]]
[2020.03.25-22.03.46:902][  0]LogConfig: Setting CVar [[r.EmitterSpawnRateScale:1.0]]
[2020.03.25-22.03.46:902][  0]LogConfig: Setting CVar [[r.ParticleLightQuality:2]]
[2020.03.25-22.03.46:902][  0]LogConfig: Applying CVar settings from Section [FoliageQuality@3] File [D:/William Lau/Epic Games/Unreal Projects/GitHub Projects/CS447-3D-Game/CS447_3D_Game/Saved/Config/Windows/Scalability.ini]
[2020.03.25-22.03.46:902][  0]LogConfig: Setting CVar [[foliage.DensityScale:1.0]]
[2020.03.25-22.03.46:902][  0]LogConfig: Setting CVar [[grass.DensityScale:1.0]]
[2020.03.25-22.03.46:902][  0]LogInit: Selected Device Profile: [Windows]
[2020.03.25-22.03.46:902][  0]LogInit: Applying CVar settings loaded from the selected device profile: [Windows]
[2020.03.25-22.03.46:925][  0]LogHAL: Display: Platform has ~ 16 GB [17129947136 / 17179869184 / 16], which maps to Larger [LargestMinGB=32, LargerMinGB=12, DefaultMinGB=8, SmallerMinGB=6, SmallestMinGB=0)
[2020.03.25-22.03.46:925][  0]LogConfig: Setting CVar [[r.Vulkan.UseRealUBs:0		; Required until we fix HLR fall-out]]
[2020.03.25-22.03.46:926][  0]LogInit: Going up to parent DeviceProfile []
[2020.03.25-22.03.46:926][  0]LogConfig: Applying CVar settings from Section [ViewDistanceQuality@3] File [D:/William Lau/Epic Games/Unreal Projects/GitHub Projects/CS447-3D-Game/CS447_3D_Game/Saved/Config/Windows/Scalability.ini]
[2020.03.25-22.03.46:926][  0]LogConfig: Setting CVar [[r.SkeletalMeshLODBias:0]]
[2020.03.25-22.03.46:926][  0]LogConfig: Setting CVar [[r.ViewDistanceScale:1.0]]
[2020.03.25-22.03.46:926][  0]LogConfig: Applying CVar settings from Section [AntiAliasingQuality@3] File [D:/William Lau/Epic Games/Unreal Projects/GitHub Projects/CS447-3D-Game/CS447_3D_Game/Saved/Config/Windows/Scalability.ini]
[2020.03.25-22.03.46:926][  0]LogConfig: Setting CVar [[r.PostProcessAAQuality:4]]
[2020.03.25-22.03.46:926][  0]LogConfig: Applying CVar settings from Section [ShadowQuality@3] File [D:/William Lau/Epic Games/Unreal Projects/GitHub Projects/CS447-3D-Game/CS447_3D_Game/Saved/Config/Windows/Scalability.ini]
[2020.03.25-22.03.46:926][  0]LogConfig: Setting CVar [[r.LightFunctionQuality:1]]
[2020.03.25-22.03.46:926][  0]LogConfig: Setting CVar [[r.ShadowQuality:5]]
[2020.03.25-22.03.46:926][  0]LogConfig: Setting CVar [[r.Shadow.CSM.MaxCascades:10]]
[2020.03.25-22.03.46:926][  0]LogConfig: Setting CVar [[r.Shadow.MaxResolution:2048]]
[2020.03.25-22.03.46:926][  0]LogConfig: Setting CVar [[r.Shadow.MaxCSMResolution:2048]]
[2020.03.25-22.03.46:926][  0]LogConfig: Setting CVar [[r.Shadow.RadiusThreshold:0.01]]
[2020.03.25-22.03.46:926][  0]LogConfig: Setting CVar [[r.Shadow.DistanceScale:1.0]]
[2020.03.25-22.03.46:926][  0]LogConfig: Setting CVar [[r.Shadow.CSM.TransitionScale:1.0]]
[2020.03.25-22.03.46:926][  0]LogConfig: Setting CVar [[r.Shadow.PreShadowResolutionFactor:1.0]]
[2020.03.25-22.03.46:926][  0]LogConfig: Setting CVar [[r.DistanceFieldShadowing:1]]
[2020.03.25-22.03.46:926][  0]LogConfig: Setting CVar [[r.DistanceFieldAO:1]]
[2020.03.25-22.03.46:926][  0]LogConfig: Setting CVar [[r.AOQuality:2]]
[2020.03.25-22.03.46:926][  0]LogConfig: Setting CVar [[r.VolumetricFog:1]]
[2020.03.25-22.03.46:926][  0]LogConfig: Setting CVar [[r.VolumetricFog.GridPixelSize:8]]
[2020.03.25-22.03.46:926][  0]LogConfig: Setting CVar [[r.VolumetricFog.GridSizeZ:128]]
[2020.03.25-22.03.46:926][  0]LogConfig: Setting CVar [[r.VolumetricFog.HistoryMissSupersampleCount:4]]
[2020.03.25-22.03.46:926][  0]LogConfig: Setting CVar [[r.LightMaxDrawDistanceScale:1]]
[2020.03.25-22.03.46:926][  0]LogConfig: Setting CVar [[r.CapsuleShadows:1]]
[2020.03.25-22.03.46:926][  0]LogConfig: Applying CVar settings from Section [PostProcessQuality@3] File [D:/William Lau/Epic Games/Unreal Projects/GitHub Projects/CS447-3D-Game/CS447_3D_Game/Saved/Config/Windows/Scalability.ini]
[2020.03.25-22.03.46:926][  0]LogConfig: Setting CVar [[r.MotionBlurQuality:4]]
[2020.03.25-22.03.46:926][  0]LogConfig: Setting CVar [[r.AmbientOcclusionMipLevelFactor:0.4]]
[2020.03.25-22.03.46:926][  0]LogConfig: Setting CVar [[r.AmbientOcclusionMaxQuality:100]]
[2020.03.25-22.03.46:926][  0]LogConfig: Setting CVar [[r.AmbientOcclusionLevels:-1]]
[2020.03.25-22.03.46:926][  0]LogConfig: Setting CVar [[r.AmbientOcclusionRadiusScale:1.0]]
[2020.03.25-22.03.46:926][  0]LogConfig: Setting CVar [[r.DepthOfFieldQuality:2]]
[2020.03.25-22.03.46:926][  0]LogConfig: Setting CVar [[r.RenderTargetPoolMin:400]]
[2020.03.25-22.03.46:926][  0]LogConfig: Setting CVar [[r.LensFlareQuality:2]]
[2020.03.25-22.03.46:926][  0]LogConfig: Setting CVar [[r.SceneColorFringeQuality:1]]
[2020.03.25-22.03.46:926][  0]LogConfig: Setting CVar [[r.EyeAdaptationQuality:2]]
[2020.03.25-22.03.46:926][  0]LogConfig: Setting CVar [[r.BloomQuality:5]]
[2020.03.25-22.03.46:926][  0]LogConfig: Setting CVar [[r.FastBlurThreshold:100]]
[2020.03.25-22.03.46:926][  0]LogConfig: Setting CVar [[r.Upscale.Quality:3]]
[2020.03.25-22.03.46:926][  0]LogConfig: Setting CVar [[r.Tonemapper.GrainQuantization:1]]
[2020.03.25-22.03.46:926][  0]LogConfig: Setting CVar [[r.LightShaftQuality:1]]
[2020.03.25-22.03.46:926][  0]LogConfig: Setting CVar [[r.Filter.SizeScale:1]]
[2020.03.25-22.03.46:926][  0]LogConfig: Setting CVar [[r.Tonemapper.Quality:5]]
[2020.03.25-22.03.46:926][  0]LogConfig: Setting CVar [[r.DOF.Gather.AccumulatorQuality:1        ; higher gathering accumulator quality]]
[2020.03.25-22.03.46:926][  0]LogConfig: Setting CVar [[r.DOF.Gather.PostfilterMethod:1          ; Median3x3 postfilering method]]
[2020.03.25-22.03.46:926][  0]LogConfig: Setting CVar [[r.DOF.Gather.EnableBokehSettings:0       ; no bokeh simulation when gathering]]
[2020.03.25-22.03.46:926][  0]LogConfig: Setting CVar [[r.DOF.Gather.RingCount:4                 ; medium number of samples when gathering]]
[2020.03.25-22.03.46:926][  0]LogConfig: Setting CVar [[r.DOF.Scatter.ForegroundCompositing:1    ; additive foreground scattering]]
[2020.03.25-22.03.46:926][  0]LogConfig: Setting CVar [[r.DOF.Scatter.BackgroundCompositing:2    ; additive background scattering]]
[2020.03.25-22.03.46:926][  0]LogConfig: Setting CVar [[r.DOF.Scatter.EnableBokehSettings:1      ; bokeh simulation when scattering]]
[2020.03.25-22.03.46:926][  0]LogConfig: Setting CVar [[r.DOF.Scatter.MaxSpriteRatio:0.1         ; only a maximum of 10% of scattered bokeh]]
[2020.03.25-22.03.46:926][  0]LogConfig: Setting CVar [[r.DOF.Recombine.Quality:1                ; cheap slight out of focus]]
[2020.03.25-22.03.46:926][  0]LogConfig: Setting CVar [[r.DOF.Recombine.EnableBokehSettings:0    ; no bokeh simulation on slight out of focus]]
[2020.03.25-22.03.46:926][  0]LogConfig: Setting CVar [[r.DOF.TemporalAAQuality:1                ; more stable temporal accumulation]]
[2020.03.25-22.03.46:926][  0]LogConfig: Setting CVar [[r.DOF.Kernel.MaxForegroundRadius:0.025]]
[2020.03.25-22.03.46:926][  0]LogConfig: Setting CVar [[r.DOF.Kernel.MaxBackgroundRadius:0.025]]
[2020.03.25-22.03.46:926][  0]LogConfig: Applying CVar settings from Section [TextureQuality@3] File [D:/William Lau/Epic Games/Unreal Projects/GitHub Projects/CS447-3D-Game/CS447_3D_Game/Saved/Config/Windows/Scalability.ini]
[2020.03.25-22.03.46:926][  0]LogConfig: Setting CVar [[r.Streaming.MipBias:0]]
[2020.03.25-22.03.46:926][  0]LogConfig: Setting CVar [[r.Streaming.AmortizeCPUToGPUCopy:0]]
[2020.03.25-22.03.46:926][  0]LogConfig: Setting CVar [[r.Streaming.MaxNumTexturesToStreamPerFrame:0]]
[2020.03.25-22.03.46:927][  0]LogConfig: Setting CVar [[r.Streaming.Boost:1]]
[2020.03.25-22.03.46:927][  0]LogConfig: Setting CVar [[r.MaxAnisotropy:8]]
[2020.03.25-22.03.46:927][  0]LogConfig: Setting CVar [[r.Streaming.LimitPoolSizeToVRAM:0]]
[2020.03.25-22.03.46:927][  0]LogConfig: Setting CVar [[r.Streaming.PoolSize:1000]]
[2020.03.25-22.03.46:927][  0]LogConfig: Setting CVar [[r.Streaming.MaxEffectiveScreenSize:0]]
[2020.03.25-22.03.46:927][  0]LogConfig: Applying CVar settings from Section [EffectsQuality@3] File [D:/William Lau/Epic Games/Unreal Projects/GitHub Projects/CS447-3D-Game/CS447_3D_Game/Saved/Config/Windows/Scalability.ini]
[2020.03.25-22.03.46:927][  0]LogConfig: Setting CVar [[r.TranslucencyLightingVolumeDim:64]]
[2020.03.25-22.03.46:927][  0]LogConfig: Setting CVar [[r.RefractionQuality:2]]
[2020.03.25-22.03.46:927][  0]LogConfig: Setting CVar [[r.SSR.Quality:3]]
[2020.03.25-22.03.46:927][  0]LogConfig: Setting CVar [[r.SceneColorFormat:4]]
[2020.03.25-22.03.46:927][  0]LogConfig: Setting CVar [[r.DetailMode:2]]
[2020.03.25-22.03.46:927][  0]LogConfig: Setting CVar [[r.TranslucencyVolumeBlur:1]]
[2020.03.25-22.03.46:927][  0]LogConfig: Setting CVar [[r.MaterialQualityLevel:1 ; High quality]]
[2020.03.25-22.03.46:927][  0]LogConfig: Setting CVar [[r.SSS.Scale:1]]
[2020.03.25-22.03.46:927][  0]LogConfig: Setting CVar [[r.SSS.SampleSet:2]]
[2020.03.25-22.03.46:927][  0]LogConfig: Setting CVar [[r.SSS.Quality:1]]
[2020.03.25-22.03.46:927][  0]LogConfig: Setting CVar [[r.SSS.HalfRes:1]]
[2020.03.25-22.03.46:927][  0]LogConfig: Setting CVar [[r.EmitterSpawnRateScale:1.0]]
[2020.03.25-22.03.46:927][  0]LogConfig: Setting CVar [[r.ParticleLightQuality:2]]
[2020.03.25-22.03.46:927][  0]LogConfig: Applying CVar settings from Section [FoliageQuality@3] File [D:/William Lau/Epic Games/Unreal Projects/GitHub Projects/CS447-3D-Game/CS447_3D_Game/Saved/Config/Windows/Scalability.ini]
[2020.03.25-22.03.46:927][  0]LogConfig: Setting CVar [[foliage.DensityScale:1.0]]
[2020.03.25-22.03.46:927][  0]LogConfig: Setting CVar [[grass.DensityScale:1.0]]
[2020.03.25-22.03.46:927][  0]LogConfig: Applying CVar settings from Section [Startup] File [../../../Engine/Config/ConsoleVariables.ini]
[2020.03.25-22.03.46:927][  0]LogConfig: Setting CVar [[net.UseAdaptiveNetUpdateFrequency:0]]
[2020.03.25-22.03.46:927][  0]LogConfig: Setting CVar [[p.chaos.AllowCreatePhysxBodies:1]]
[2020.03.25-22.03.46:927][  0]LogConfig: Applying CVar settings from Section [ConsoleVariables] File [D:/William Lau/Epic Games/Unreal Projects/GitHub Projects/CS447-3D-Game/CS447_3D_Game/Saved/Config/Windows/Engine.ini]
[2020.03.25-22.03.46:927][  0]LogInit: Computer: DESKTOP-8V9CDJI
[2020.03.25-22.03.46:927][  0]LogInit: User: WilliamLau
[2020.03.25-22.03.46:927][  0]LogInit: CPU Page size=4096, Cores=6
[2020.03.25-22.03.46:927][  0]LogInit: High frequency timer resolution =10.000000 MHz
[2020.03.25-22.03.46:928][  0]LogMemory: Memory total: Physical=16.0GB (16GB approx)
[2020.03.25-22.03.46:928][  0]LogMemory: Platform Memory Stats for Windows
[2020.03.25-22.03.46:928][  0]LogMemory: Process Physical Memory: 98.85 MB used, 98.86 MB peak
[2020.03.25-22.03.46:928][  0]LogMemory: Process Virtual Memory: 90.10 MB used, 90.10 MB peak
[2020.03.25-22.03.46:928][  0]LogMemory: Physical Memory: 6443.03 MB used,  9893.36 MB free, 16336.39 MB total
[2020.03.25-22.03.46:928][  0]LogMemory: Virtual Memory: 4660.49 MB used,  134213064.00 MB free, 134217728.00 MB total
[2020.03.25-22.03.46:949][  0]LogInit: Using OS detected language (en-US).
[2020.03.25-22.03.46:949][  0]LogInit: Using OS detected locale (en-US).
[2020.03.25-22.03.46:950][  0]LogTextLocalizationManager: No specific localization for 'en-US' exists, so the 'en' localization will be used.
[2020.03.25-22.03.47:128][  0]LogInit: Setting process to per monitor DPI aware
[2020.03.25-22.03.47:166][  0]LogSlate: New Slate User Created.  User Index 0, Is Virtual User: 0
[2020.03.25-22.03.47:166][  0]LogSlate: Slate User Registered.  User Index 0, Is Virtual User: 0
[2020.03.25-22.03.47:437][  0]LogHMD: Failed to initialize OpenVR with code 110
[2020.03.25-22.03.47:438][  0]LogD3D11RHI: D3D11 adapters:
[2020.03.25-22.03.47:522][  0]LogD3D11RHI:    0. 'NVIDIA GeForce GTX 1060 6GB' (Feature Level 11_0)
[2020.03.25-22.03.47:522][  0]LogD3D11RHI:       6052/0/8168 MB DedicatedVideo/DedicatedSystem/SharedSystem, Outputs:1, VendorId:0x10de
[2020.03.25-22.03.47:524][  0]LogD3D11RHI:    1. 'Microsoft Basic Render Driver' (Feature Level 11_0)
[2020.03.25-22.03.47:524][  0]LogD3D11RHI:       0/0/8168 MB DedicatedVideo/DedicatedSystem/SharedSystem, Outputs:0, VendorId:0x1414
[2020.03.25-22.03.47:524][  0]LogD3D11RHI: Chosen D3D11 Adapter: 0
[2020.03.25-22.03.47:535][  0]LogD3D11RHI: Creating new Direct3DDevice
[2020.03.25-22.03.47:535][  0]LogD3D11RHI:     GPU DeviceId: 0x1c03 (for the marketing name, search the web for "GPU Device Id")
[2020.03.25-22.03.47:535][  0]LogWindows: EnumDisplayDevices:
[2020.03.25-22.03.47:535][  0]LogWindows:    0. 'NVIDIA GeForce GTX 1060 6GB' (P:1 D:1)
[2020.03.25-22.03.47:536][  0]LogWindows:    1. 'NVIDIA GeForce GTX 1060 6GB' (P:0 D:0)
[2020.03.25-22.03.47:536][  0]LogWindows:    2. 'NVIDIA GeForce GTX 1060 6GB' (P:0 D:0)
[2020.03.25-22.03.47:536][  0]LogWindows:    3. 'NVIDIA GeForce GTX 1060 6GB' (P:0 D:0)
[2020.03.25-22.03.47:536][  0]LogWindows: DebugString: FoundDriverCount:4 
[2020.03.25-22.03.47:536][  0]LogD3D11RHI:     Adapter Name: NVIDIA GeForce GTX 1060 6GB
[2020.03.25-22.03.47:536][  0]LogD3D11RHI:   Driver Version: 445.75 (internal:26.21.14.4575, unified:445.75)
[2020.03.25-22.03.47:536][  0]LogD3D11RHI:      Driver Date: 3-17-2020
[2020.03.25-22.03.47:536][  0]LogRHI: Texture pool is 4236 MB (70% of 6052 MB)
[2020.03.25-22.03.47:597][  0]LogD3D11RHI: Async texture creation enabled
[2020.03.25-22.03.47:615][  0]LogRendererCore: FGlobalReadBuffer::InitRHI
[2020.03.25-22.03.47:616][  0]LogRendererCore: FGlobalReadBuffer::InitRHI
[2020.03.25-22.03.47:616][  0]LogRendererCore: FGlobalReadBuffer::InitRHI
[2020.03.25-22.03.47:624][  0]LogD3D11RHI: GPU Timing Frequency: 1000.000000 (Debug: 2 1)
[2020.03.25-22.03.47:626][  0]LogD3D11RHI: HDR output is supported on display 0 (NvId: 0x80061085).
[2020.03.25-22.03.47:919][  0]LogTemp: Display: Module 'AllDesktopTargetPlatform' loaded TargetPlatform 'AllDesktop'
[2020.03.25-22.03.47:934][  0]LogTemp: Display: Module 'MacClientTargetPlatform' loaded TargetPlatform 'MacClient'
[2020.03.25-22.03.47:950][  0]LogTemp: Display: Module 'MacNoEditorTargetPlatform' loaded TargetPlatform 'MacNoEditor'
[2020.03.25-22.03.47:966][  0]LogTemp: Display: Module 'MacServerTargetPlatform' loaded TargetPlatform 'MacServer'
[2020.03.25-22.03.47:982][  0]LogTemp: Display: Module 'MacTargetPlatform' loaded TargetPlatform 'Mac'
[2020.03.25-22.03.48:002][  0]LogTemp: Display: Module 'WindowsClientTargetPlatform' loaded TargetPlatform 'WindowsClient'
[2020.03.25-22.03.48:018][  0]LogTemp: Display: Module 'WindowsNoEditorTargetPlatform' loaded TargetPlatform 'WindowsNoEditor'
[2020.03.25-22.03.48:034][  0]LogTemp: Display: Module 'WindowsServerTargetPlatform' loaded TargetPlatform 'WindowsServer'
[2020.03.25-22.03.48:041][  0]LogTemp: Display: Module 'WindowsTargetPlatform' loaded TargetPlatform 'Windows'
[2020.03.25-22.03.48:136][  0]LogTemp: Display: Module 'AndroidTargetPlatform' loaded TargetPlatform 'Android'
[2020.03.25-22.03.48:136][  0]LogTemp: Display: Module 'AndroidTargetPlatform' loaded TargetPlatform 'Android_ASTC'
[2020.03.25-22.03.48:136][  0]LogTemp: Display: Module 'AndroidTargetPlatform' loaded TargetPlatform 'Android_ATC'
[2020.03.25-22.03.48:136][  0]LogTemp: Display: Module 'AndroidTargetPlatform' loaded TargetPlatform 'Android_DXT'
[2020.03.25-22.03.48:136][  0]LogTemp: Display: Module 'AndroidTargetPlatform' loaded TargetPlatform 'Android_ETC1'
[2020.03.25-22.03.48:136][  0]LogTemp: Display: Module 'AndroidTargetPlatform' loaded TargetPlatform 'Android_ETC1a'
[2020.03.25-22.03.48:136][  0]LogTemp: Display: Module 'AndroidTargetPlatform' loaded TargetPlatform 'Android_ETC2'
[2020.03.25-22.03.48:136][  0]LogTemp: Display: Module 'AndroidTargetPlatform' loaded TargetPlatform 'Android_PVRTC'
[2020.03.25-22.03.48:136][  0]LogTemp: Display: Module 'AndroidTargetPlatform' loaded TargetPlatform 'AndroidClient'
[2020.03.25-22.03.48:136][  0]LogTemp: Display: Module 'AndroidTargetPlatform' loaded TargetPlatform 'Android_ASTCClient'
[2020.03.25-22.03.48:136][  0]LogTemp: Display: Module 'AndroidTargetPlatform' loaded TargetPlatform 'Android_ATCClient'
[2020.03.25-22.03.48:136][  0]LogTemp: Display: Module 'AndroidTargetPlatform' loaded TargetPlatform 'Android_DXTClient'
[2020.03.25-22.03.48:136][  0]LogTemp: Display: Module 'AndroidTargetPlatform' loaded TargetPlatform 'Android_ETC1Client'
[2020.03.25-22.03.48:136][  0]LogTemp: Display: Module 'AndroidTargetPlatform' loaded TargetPlatform 'Android_ETC1aClient'
[2020.03.25-22.03.48:136][  0]LogTemp: Display: Module 'AndroidTargetPlatform' loaded TargetPlatform 'Android_ETC2Client'
[2020.03.25-22.03.48:136][  0]LogTemp: Display: Module 'AndroidTargetPlatform' loaded TargetPlatform 'Android_PVRTCClient'
[2020.03.25-22.03.48:136][  0]LogTemp: Display: Module 'AndroidTargetPlatform' loaded TargetPlatform 'Android_Multi'
[2020.03.25-22.03.48:136][  0]LogTemp: Display: Module 'AndroidTargetPlatform' loaded TargetPlatform 'Android_MultiClient'
[2020.03.25-22.03.48:138][  0]LogTemp: Display: Module 'HTML5TargetPlatform' loaded TargetPlatform 'HTML5'
[2020.03.25-22.03.48:191][  0]LogTemp: Display: Module 'IOSTargetPlatform' loaded TargetPlatform 'IOSClient'
[2020.03.25-22.03.48:191][  0]LogTemp: Display: Module 'IOSTargetPlatform' loaded TargetPlatform 'IOS'
[2020.03.25-22.03.48:225][  0]LogTemp: Display: Module 'TVOSTargetPlatform' loaded TargetPlatform 'TVOSClient'
[2020.03.25-22.03.48:225][  0]LogTemp: Display: Module 'TVOSTargetPlatform' loaded TargetPlatform 'TVOS'
[2020.03.25-22.03.48:246][  0]LogTemp: Display: Module 'LinuxClientTargetPlatform' loaded TargetPlatform 'LinuxClient'
[2020.03.25-22.03.48:266][  0]LogTemp: Display: Module 'LinuxNoEditorTargetPlatform' loaded TargetPlatform 'LinuxNoEditor'
[2020.03.25-22.03.48:282][  0]LogTemp: Display: Module 'LinuxServerTargetPlatform' loaded TargetPlatform 'LinuxServer'
[2020.03.25-22.03.48:297][  0]LogTemp: Display: Module 'LinuxTargetPlatform' loaded TargetPlatform 'Linux'
[2020.03.25-22.03.48:350][  0]LogTemp: Display: Module 'LuminTargetPlatform' loaded TargetPlatform 'Lumin'
[2020.03.25-22.03.48:350][  0]LogTemp: Display: Module 'LuminTargetPlatform' loaded TargetPlatform 'LuminClient'
[2020.03.25-22.03.48:350][  0]LogTargetPlatformManager: Display: Building Assets For Windows
[2020.03.25-22.03.48:358][  0]LogAudioDebug: Display: Lib vorbis DLL was dynamically loaded.
[2020.03.25-22.03.48:401][  0]LogShaderCompilers: Guid format shader working directory is -20 characters bigger than the processId version (../../../../Unreal Projects/GitHub Projects/CS447-3D-Game/CS447_3D_Game/Intermediate/Shaders/WorkingDirectory/18984/).
[2020.03.25-22.03.48:401][  0]LogShaderCompilers: Cleaned the shader compiler working directory 'C:/Users/William Lau/AppData/Local/Temp/UnrealShaderWorkingDir/CFF9C4A04EAA3F7FC58B0B95D152E925/'.
[2020.03.25-22.03.48:403][  0]LogXGEController: Cannot use XGE Controller as Incredibuild is not installed on this machine.
[2020.03.25-22.03.48:403][  0]LogShaderCompilers: Cannot use XGE Shader Compiler as Incredibuild is not installed on this machine.
[2020.03.25-22.03.48:403][  0]LogShaderCompilers: Display: Using Local Shader Compiler.
[2020.03.25-22.03.48:998][  0]LogDerivedDataCache: Display: Max Cache Size: 512 MB
[2020.03.25-22.03.49:048][  0]LogDerivedDataCache: Loaded boot cache 0.05s 71MB C:/Users/William Lau/AppData/Local/UnrealEngine/4.22/DerivedDataCache/Boot.ddc.
[2020.03.25-22.03.49:048][  0]LogDerivedDataCache: Display: Loaded Boot cache: C:/Users/William Lau/AppData/Local/UnrealEngine/4.22/DerivedDataCache/Boot.ddc
[2020.03.25-22.03.49:049][  0]LogDerivedDataCache: FDerivedDataBackendGraph:  Pak pak cache file ../../../../Unreal Projects/GitHub Projects/CS447-3D-Game/CS447_3D_Game/DerivedDataCache/DDC.ddp not found, will not use a pak cache.
[2020.03.25-22.03.49:049][  0]LogDerivedDataCache: Unable to find inner node Pak for hierarchical cache Hierarchy.
[2020.03.25-22.03.49:049][  0]LogDerivedDataCache: FDerivedDataBackendGraph:  CompressedPak pak cache file ../../../../Unreal Projects/GitHub Projects/CS447-3D-Game/CS447_3D_Game/DerivedDataCache/Compressed.ddp not found, will not use a pak cache.
[2020.03.25-22.03.49:049][  0]LogDerivedDataCache: Unable to find inner node CompressedPak for hierarchical cache Hierarchy.
[2020.03.25-22.03.49:062][  0]LogDerivedDataCache: Display: Pak cache opened for reading ../../../Engine/DerivedDataCache/Compressed.ddp.
[2020.03.25-22.03.49:062][  0]LogDerivedDataCache: FDerivedDataBackendGraph:  EnterprisePak pak cache file ../../../Enterprise/DerivedDataCache/Compressed.ddp not found, will not use a pak cache.
[2020.03.25-22.03.49:062][  0]LogDerivedDataCache: Unable to find inner node EnterprisePak for hierarchical cache Hierarchy.
[2020.03.25-22.03.49:074][  0]LogDerivedDataCache: Using Local data cache path C:/Users/William Lau/AppData/Local/UnrealEngine/Common/DerivedDataCache: Writable
[2020.03.25-22.03.49:074][  0]LogDerivedDataCache: Shared data cache path not found in *engine.ini, will not use an Shared cache.
[2020.03.25-22.03.49:074][  0]LogDerivedDataCache: Unable to find inner node Shared for hierarchical cache Hierarchy.
[2020.03.25-22.03.49:097][  0]LogMaterial: Verifying Global Shaders for PCD3D_SM5
[2020.03.25-22.03.49:098][  0]LogSlate: Using FreeType 2.6.0
[2020.03.25-22.03.49:099][  0]LogSlate: SlateFontServices - WITH_FREETYPE: 1, WITH_HARFBUZZ: 1
[2020.03.25-22.03.49:200][  0]LogAssetRegistry: FAssetRegistry took 0.0360 seconds to start up
[2020.03.25-22.03.49:580][  0]LogInit: Selected Device Profile: [Windows]
[2020.03.25-22.03.49:729][  0]LogMeshReduction: Using QuadricMeshReduction for automatic static mesh reduction
[2020.03.25-22.03.49:729][  0]LogMeshReduction: Using SimplygonMeshReduction for automatic skeletal mesh reduction
[2020.03.25-22.03.49:729][  0]LogMeshReduction: Using ProxyLODMeshReduction for automatic mesh merging
[2020.03.25-22.03.49:729][  0]LogMeshReduction: No distributed automatic mesh merging module available
[2020.03.25-22.03.49:729][  0]LogMeshMerging: No distributed automatic mesh merging module available
[2020.03.25-22.03.49:742][  0]LogNetVersion: CS447_3D_Game 1.0.0, NetCL: 5660361, EngineNetVer: 10, GameNetVer: 0 (Checksum: 3870487450)
[2020.03.25-22.03.50:193][  0]LogPackageLocalizationCache: Processed 10 localized package path(s) for 1 prioritized culture(s) in 0.069090 seconds
[2020.03.25-22.03.50:205][  0]LogUObjectArray: 42205 objects as part of root set at end of initial load.
[2020.03.25-22.03.50:205][  0]LogUObjectAllocator: 7325032 out of 0 bytes used by permanent object pool.
[2020.03.25-22.03.50:205][  0]LogUObjectArray: CloseDisregardForGC: 0/0 objects in disregard for GC pool
[2020.03.25-22.03.51:221][  0]LogTcpMessaging: Initializing TcpMessaging bridge
[2020.03.25-22.03.51:234][  0]LogUdpMessaging: Initializing bridge on interface 0.0.0.0:0 to multicast group 230.0.0.1:6666.
[2020.03.25-22.03.51:357][  0]SourceControl: Source control is disabled
[2020.03.25-22.03.52:535][  0]LogVSAccessor: Display: Unable to create Visual Studio setup instance: 80040154
[2020.03.25-22.03.52:537][  0]LogVSAccessor: Display: Unable to create Visual Studio setup instance: 80040154
[2020.03.25-22.03.52:622][  0]LogAndroidPermission: UAndroidPermissionCallbackProxy::GetInstance
[2020.03.25-22.03.52:729][  0]LogOcInput: OculusInput pre-init called
[2020.03.25-22.03.53:539][  0]LogEngine: Initializing Engine...
[2020.03.25-22.03.53:540][  0]LogHMD: Failed to initialize OpenVR with code 110
[2020.03.25-22.03.53:541][  0]LogStats: UGameplayTagsManager::InitializeManager -  0.000 s
[2020.03.25-22.03.53:765][  0]LogInit: Initializing FReadOnlyCVARCache
[2020.03.25-22.03.53:777][  0]LogAIModule: Creating AISystem for world Untitled
[2020.03.25-22.03.53:807][  0]LogInit: XAudio2 using 'Headset Earphone (HyperX Virtual Surround Sound)' : 2 channels at 48 kHz using 16 bits per sample (channel mask 0x3)
[2020.03.25-22.03.53:840][  0]LogInit: FAudioDevice initialized.
[2020.03.25-22.03.53:841][  0]LogNetVersion: Set ProjectVersion to 1.0.0.0. Version Checksum will be recalculated on next use.
[2020.03.25-22.03.53:936][  0]LogDerivedDataCache: Saved boot cache 0.09s 71MB C:/Users/William Lau/AppData/Local/UnrealEngine/4.22/DerivedDataCache/Boot.ddc.
[2020.03.25-22.03.53:941][  0]LogInit: Texture streaming: Enabled
[2020.03.25-22.03.53:958][  0]LogEngineSessionManager: EngineSessionManager initialized
[2020.03.25-22.03.53:980][  0]LogInit: Transaction tracking system initialized
[2020.03.25-22.03.53:998][  0]BlueprintLog: New page: Editor Load
[2020.03.25-22.03.54:075][  0]LocalizationService: Localization service is disabled
[2020.03.25-22.03.54:202][  0]LogVSAccessor: Display: Unable to create Visual Studio setup instance: 80040154
[2020.03.25-22.03.54:202][  0]LogVSAccessor: Display: Unable to create Visual Studio setup instance: 80040154
[2020.03.25-22.03.54:380][  0]LogCook: Display: Max memory allowance for cook 16384mb min free memory 0mb
[2020.03.25-22.03.54:380][  0]LogFileCache: Scanning file cache for directory 'D:/William Lau/Epic Games/Unreal Projects/GitHub Projects/CS447-3D-Game/CS447_3D_Game/Content/' took 0.02s
[2020.03.25-22.03.54:380][  0]LogCook: Display: Mobile HDR setting 1
[2020.03.25-22.03.54:566][  0]Cmd: MAP LOAD FILE="../../../../Unreal Projects/GitHub Projects/CS447-3D-Game/CS447_3D_Game/Content/ThirdPersonBP/Maps/ThirdPersonExampleMap.umap" TEMPLATE=0 SHOWPROGRESS=1 FEATURELEVEL=3
[2020.03.25-22.03.54:566][  0]LightingResults: New page: Lighting Build
[2020.03.25-22.03.54:568][  0]MapCheck: New page: Map Check
[2020.03.25-22.03.54:568][  0]LightingResults: New page: Lighting Build
[2020.03.25-22.03.54:604][  0]LogUObjectHash: Compacting FUObjectHashTables data took   1.66ms
[2020.03.25-22.03.55:365][  0]LogLinker: Warning: Can't find file '/Game/FreeFurniturePack/Textures/T_Classic_Commode_A'
[2020.03.25-22.03.55:365][  0]LogLinker: Warning: Can't find file for asset '/Game/FreeFurniturePack/Textures/T_Classic_Commode_A' while loading NULL.
[2020.03.25-22.03.55:365][  0]LogLinker: Warning: Can't find file '/Game/FreeFurniturePack/Textures/T_Classic_Commode_M_R_AO'
[2020.03.25-22.03.55:366][  0]LogLinker: Warning: Can't find file for asset '/Game/FreeFurniturePack/Textures/T_Classic_Commode_M_R_AO' while loading NULL.
[2020.03.25-22.03.55:366][  0]LogLinker: Warning: Can't find file '/Game/FreeFurniturePack/Textures/T_Classic_Commode_N'
[2020.03.25-22.03.55:366][  0]LogLinker: Warning: Can't find file for asset '/Game/FreeFurniturePack/Textures/T_Classic_Commode_N' while loading NULL.
[2020.03.25-22.03.55:366][  0]LogLinker: Warning: Can't find file '/Game/FreeFurniturePack/Textures/T_Classic_Commode_A'
[2020.03.25-22.03.55:366][  0]LogLinker: Warning: Can't find file for asset '/Game/FreeFurniturePack/Textures/T_Classic_Commode_A' while loading NULL.
[2020.03.25-22.03.55:366][  0]LogLinker: Warning: Can't find file '/Game/FreeFurniturePack/Textures/T_Classic_Commode_M_R_AO'
[2020.03.25-22.03.55:366][  0]LogLinker: Warning: Can't find file for asset '/Game/FreeFurniturePack/Textures/T_Classic_Commode_M_R_AO' while loading NULL.
[2020.03.25-22.03.55:366][  0]LogLinker: Warning: Can't find file '/Game/FreeFurniturePack/Textures/T_Classic_Commode_N'
[2020.03.25-22.03.55:366][  0]LogLinker: Warning: Can't find file for asset '/Game/FreeFurniturePack/Textures/T_Classic_Commode_N' while loading NULL.
[2020.03.25-22.03.55:373][  0]LogLinker: Warning: Can't find file '/Game/FreeFurniturePack/Textures/T_Classic_Cupboard_A'
[2020.03.25-22.03.55:373][  0]LogLinker: Warning: Can't find file for asset '/Game/FreeFurniturePack/Textures/T_Classic_Cupboard_A' while loading NULL.
[2020.03.25-22.03.55:374][  0]LogLinker: Warning: Can't find file '/Game/FreeFurniturePack/Textures/T_Classic_Cupboard_M_R_AO'
[2020.03.25-22.03.55:374][  0]LogLinker: Warning: Can't find file for asset '/Game/FreeFurniturePack/Textures/T_Classic_Cupboard_M_R_AO' while loading NULL.
[2020.03.25-22.03.55:374][  0]LogLinker: Warning: Can't find file '/Game/FreeFurniturePack/Textures/T_Classic_Cupboard_N'
[2020.03.25-22.03.55:374][  0]LogLinker: Warning: Can't find file for asset '/Game/FreeFurniturePack/Textures/T_Classic_Cupboard_N' while loading NULL.
[2020.03.25-22.03.55:374][  0]LogLinker: Warning: Can't find file '/Game/FreeFurniturePack/Textures/T_Classic_Cupboard_A'
[2020.03.25-22.03.55:374][  0]LogLinker: Warning: Can't find file for asset '/Game/FreeFurniturePack/Textures/T_Classic_Cupboard_A' while loading NULL.
[2020.03.25-22.03.55:374][  0]LogLinker: Warning: Can't find file '/Game/FreeFurniturePack/Textures/T_Classic_Cupboard_M_R_AO'
[2020.03.25-22.03.55:374][  0]LogLinker: Warning: Can't find file for asset '/Game/FreeFurniturePack/Textures/T_Classic_Cupboard_M_R_AO' while loading NULL.
[2020.03.25-22.03.55:375][  0]LogLinker: Warning: Can't find file '/Game/FreeFurniturePack/Textures/T_Classic_Cupboard_N'
[2020.03.25-22.03.55:375][  0]LogLinker: Warning: Can't find file for asset '/Game/FreeFurniturePack/Textures/T_Classic_Cupboard_N' while loading NULL.
[2020.03.25-22.03.56:176][  0]LogLinker: Warning: Can't find file '/Game/FreeFurniturePack/Textures/T_Classic_Commode_M_R_AO'
[2020.03.25-22.03.56:176][  0]LoadErrors: Failed to load /Game/FreeFurniturePack/Textures/T_Classic_Commode_M_R_AO.T_Classic_Commode_M_R_AO Referenced by MaterialExpressionTextureSample_0
[2020.03.25-22.03.56:176][  0]LogLinker: Warning: Can't find file for asset '/Game/FreeFurniturePack/Textures/T_Classic_Commode_M_R_AO' while loading NULL.
[2020.03.25-22.03.56:177][  0]LogLinker: Warning: Can't find file '/Game/FreeFurniturePack/Textures/T_Classic_Commode_A'
[2020.03.25-22.03.56:177][  0]LoadErrors: Failed to load /Game/FreeFurniturePack/Textures/T_Classic_Commode_A.T_Classic_Commode_A Referenced by MaterialExpressionTextureSample_1
[2020.03.25-22.03.56:177][  0]LogLinker: Warning: Can't find file for asset '/Game/FreeFurniturePack/Textures/T_Classic_Commode_A' while loading NULL.
[2020.03.25-22.03.56:177][  0]LogLinker: Warning: Can't find file '/Game/FreeFurniturePack/Textures/T_Classic_Commode_N'
[2020.03.25-22.03.56:177][  0]LoadErrors: Failed to load /Game/FreeFurniturePack/Textures/T_Classic_Commode_N.T_Classic_Commode_N Referenced by MaterialExpressionTextureSample_2
[2020.03.25-22.03.56:177][  0]LogLinker: Warning: Can't find file for asset '/Game/FreeFurniturePack/Textures/T_Classic_Commode_N' while loading NULL.
[2020.03.25-22.03.56:183][  0]LogLinker: Warning: Can't find file '/Game/FreeFurniturePack/Textures/T_Classic_Cupboard_A'
[2020.03.25-22.03.56:183][  0]LoadErrors: Failed to load /Game/FreeFurniturePack/Textures/T_Classic_Cupboard_A.T_Classic_Cupboard_A Referenced by MaterialExpressionTextureSample_0
[2020.03.25-22.03.56:183][  0]LogLinker: Warning: Can't find file for asset '/Game/FreeFurniturePack/Textures/T_Classic_Cupboard_A' while loading NULL.
[2020.03.25-22.03.56:184][  0]LogLinker: Warning: Can't find file '/Game/FreeFurniturePack/Textures/T_Classic_Cupboard_M_R_AO'
[2020.03.25-22.03.56:184][  0]LoadErrors: Failed to load /Game/FreeFurniturePack/Textures/T_Classic_Cupboard_M_R_AO.T_Classic_Cupboard_M_R_AO Referenced by MaterialExpressionTextureSample_1
[2020.03.25-22.03.56:184][  0]LogLinker: Warning: Can't find file for asset '/Game/FreeFurniturePack/Textures/T_Classic_Cupboard_M_R_AO' while loading NULL.
[2020.03.25-22.03.56:184][  0]LogLinker: Warning: Can't find file '/Game/FreeFurniturePack/Textures/T_Classic_Cupboard_N'
[2020.03.25-22.03.56:184][  0]LoadErrors: Failed to load /Game/FreeFurniturePack/Textures/T_Classic_Cupboard_N.T_Classic_Cupboard_N Referenced by MaterialExpressionTextureSample_2
[2020.03.25-22.03.56:184][  0]LogLinker: Warning: Can't find file for asset '/Game/FreeFurniturePack/Textures/T_Classic_Cupboard_N' while loading NULL.
[2020.03.25-22.03.56:625][  0]LogMaterial: Display: Missing cached shader map for material M_Classic_Commode, compiling. 
[2020.03.25-22.03.56:627][  0]LogMaterial: Warning: D:\William Lau\Epic Games\Unreal Projects\GitHub Projects\CS447-3D-Game\CS447_3D_Game\Content\FreeFurniturePack\Materials\M_Classic_Commode.uasset: Failed to compile Material for platform PCD3D_SM5, Default Material will be used in game.
[2020.03.25-22.03.56:627][  0]LogMaterial: 	(Node TextureSample) Texture Sample> Missing input texture
[2020.03.25-22.03.56:676][  0]LogMaterial: Display: Missing cached shader map for material M_Classic_Cupboard, compiling. 
[2020.03.25-22.03.56:676][  0]LogMaterial: Warning: D:\William Lau\Epic Games\Unreal Projects\GitHub Projects\CS447-3D-Game\CS447_3D_Game\Content\FreeFurniturePack\Materials\M_Classic_Cupboard.uasset: Failed to compile Material for platform PCD3D_SM5, Default Material will be used in game.
[2020.03.25-22.03.56:676][  0]LogMaterial: 	(Node TextureSample) Texture Sample> Missing input texture
[2020.03.25-22.03.56:851][  0]LogAIModule: Creating AISystem for world ThirdPersonExampleMap
[2020.03.25-22.03.56:916][  0]LogEditorServer: Finished looking for orphan Actors (0.000 secs)
[2020.03.25-22.03.56:956][  0]LogUObjectHash: Compacting FUObjectHashTables data took   2.65ms
[2020.03.25-22.03.56:956][  0]Cmd: MAP CHECKDEP NOCLEARLOG
[2020.03.25-22.03.56:957][  0]MapCheck: Map check complete: 0 Error(s), 0 Warning(s), took 0.137ms to complete.
[2020.03.25-22.03.56:957][  0]LogFileHelpers: Loading map 'ThirdPersonExampleMap' took 2.391
[2020.03.25-22.03.57:082][  0]LogSlate: Updating window title bar state: overlay mode, drag disabled, window buttons hidden, title bar hidden
[2020.03.25-22.03.57:090][  0]LogSlate: Updating window title bar state: overlay mode, drag disabled, window buttons hidden, title bar hidden
[2020.03.25-22.03.57:098][  0]LogSlate: Updating window title bar state: overlay mode, drag disabled, window buttons hidden, title bar hidden
[2020.03.25-22.03.57:108][  0]LogSlate: Updating window title bar state: overlay mode, drag disabled, window buttons hidden, title bar hidden
[2020.03.25-22.03.57:118][  0]LogCollectionManager: Loaded 0 collections in 0.001198 seconds
[2020.03.25-22.03.57:162][  0]LogFileCache: Scanning file cache for directory 'D:/William Lau/Epic Games/Unreal Projects/GitHub Projects/CS447-3D-Game/CS447_3D_Game/Saved/Collections/' took 0.01s
[2020.03.25-22.03.57:162][  0]LogFileCache: Scanning file cache for directory 'D:/William Lau/Epic Games/Unreal Projects/GitHub Projects/CS447-3D-Game/CS447_3D_Game/Content/Developers/WilliamLau/Collections/' took 0.01s
[2020.03.25-22.03.57:162][  0]LogFileCache: Scanning file cache for directory 'D:/William Lau/Epic Games/Unreal Projects/GitHub Projects/CS447-3D-Game/CS447_3D_Game/Content/Collections/' took 0.01s
[2020.03.25-22.03.57:163][  0]LogCollectionManager: Rebuilt the GUID cache for 0 collections in 0.000000 seconds
[2020.03.25-22.03.57:173][  0]LogContentBrowser: Native class hierarchy populated in 0.0104 seconds. Added 2732 classes and 659 folders.
[2020.03.25-22.03.57:180][  0]LogContentBrowser: Native class hierarchy updated for 'WidgetCarousel' in 0.0003 seconds. Added 0 classes and 0 folders.
[2020.03.25-22.03.57:191][  0]LogPakFile: Registered encryption key '00000000000000000000000000000000': 0 pak files mounted, 0 remain pending
[2020.03.25-22.03.57:200][  0]LogPakFile: Registered encryption key '00000000000000000000000000000000': 0 pak files mounted, 0 remain pending
[2020.03.25-22.03.57:219][  0]LogPakFile: Registered encryption key '00000000000000000000000000000000': 0 pak files mounted, 0 remain pending
[2020.03.25-22.03.57:228][  0]LogPakFile: Registered encryption key '00000000000000000000000000000000': 0 pak files mounted, 0 remain pending
[2020.03.25-22.03.57:235][  0]LogPakFile: Registered encryption key '00000000000000000000000000000000': 0 pak files mounted, 0 remain pending
[2020.03.25-22.03.57:242][  0]LogPakFile: Registered encryption key '00000000000000000000000000000000': 0 pak files mounted, 0 remain pending
[2020.03.25-22.03.57:248][  0]LogPakFile: Registered encryption key '00000000000000000000000000000000': 0 pak files mounted, 0 remain pending
[2020.03.25-22.03.57:255][  0]LogPakFile: Registered encryption key '00000000000000000000000000000000': 0 pak files mounted, 0 remain pending
[2020.03.25-22.03.57:263][  0]LogPakFile: Registered encryption key '00000000000000000000000000000000': 0 pak files mounted, 0 remain pending
[2020.03.25-22.03.57:270][  0]LogPakFile: Registered encryption key '00000000000000000000000000000000': 0 pak files mounted, 0 remain pending
[2020.03.25-22.03.57:277][  0]LogPakFile: Registered encryption key '00000000000000000000000000000000': 0 pak files mounted, 0 remain pending
[2020.03.25-22.03.57:284][  0]LogPakFile: Registered encryption key '00000000000000000000000000000000': 0 pak files mounted, 0 remain pending
[2020.03.25-22.03.57:291][  0]LogPakFile: Registered encryption key '00000000000000000000000000000000': 0 pak files mounted, 0 remain pending
[2020.03.25-22.03.57:298][  0]LogPakFile: Registered encryption key '00000000000000000000000000000000': 0 pak files mounted, 0 remain pending
[2020.03.25-22.03.57:304][  0]LogPakFile: Registered encryption key '00000000000000000000000000000000': 0 pak files mounted, 0 remain pending
[2020.03.25-22.03.57:312][  0]LogPakFile: Registered encryption key '00000000000000000000000000000000': 0 pak files mounted, 0 remain pending
[2020.03.25-22.03.57:342][  0]LogPakFile: Registered encryption key '00000000000000000000000000000000': 0 pak files mounted, 0 remain pending
[2020.03.25-22.03.57:349][  0]LogPakFile: Registered encryption key '00000000000000000000000000000000': 0 pak files mounted, 0 remain pending
[2020.03.25-22.03.57:356][  0]LogPakFile: Registered encryption key '00000000000000000000000000000000': 0 pak files mounted, 0 remain pending
[2020.03.25-22.03.57:364][  0]LogPakFile: Registered encryption key '00000000000000000000000000000000': 0 pak files mounted, 0 remain pending
[2020.03.25-22.03.57:372][  0]LogPakFile: Registered encryption key '00000000000000000000000000000000': 0 pak files mounted, 0 remain pending
[2020.03.25-22.03.57:379][  0]LogPakFile: Registered encryption key '00000000000000000000000000000000': 0 pak files mounted, 0 remain pending
[2020.03.25-22.03.57:386][  0]LogPakFile: Registered encryption key '00000000000000000000000000000000': 0 pak files mounted, 0 remain pending
[2020.03.25-22.03.57:394][  0]LogPakFile: Registered encryption key '00000000000000000000000000000000': 0 pak files mounted, 0 remain pending
[2020.03.25-22.03.57:402][  0]LogPakFile: Registered encryption key '00000000000000000000000000000000': 0 pak files mounted, 0 remain pending
[2020.03.25-22.03.57:409][  0]LogPakFile: Registered encryption key '00000000000000000000000000000000': 0 pak files mounted, 0 remain pending
[2020.03.25-22.03.57:593][  0]LogContentBrowser: Native class hierarchy updated for 'AddContentDialog' in 0.0003 seconds. Added 0 classes and 0 folders.
[2020.03.25-22.03.57:617][  0]LogContentBrowser: Native class hierarchy updated for 'SceneOutliner' in 0.0004 seconds. Added 1 classes and 2 folders.
[2020.03.25-22.03.57:658][  0]LogSlate: Took 0.000247 seconds to synchronously load lazily loaded font '../../../Engine/Content/Slate/Fonts/Roboto-Regular.ttf' (155K)
[2020.03.25-22.03.57:661][  0]LogSlate: Took 0.000241 seconds to synchronously load lazily loaded font '../../../Engine/Content/Slate/Fonts/Roboto-Bold.ttf' (160K)
[2020.03.25-22.03.57:672][  0]LogSlate: Took 0.006524 seconds to synchronously load lazily loaded font '../../../Engine/Content/Editor/Slate/Fonts/FontAwesome.ttf' (139K)
[2020.03.25-22.03.57:811][  0]LogRenderer: Reallocating scene render targets to support 1208x572 Format 10 NumSamples 1 (Frame:1).
[2020.03.25-22.03.57:892][  0]LogSlate: Took 0.008835 seconds to synchronously load lazily loaded font '../../../Engine/Content/Slate/Fonts/Roboto-Light.ttf' (167K)
[2020.03.25-22.03.58:325][  0]LogContentBrowser: Native class hierarchy updated for 'HierarchicalLODOutliner' in 0.0004 seconds. Added 0 classes and 0 folders.
[2020.03.25-22.03.58:325][  0]LogLoad: (Engine Initialization) Total time: 13.97 seconds
[2020.03.25-22.03.58:325][  0]LogLoad: (Engine Initialization) Total Blueprint compile time: 0.00 seconds
[2020.03.25-22.03.58:386][  0]LogAssetRegistry: Asset discovery search completed in 9.2087 seconds
[2020.03.25-22.03.58:388][  0]LogCollectionManager: Rebuilt the object cache for 0 collections in 0.000000 seconds (found 0 objects)
[2020.03.25-22.03.58:388][  0]LogCollectionManager: Fixed up redirectors for 0 collections in 0.000041 seconds (updated 0 objects)
[2020.03.25-22.03.58:391][  0]LogContentStreaming: Texture pool size now 1000 MB
[2020.03.25-22.03.58:404][  0]LogSlate: FSceneViewport::OnFocusLost() reason 2
[2020.03.25-22.04.00:259][ 75]LogSlate: Window 'Message Log' being destroyed
[2020.03.25-22.04.00:265][ 75]LogSlate: Window 'Message Log' being destroyed
[2020.03.25-22.04.00:948][155]LogTemp: Repeating last play command: Selected Viewport
[2020.03.25-22.04.00:966][155]LogBlueprintUserMessages: Early PlayInEditor Detection: Level '/Game/ThirdPersonBP/Maps/ThirdPersonExampleMap.ThirdPersonExampleMap:PersistentLevel' has LevelScriptBlueprint '/Game/ThirdPersonBP/Maps/ThirdPersonExampleMap.ThirdPersonExampleMap:PersistentLevel.ThirdPersonExampleMap' with GeneratedClass '/Game/ThirdPersonBP/Maps/ThirdPersonExampleMap.ThirdPersonExampleMap_C' with ClassGeneratedBy '/Game/ThirdPersonBP/Maps/ThirdPersonExampleMap.ThirdPersonExampleMap:PersistentLevel.ThirdPersonExampleMap'
[2020.03.25-22.04.00:966][155]LogPlayLevel: PlayLevel: No blueprints needed recompiling
[2020.03.25-22.04.00:967][155]PIE: New page: PIE session: ThirdPersonExampleMap (Mar 25, 2020, 8:04:00 AM)
[2020.03.25-22.04.00:980][155]LogPlayLevel: Creating play world package: /Game/ThirdPersonBP/Maps/UEDPIE_0_ThirdPersonExampleMap
[2020.03.25-22.04.01:148][155]LogPlayLevel: PIE: StaticDuplicateObject took: (0.167887s)
[2020.03.25-22.04.01:149][155]LogAIModule: Creating AISystem for world ThirdPersonExampleMap
[2020.03.25-22.04.01:149][155]LogPlayLevel: PIE: World Init took: (0.001033s)
[2020.03.25-22.04.01:149][155]LogPlayLevel: PIE: Created PIE world by copying editor world from /Game/ThirdPersonBP/Maps/ThirdPersonExampleMap.ThirdPersonExampleMap to /Game/ThirdPersonBP/Maps/UEDPIE_0_ThirdPersonExampleMap.ThirdPersonExampleMap (0.169290s)
[2020.03.25-22.04.01:182][155]LogUObjectHash: Compacting FUObjectHashTables data took   1.27ms
[2020.03.25-22.04.01:212][155]LogInit: XAudio2 using 'Headset Earphone (HyperX Virtual Surround Sound)' : 2 channels at 48 kHz using 16 bits per sample (channel mask 0x3)
[2020.03.25-22.04.01:224][155]LogInit: FAudioDevice initialized.
[2020.03.25-22.04.01:276][155]LogLoad: Game class is 'ThirdPersonGameMode_C'
[2020.03.25-22.04.01:282][155]LogWorld: Bringing World /Game/ThirdPersonBP/Maps/UEDPIE_0_ThirdPersonExampleMap.ThirdPersonExampleMap up for play (max tick rate 0) at 2020.03.25-15.04.01
[2020.03.25-22.04.01:286][155]LogWorld: Bringing up level for play took: 0.008556
[2020.03.25-22.04.01:304][155]LogContentBrowser: Native class hierarchy updated for 'MovieSceneCapture' in 0.0004 seconds. Added 20 classes and 0 folders.
[2020.03.25-22.04.01:307][155]PIE: Play in editor start time for /Game/ThirdPersonBP/Maps/UEDPIE_0_ThirdPersonExampleMap -0.389
[2020.03.25-22.04.01:308][155]LogBlueprintUserMessages: Late PlayInEditor Detection: Level '/Game/ThirdPersonBP/Maps/ThirdPersonExampleMap.ThirdPersonExampleMap:PersistentLevel' has LevelScriptBlueprint '/Game/ThirdPersonBP/Maps/ThirdPersonExampleMap.ThirdPersonExampleMap:PersistentLevel.ThirdPersonExampleMap' with GeneratedClass '/Game/ThirdPersonBP/Maps/ThirdPersonExampleMap.ThirdPersonExampleMap_C' with ClassGeneratedBy '/Game/ThirdPersonBP/Maps/ThirdPersonExampleMap.ThirdPersonExampleMap:PersistentLevel.ThirdPersonExampleMap'
[2020.03.25-22.05.38:045][750]LogBlueprintUserMessages: Early EndPlayMap Detection: Level '/Game/ThirdPersonBP/Maps/ThirdPersonExampleMap.ThirdPersonExampleMap:PersistentLevel' has LevelScriptBlueprint '/Game/ThirdPersonBP/Maps/ThirdPersonExampleMap.ThirdPersonExampleMap:PersistentLevel.ThirdPersonExampleMap' with GeneratedClass '/Game/ThirdPersonBP/Maps/ThirdPersonExampleMap.ThirdPersonExampleMap_C' with ClassGeneratedBy '/Game/ThirdPersonBP/Maps/ThirdPersonExampleMap.ThirdPersonExampleMap:PersistentLevel.ThirdPersonExampleMap'
[2020.03.25-22.05.38:049][750]LogSlate: Updating window title bar state: overlay mode, drag disabled, window buttons hidden, title bar hidden
[2020.03.25-22.05.38:078][750]LogPlayLevel: Display: Shutting down PIE online subsystems
[2020.03.25-22.05.38:078][750]LogBlueprintUserMessages: Late EndPlayMap Detection: Level '/Game/ThirdPersonBP/Maps/ThirdPersonExampleMap.ThirdPersonExampleMap:PersistentLevel' has LevelScriptBlueprint '/Game/ThirdPersonBP/Maps/ThirdPersonExampleMap.ThirdPersonExampleMap:PersistentLevel.ThirdPersonExampleMap' with GeneratedClass '/Game/ThirdPersonBP/Maps/ThirdPersonExampleMap.ThirdPersonExampleMap_C' with ClassGeneratedBy '/Game/ThirdPersonBP/Maps/ThirdPersonExampleMap.ThirdPersonExampleMap:PersistentLevel.ThirdPersonExampleMap'
[2020.03.25-22.05.38:118][750]LogSlate: Updating window title bar state: overlay mode, drag disabled, window buttons hidden, title bar hidden
[2020.03.25-22.05.38:123][750]LogUObjectHash: Compacting FUObjectHashTables data took   2.03ms
[2020.03.25-22.05.38:167][752]LogPlayLevel: Display: Destroying online subsystem :Context_3
[2020.03.25-22.05.50:935][263]LogEditorViewport: Clicking on Actor (LMB): StaticMeshActor (Plane)
[2020.03.25-22.05.51:427][294]LogEditorViewport: Clicking on Actor (LMB): StaticMeshActor (Plane)
[2020.03.25-22.05.51:934][352]LogEditorViewport: Clicking on Actor (LMB): StaticMeshActor (Plane)
[2020.03.25-22.05.52:421][408]LogEditorViewport: Clicking on Actor (LMB): Hint-1-BP_C (Hint-1-BP)
[2020.03.25-22.05.54:882][692]LogSlate: FSceneViewport::OnFocusLost() reason 0
[2020.03.25-22.06.07:725][199]LogEditorViewport: Clicking on Actor (LMB): StaticMeshActor (Cube14)
[2020.03.25-22.06.16:620][209]LogEditorViewport: Clicking on Actor (LMB): BP_PuzzleCupboard_C (BP_PuzzleCupboard3)
[2020.03.25-22.06.30:956][912]LogSlate: FSceneViewport::OnFocusLost() reason 0
[2020.03.25-22.06.31:031][921]LogTemp: Repeating last play command: Selected Viewport
[2020.03.25-22.06.31:050][921]LogBlueprintUserMessages: Early PlayInEditor Detection: Level '/Game/ThirdPersonBP/Maps/ThirdPersonExampleMap.ThirdPersonExampleMap:PersistentLevel' has LevelScriptBlueprint '/Game/ThirdPersonBP/Maps/ThirdPersonExampleMap.ThirdPersonExampleMap:PersistentLevel.ThirdPersonExampleMap' with GeneratedClass '/Game/ThirdPersonBP/Maps/ThirdPersonExampleMap.ThirdPersonExampleMap_C' with ClassGeneratedBy '/Game/ThirdPersonBP/Maps/ThirdPersonExampleMap.ThirdPersonExampleMap:PersistentLevel.ThirdPersonExampleMap'
[2020.03.25-22.06.31:050][921]LogPlayLevel: PlayLevel: No blueprints needed recompiling
[2020.03.25-22.06.31:050][921]PIE: New page: PIE session: ThirdPersonExampleMap (Mar 25, 2020, 8:06:31 AM)
[2020.03.25-22.06.31:050][921]LogPlayLevel: Creating play world package: /Game/ThirdPersonBP/Maps/UEDPIE_0_ThirdPersonExampleMap
[2020.03.25-22.06.31:072][921]LogPlayLevel: PIE: StaticDuplicateObject took: (0.021575s)
[2020.03.25-22.06.31:072][921]LogAIModule: Creating AISystem for world ThirdPersonExampleMap
[2020.03.25-22.06.31:075][921]LogPlayLevel: PIE: World Init took: (0.003124s)
[2020.03.25-22.06.31:075][921]LogPlayLevel: PIE: Created PIE world by copying editor world from /Game/ThirdPersonBP/Maps/ThirdPersonExampleMap.ThirdPersonExampleMap to /Game/ThirdPersonBP/Maps/UEDPIE_0_ThirdPersonExampleMap.ThirdPersonExampleMap (0.024910s)
[2020.03.25-22.06.31:110][921]LogUObjectHash: Compacting FUObjectHashTables data took   1.50ms
[2020.03.25-22.06.31:135][921]LogInit: XAudio2 using 'Headset Earphone (HyperX Virtual Surround Sound)' : 2 channels at 48 kHz using 16 bits per sample (channel mask 0x3)
[2020.03.25-22.06.31:154][921]LogInit: FAudioDevice initialized.
[2020.03.25-22.06.31:187][921]LogLoad: Game class is 'ThirdPersonGameMode_C'
[2020.03.25-22.06.31:193][921]LogWorld: Bringing World /Game/ThirdPersonBP/Maps/UEDPIE_0_ThirdPersonExampleMap.ThirdPersonExampleMap up for play (max tick rate 0) at 2020.03.25-15.06.31
[2020.03.25-22.06.31:194][921]LogWorld: Bringing up level for play took: 0.006372
[2020.03.25-22.06.31:208][921]PIE: Play in editor start time for /Game/ThirdPersonBP/Maps/UEDPIE_0_ThirdPersonExampleMap -0.489
[2020.03.25-22.06.31:208][921]LogBlueprintUserMessages: Late PlayInEditor Detection: Level '/Game/ThirdPersonBP/Maps/ThirdPersonExampleMap.ThirdPersonExampleMap:PersistentLevel' has LevelScriptBlueprint '/Game/ThirdPersonBP/Maps/ThirdPersonExampleMap.ThirdPersonExampleMap:PersistentLevel.ThirdPersonExampleMap' with GeneratedClass '/Game/ThirdPersonBP/Maps/ThirdPersonExampleMap.ThirdPersonExampleMap_C' with ClassGeneratedBy '/Game/ThirdPersonBP/Maps/ThirdPersonExampleMap.ThirdPersonExampleMap:PersistentLevel.ThirdPersonExampleMap'
[2020.03.25-22.07.12:054][815]LogBlueprintUserMessages: Early EndPlayMap Detection: Level '/Game/ThirdPersonBP/Maps/ThirdPersonExampleMap.ThirdPersonExampleMap:PersistentLevel' has LevelScriptBlueprint '/Game/ThirdPersonBP/Maps/ThirdPersonExampleMap.ThirdPersonExampleMap:PersistentLevel.ThirdPersonExampleMap' with GeneratedClass '/Game/ThirdPersonBP/Maps/ThirdPersonExampleMap.ThirdPersonExampleMap_C' with ClassGeneratedBy '/Game/ThirdPersonBP/Maps/ThirdPersonExampleMap.ThirdPersonExampleMap:PersistentLevel.ThirdPersonExampleMap'
[2020.03.25-22.07.12:054][815]LogSlate: Updating window title bar state: overlay mode, drag disabled, window buttons hidden, title bar hidden
[2020.03.25-22.07.12:087][815]LogPlayLevel: Display: Shutting down PIE online subsystems
[2020.03.25-22.07.12:087][815]LogBlueprintUserMessages: Late EndPlayMap Detection: Level '/Game/ThirdPersonBP/Maps/ThirdPersonExampleMap.ThirdPersonExampleMap:PersistentLevel' has LevelScriptBlueprint '/Game/ThirdPersonBP/Maps/ThirdPersonExampleMap.ThirdPersonExampleMap:PersistentLevel.ThirdPersonExampleMap' with GeneratedClass '/Game/ThirdPersonBP/Maps/ThirdPersonExampleMap.ThirdPersonExampleMap_C' with ClassGeneratedBy '/Game/ThirdPersonBP/Maps/ThirdPersonExampleMap.ThirdPersonExampleMap:PersistentLevel.ThirdPersonExampleMap'
[2020.03.25-22.07.12:127][815]LogSlate: Updating window title bar state: overlay mode, drag disabled, window buttons hidden, title bar hidden
[2020.03.25-22.07.12:131][815]LogUObjectHash: Compacting FUObjectHashTables data took   1.61ms
[2020.03.25-22.07.12:176][817]LogPlayLevel: Display: Destroying online subsystem :Context_6
[2020.03.25-22.07.13:460][970]LogEditorViewport: Clicking on Actor (LMB): BP_PuzzleDoor1_C (BP_PuzzleDoor1)
[2020.03.25-22.07.20:963][856]LogSlate: FSceneViewport::OnFocusLost() reason 0
[2020.03.25-22.07.21:050][866]LogSlate: Took 0.000302 seconds to synchronously load lazily loaded font '../../../Engine/Content/Slate/Fonts/Roboto-Light.ttf' (167K)
[2020.03.25-22.07.21:057][866]LogAssetEditorManager: Opening Asset editor for Blueprint /Game/LightPuzzle/BP_PuzzleDoor1.BP_PuzzleDoor1
[2020.03.25-22.07.21:485][866]LogContentBrowser: Native class hierarchy updated for 'BlueprintGraph' in 0.0007 seconds. Added 121 classes and 0 folders.
[2020.03.25-22.07.22:459][866]LogSlate: Took 0.005565 seconds to synchronously load lazily loaded font '../../../Engine/Content/Slate/Fonts/Roboto-BoldCondensed.ttf' (158K)
[2020.03.25-22.07.24:194][  1]LogSlate: Took 0.008165 seconds to synchronously load lazily loaded font '../../../Engine/Content/Slate/Fonts/Roboto-Italic.ttf' (157K)
[2020.03.25-22.07.27:362][276]LogSlate: Window 'BP_PuzzleDoor1' being destroyed
[2020.03.25-22.07.27:368][276]LogSlate: Window 'BP_PuzzleDoor1' being destroyed
[2020.03.25-22.07.48:096][720]LogSlate: FSceneViewport::OnFocusLost() reason 0
[2020.03.25-22.07.56:580][652]LogAssetEditorManager: Opening Asset editor for Material /Game/Safe/Nuxolll.Nuxolll
[2020.03.25-22.07.56:586][652]LogMaterial: Display: Missing cached shader map for material Nuxolll, compiling. 
[2020.03.25-22.07.56:933][652]LogMaterial: Display: Missing cached shader map for material Nuxolll, compiling. 
[2020.03.25-22.07.56:963][652]LogShaderCompilers: Display: Shaders left to compile 20
[2020.03.25-22.07.57:904][698]LogShaderCompilers: Display: Shaders left to compile 10
[2020.03.25-22.07.58:937][757]MaterialEditorStats: Base pass shader: 107 instructions
[2020.03.25-22.07.58:937][757]MaterialEditorStats: Base pass shader with Volumetric Lightmap: 181 instructions
[2020.03.25-22.07.58:937][757]MaterialEditorStats: Base pass vertex shader: 41 instructions
[2020.03.25-22.07.58:937][757]MaterialEditorStats: Texture samplers: 3/16
[2020.03.25-22.08.55:203][961]LogFactory: FactoryCreateFile: Texture with ReimportTextureFactory (0 0 C:/Users/William Lau/Pictures/WCS 2018 Pictures/Spring 2020 UP/nuxoll.jpg)
[2020.03.25-22.08.55:217][961]LogTexture: Display: Building textures: nuxoll (BGRA8, 686X686)
[2020.03.25-22.09.05:902][948]LogMaterial: Display: Missing cached shader map for material Nuxolll, compiling. 
[2020.03.25-22.09.05:919][948]LogMaterial: Display: Missing cached shader map for material FMatExpressionPreview MaterialExpressionTextureSample_0, compiling. 
[2020.03.25-22.09.05:931][948]LogShaderCompilers: Display: Shaders left to compile 20
[2020.03.25-22.09.05:959][948]LogMaterial: Display: Missing cached shader map for material FMatExpressionPreview MaterialExpressionTextureSample_0, compiling. 
[2020.03.25-22.09.06:499][979]LogShaderCompilers: Display: Shaders left to compile 10
[2020.03.25-22.09.07:743][ 41]MaterialEditorStats: Base pass shader: 107 instructions
[2020.03.25-22.09.07:743][ 41]MaterialEditorStats: Base pass shader with Volumetric Lightmap: 181 instructions
[2020.03.25-22.09.07:743][ 41]MaterialEditorStats: Base pass vertex shader: 41 instructions
[2020.03.25-22.09.07:743][ 41]MaterialEditorStats: Texture samplers: 3/16
[2020.03.25-22.09.11:905][419]LogMaterial: Display: Missing cached shader map for material Nuxolll, compiling. 
[2020.03.25-22.09.11:925][419]LogShaderCompilers: Display: Shaders left to compile 20
[2020.03.25-22.09.11:929][419]LogMaterial: Display: Missing cached shader map for material FMatExpressionPreview MaterialExpressionTextureSample_0, compiling. 
[2020.03.25-22.09.12:311][435]LogShaderCompilers: Display: Shaders left to compile 10
[2020.03.25-22.09.13:410][491]MaterialEditorStats: Base pass shader: 110 instructions
[2020.03.25-22.09.13:410][491]MaterialEditorStats: Base pass shader with Volumetric Lightmap: 184 instructions
[2020.03.25-22.09.13:410][491]MaterialEditorStats: Base pass vertex shader: 45 instructions
[2020.03.25-22.09.13:410][491]MaterialEditorStats: Texture samplers: 4/16
[2020.03.25-22.09.13:410][491]MaterialEditorStats: Texture Lookups (Est.): VS(0), PS(1)
[2020.03.25-22.09.13:410][491]MaterialEditorStats: User interpolators: 2/4 Scalars (1/4 Vectors) (TexCoords: 2, Custom: 0)
[2020.03.25-22.09.14:903][634]LogMaterial: Display: Missing cached shader map for material Nuxolll, compiling. 
[2020.03.25-22.09.14:919][634]LogMaterial: Display: Missing cached shader map for material Nuxolll, compiling. 
[2020.03.25-22.09.14:948][634]LogShaderCompilers: Display: Shaders left to compile 20
[2020.03.25-22.09.14:962][634]LogMaterial: Display: Missing cached shader map for material FMatExpressionPreview MaterialExpressionTextureSample_0, compiling. 
[2020.03.25-22.09.15:243][648]LogMaterial: Display: Missing cached shader map for material Nuxolll, compiling. 
[2020.03.25-22.09.15:290][649]LogShaderCompilers: Display: Shaders left to compile 20
[2020.03.25-22.09.15:686][670]LogShaderCompilers: Display: Shaders left to compile 10
[2020.03.25-22.09.16:615][721]MaterialEditorStats: Base pass shader: 107 instructions
[2020.03.25-22.09.16:615][721]MaterialEditorStats: Base pass shader with Volumetric Lightmap: 181 instructions
[2020.03.25-22.09.16:615][721]MaterialEditorStats: Base pass vertex shader: 41 instructions
[2020.03.25-22.09.16:615][721]MaterialEditorStats: Texture samplers: 3/16
[2020.03.25-22.09.20:050][ 39]LogSlate: FSceneViewport::OnFocusLost() reason 0
[2020.03.25-22.10.22:550][813]LogSlate: FSceneViewport::OnFocusLost() reason 0
[2020.03.25-22.10.27:533][ 27]LogSlate: Window 'Message' being destroyed
[2020.03.25-22.10.28:002][ 27]LogMaterial: Display: Missing cached shader map for material Nuxolll, compiling. 
[2020.03.25-22.10.28:057][ 27]LogShaderCompilers: Display: Shaders left to compile 20
[2020.03.25-22.10.28:068][ 27]LogMaterial: Display: Missing cached shader map for material Nuxolll, compiling. 
[2020.03.25-22.10.28:086][ 27]LogMaterial: Display: Missing cached shader map for material Nuxolll, compiling. 
[2020.03.25-22.10.28:154][ 27]LogUObjectHash: Compacting FUObjectHashTables data took   5.40ms
[2020.03.25-22.10.28:164][ 27]LogMaterial: Display: Missing cached shader map for material DebugViewMode MaterialTexCoordScale, compiling. 
[2020.03.25-22.10.29:540][ 27]LogShaderCompilers: Display: Shaders left to compile 30
[2020.03.25-22.10.29:542][ 27]TextureStreamingBuild: Display: Compiling optional shaders took 1.388 seconds.
[2020.03.25-22.10.29:588][ 27]LogUObjectHash: Compacting FUObjectHashTables data took   1.35ms
[2020.03.25-22.10.29:596][ 27]LogSlate: Window 'Nuxolll' being destroyed
[2020.03.25-22.10.29:601][ 27]LogSlate: Window 'Nuxolll' being destroyed
[2020.03.25-22.10.31:775][230]LogAssetEditorManager: Opening Asset editor for Material /Game/Safe/Nuxolll.Nuxolll
[2020.03.25-22.10.31:780][230]LogMaterial: Display: Missing cached shader map for material PreviewMaterial_0, compiling. 
[2020.03.25-22.10.31:794][230]LogShaderCompilers: Display: Shaders left to compile 20
[2020.03.25-22.10.31:867][230]LogMaterial: Display: Missing cached shader map for material PreviewMaterial_0, compiling. 
[2020.03.25-22.10.31:890][230]LogMaterial: Display: Missing cached shader map for material PreviewMaterial_0, compiling. 
[2020.03.25-22.10.31:940][230]LogMaterial: Display: Missing cached shader map for material FMatExpressionPreview MaterialExpressionTextureSample_0, compiling. 
[2020.03.25-22.10.32:107][231]LogShaderCompilers: Display: Shaders left to compile 20
[2020.03.25-22.10.32:492][248]LogShaderCompilers: Display: Shaders left to compile 10
[2020.03.25-22.10.33:542][298]MaterialEditorStats: Base pass shader: 107 instructions
[2020.03.25-22.10.33:542][298]MaterialEditorStats: Base pass shader with Volumetric Lightmap: 181 instructions
[2020.03.25-22.10.33:542][298]MaterialEditorStats: Base pass vertex shader: 41 instructions
[2020.03.25-22.10.33:542][298]MaterialEditorStats: Texture samplers: 3/16
[2020.03.25-22.10.45:971][448]LogSlate: FSceneViewport::OnFocusLost() reason 2
[2020.03.25-22.10.56:079][354]LogMaterial: Display: Missing cached shader map for material PreviewMaterial_0, compiling. 
[2020.03.25-22.10.56:097][354]LogShaderCompilers: Display: Shaders left to compile 20
[2020.03.25-22.10.56:101][354]LogMaterial: Display: Missing cached shader map for material FMatExpressionPreview MaterialExpressionTextureSample_0, compiling. 
[2020.03.25-22.10.56:689][386]LogShaderCompilers: Display: Shaders left to compile 10
[2020.03.25-22.10.57:762][438]MaterialEditorStats: Base pass shader: 110 instructions
[2020.03.25-22.10.57:762][438]MaterialEditorStats: Base pass shader with Volumetric Lightmap: 184 instructions
[2020.03.25-22.10.57:762][438]MaterialEditorStats: Base pass vertex shader: 45 instructions
[2020.03.25-22.10.57:762][438]MaterialEditorStats: Texture samplers: 4/16
[2020.03.25-22.10.57:762][438]MaterialEditorStats: Texture Lookups (Est.): VS(0), PS(1)
[2020.03.25-22.10.57:762][438]MaterialEditorStats: User interpolators: 2/4 Scalars (1/4 Vectors) (TexCoords: 2, Custom: 0)
[2020.03.25-22.11.01:713][813]LogMaterial: Display: Missing cached shader map for material PreviewMaterial_0, compiling. 
[2020.03.25-22.11.01:736][814]LogShaderCompilers: Display: Shaders left to compile 20
[2020.03.25-22.11.02:067][834]LogShaderCompilers: Display: Shaders left to compile 10
[2020.03.25-22.11.03:102][889]MaterialEditorStats: Base pass shader: 107 instructions
[2020.03.25-22.11.03:102][889]MaterialEditorStats: Base pass shader with Volumetric Lightmap: 181 instructions
[2020.03.25-22.11.03:102][889]MaterialEditorStats: Base pass vertex shader: 41 instructions
[2020.03.25-22.11.03:102][889]MaterialEditorStats: Texture samplers: 3/16
[2020.03.25-22.11.05:527][106]LogMaterial: Display: Missing cached shader map for material PreviewMaterial_0, compiling. 
[2020.03.25-22.11.05:545][106]LogMaterial: Display: Missing cached shader map for material FMatExpressionPreview MaterialExpressionTextureSample_0, compiling. 
[2020.03.25-22.11.05:561][106]LogShaderCompilers: Display: Shaders left to compile 20
[2020.03.25-22.11.05:916][126]LogShaderCompilers: Display: Shaders left to compile 10
[2020.03.25-22.11.06:967][179]MaterialEditorStats: Base pass shader: 108 instructions
[2020.03.25-22.11.06:967][179]MaterialEditorStats: Base pass shader with Volumetric Lightmap: 182 instructions
[2020.03.25-22.11.06:967][179]MaterialEditorStats: Base pass vertex shader: 45 instructions
[2020.03.25-22.11.06:967][179]MaterialEditorStats: Texture samplers: 4/16
[2020.03.25-22.11.06:967][179]MaterialEditorStats: Texture Lookups (Est.): VS(0), PS(1)
[2020.03.25-22.11.06:967][179]MaterialEditorStats: User interpolators: 2/4 Scalars (1/4 Vectors) (TexCoords: 2, Custom: 0)
[2020.03.25-22.11.10:676][529]LogMaterial: Display: Missing cached shader map for material PreviewMaterial_0, compiling. 
[2020.03.25-22.11.10:700][530]LogShaderCompilers: Display: Shaders left to compile 20
[2020.03.25-22.11.11:017][548]LogShaderCompilers: Display: Shaders left to compile 10
[2020.03.25-22.11.12:035][609]MaterialEditorStats: Base pass shader: 107 instructions
[2020.03.25-22.11.12:035][609]MaterialEditorStats: Base pass shader with Volumetric Lightmap: 181 instructions
[2020.03.25-22.11.12:035][609]MaterialEditorStats: Base pass vertex shader: 41 instructions
[2020.03.25-22.11.12:035][609]MaterialEditorStats: Texture samplers: 3/16
[2020.03.25-22.12.18:120][386]LogSlate: Window 'Message' being destroyed
[2020.03.25-22.12.18:568][386]LogMaterial: Display: Missing cached shader map for material PreviewMaterial_0, compiling. 
[2020.03.25-22.12.18:630][386]LogShaderCompilers: Display: Shaders left to compile 20
[2020.03.25-22.12.18:634][386]LogMaterial: Display: Missing cached shader map for material Nuxolll, compiling. 
[2020.03.25-22.12.18:653][386]LogMaterial: Display: Missing cached shader map for material Nuxolll, compiling. 
[2020.03.25-22.12.18:710][386]LogUObjectHash: Compacting FUObjectHashTables data took   2.59ms
[2020.03.25-22.12.18:718][386]LogMaterial: Display: Missing cached shader map for material DebugViewMode MaterialTexCoordScale, compiling. 
[2020.03.25-22.12.19:895][386]LogShaderCompilers: Display: Shaders left to compile 30
[2020.03.25-22.12.19:898][386]TextureStreamingBuild: Display: Compiling optional shaders took 1.188 seconds.
[2020.03.25-22.12.19:938][386]LogUObjectHash: Compacting FUObjectHashTables data took   1.50ms
[2020.03.25-22.12.19:946][386]LogSlate: Window 'Nuxolll' being destroyed
[2020.03.25-22.12.19:949][386]LogSlate: Window 'Nuxolll' being destroyed
[2020.03.25-22.12.21:586][523]LogMaterial: Display: Missing cached shader map for material nuxoll_Mat, compiling. 
[2020.03.25-22.12.27:312][160]Cmd: TRANSACTION UNDO
[2020.03.25-22.12.27:312][160]LogEditorTransaction: Undo Create Actors
[2020.03.25-22.12.29:383][384]LogSlate: FSceneViewport::OnFocusLost() reason 0
[2020.03.25-22.12.31:718][615]LogUObjectHash: Compacting FUObjectHashTables data took   2.50ms
[2020.03.25-22.12.32:729][615]LogSlate: Window 'Delete Assets' being destroyed
[2020.03.25-22.12.32:834][615]LogUObjectHash: Compacting FUObjectHashTables data took   2.13ms
[2020.03.25-22.12.36:799][ 79]LogSlate: FSceneViewport::OnFocusLost() reason 0
[2020.03.25-22.12.38:746][293]LogEditorViewport: Clicking on Actor (LMB): StaticMeshActor (Cube2)
[2020.03.25-22.12.39:442][370]LogEditorViewport: Clicking on Actor (LMB): StaticMeshActor (Cube2)
[2020.03.25-22.12.40:172][455]LogEditorViewport: Clicking on Actor (LMB): StaticMeshActor (Plane)
[2020.03.25-22.12.57:544][509]Cmd: TRANSACTION UNDO
[2020.03.25-22.12.57:544][509]LogEditorTransaction: Undo Clicking on Actors
[2020.03.25-22.13.01:894][990]Cmd: TRANSACTION UNDO
[2020.03.25-22.13.01:894][990]LogEditorTransaction: Undo Clicking on Actors
[2020.03.25-22.13.02:648][ 45]Cmd: TRANSACTION UNDO
[2020.03.25-22.13.02:648][ 45]LogEditorTransaction: Undo Clicking on Actors
[2020.03.25-22.13.03:115][ 98]Cmd: TRANSACTION UNDO
[2020.03.25-22.13.03:115][ 98]LogEditorTransaction: Undo Create Actors
[2020.03.25-22.13.05:133][326]LogEditorViewport: Clicking on Actor (LMB): StaticMeshActor (Cube2)
[2020.03.25-22.13.06:187][446]LogEditorViewport: Clicking on Actor (LMB): StaticMeshActor (Cube2)
[2020.03.25-22.13.07:368][585]Cmd: EDIT COPY
[2020.03.25-22.13.07:820][638]Cmd: EDIT PASTE
[2020.03.25-22.13.15:096][470]LogSlate: FSceneViewport::OnFocusLost() reason 0
[2020.03.25-22.13.41:185][516]LogSlate: FSceneViewport::OnFocusLost() reason 0
[2020.03.25-22.13.42:600][673]LogEditorViewport: Clicking on Actor (LMB): StaticMeshActor (Plane)
[2020.03.25-22.13.43:937][827]LogEditorViewport: Clicking on Actor (LMB): StaticMeshActor (Cube21)
[2020.03.25-22.13.46:314][100]LogEditorViewport: Clicking on Actor (LMB): StaticMeshActor (Plane)
[2020.03.25-22.13.58:430][862]LogEditorViewport: Clicking on Actor (LMB): Message-2-BP_C (Message-2-BP)
[2020.03.25-22.14.04:436][577]LogSlate: FSceneViewport::OnFocusLost() reason 0
[2020.03.25-22.14.05:044][650]LogEditorViewport: Clicking on Actor (LMB): StaticMeshActor (Cube21)
[2020.03.25-22.14.05:601][711]LogEditorViewport: Clicking on Actor (LMB): StaticMeshActor (Plane)
[2020.03.25-22.14.06:100][765]LogEditorViewport: Clicking on Actor (LMB): StaticMeshActor (Plane)
[2020.03.25-22.14.18:061][191]LogEditorViewport: Clicking on Actor (LMB): StaticMeshActor (Cube21)
[2020.03.25-22.14.19:086][308]Cmd: EDIT COPY
[2020.03.25-22.14.19:370][340]Cmd: EDIT PASTE
[2020.03.25-22.14.31:232][634]LogSlate: FSceneViewport::OnFocusLost() reason 0
[2020.03.25-22.15.36:402][660]LogSlate: FSceneViewport::OnFocusLost() reason 0
[2020.03.25-22.15.37:207][752]LogEditorViewport: Clicking on Actor (LMB): StaticMeshActor (Cube4)
[2020.03.25-22.15.37:663][801]LogEditorViewport: Clicking on Component (LMB): StaticMeshComponent (StaticMeshComponent0)
[2020.03.25-22.15.38:146][855]LogEditorViewport: Clicking on Actor (LMB): TrollMessage2_C (TrollMessage2)
[2020.03.25-22.15.39:630][ 26]LogSlate: FSceneViewport::OnFocusLost() reason 0
[2020.03.25-22.15.39:736][ 38]LogAssetEditorManager: Opening Asset editor for Blueprint /Game/LightPuzzle/TheTrollPackage/TrollMessage2.TrollMessage2
[2020.03.25-22.15.46:821][662]LogSlate: Window 'TrollMessage2' being destroyed
[2020.03.25-22.15.46:827][662]LogSlate: Window 'TrollMessage2' being destroyed
[2020.03.25-22.15.49:264][936]LogAssetEditorManager: Opening Asset editor for Blueprint /Game/LightPuzzle/TheTrollPackage/TrollMessage2.TrollMessage2
[2020.03.25-22.15.52:143][157]LogSlate: FSceneViewport::OnFocusLost() reason 0
[2020.03.25-22.16.21:393][122]BlueprintLog: New page: Compile TrollMessage2
[2020.03.25-22.16.21:614][122]LogUObjectHash: Compacting FUObjectHashTables data took   3.71ms
[2020.03.25-22.16.23:068][250]LogSlate: Window 'TrollMessage2' being destroyed
[2020.03.25-22.16.23:074][250]LogSlate: Window 'TrollMessage2' being destroyed
[2020.03.25-22.16.51:076][541]LogEditorViewport: Clicking on Actor (LMB): KeypadActor_C (KeypadActor)
[2020.03.25-22.16.54:226][910]LogSlate: FSceneViewport::OnFocusLost() reason 0
[2020.03.25-22.16.54:292][917]LogAssetEditorManager: Opening Asset editor for Blueprint /Game/Safe/KeypadActor.KeypadActor
[2020.03.25-22.17.07:378][ 10]BlueprintLog: New page: Compile KeypadActor
[2020.03.25-22.17.07:609][ 10]LogUObjectHash: Compacting FUObjectHashTables data took   3.48ms
[2020.03.25-22.17.08:404][ 74]LogSlate: Window 'KeypadActor' being destroyed
[2020.03.25-22.17.08:410][ 74]LogSlate: Window 'KeypadActor' being destroyed
[2020.03.25-22.17.10:023][235]SourceControl: fatal: D:/William Lau/Epic Games/UE_4.22/Engine/Content: 'D:/William Lau/Epic Games/UE_4.22/Engine/Content' is outside repository
[2020.03.25-22.17.10:165][235]EditorErrors: Warning: No assets to check in!
[2020.03.25-22.17.12:808][359]LogUObjectHash: Compacting FUObjectHashTables data took   3.38ms
[2020.03.25-22.17.13:863][359]LogSlate: Window 'Save Content' being destroyed
[2020.03.25-22.17.14:151][359]LogSavePackage: Moving '../../../../Unreal Projects/GitHub Projects/CS447-3D-Game/CS447_3D_Game/Saved/TrollMessage25A11B4664FBDBFD75BF1B59BB7B96EE8.tmp' to '../../../../Unreal Projects/GitHub Projects/CS447-3D-Game/CS447_3D_Game/Content/LightPuzzle/TheTrollPackage/TrollMessage2.uasset'
[2020.03.25-22.17.14:170][359]Cmd: OBJ SAVEPACKAGE PACKAGE="/Game/Safe/KeypadActor" FILE="../../../../Unreal Projects/GitHub Projects/CS447-3D-Game/CS447_3D_Game/Content/Safe/KeypadActor.uasset" SILENT=true
[2020.03.25-22.17.14:222][359]LogSavePackage: Moving '../../../../Unreal Projects/GitHub Projects/CS447-3D-Game/CS447_3D_Game/Saved/KeypadActor3BB42E2942CA969CA61138B699C7F22F.tmp' to '../../../../Unreal Projects/GitHub Projects/CS447-3D-Game/CS447_3D_Game/Content/Safe/KeypadActor.uasset'
[2020.03.25-22.17.14:235][359]Cmd: OBJ SAVEPACKAGE PACKAGE="/Game/Safe/nuxoll" FILE="../../../../Unreal Projects/GitHub Projects/CS447-3D-Game/CS447_3D_Game/Content/Safe/nuxoll.uasset" SILENT=true
[2020.03.25-22.17.14:319][359]LogSavePackage: Moving '../../../../Unreal Projects/GitHub Projects/CS447-3D-Game/CS447_3D_Game/Saved/nuxollCC5D41E74CCB17096076D2A8FB112B85.tmp' to '../../../../Unreal Projects/GitHub Projects/CS447-3D-Game/CS447_3D_Game/Content/Safe/nuxoll.uasset'
[2020.03.25-22.17.14:593][359]LogUObjectHash: Compacting FUObjectHashTables data took   1.89ms
[2020.03.25-22.17.15:003][359]LogSavePackage: Moving '../../../../Unreal Projects/GitHub Projects/CS447-3D-Game/CS447_3D_Game/Saved/ThirdPersonExampleMapE63753D0436F5E99AE65888A1F4A0623.tmp' to '../../../../Unreal Projects/GitHub Projects/CS447-3D-Game/CS447_3D_Game/Content/ThirdPersonBP/Maps/ThirdPersonExampleMap.umap'
[2020.03.25-22.17.15:041][359]LogFileHelpers: Saving map 'ThirdPersonExampleMap' took 0.488
[2020.03.25-22.17.16:344][478]SourceControl: fatal: D:/William Lau/Epic Games/UE_4.22/Engine/Content: 'D:/William Lau/Epic Games/UE_4.22/Engine/Content' is outside repository
[2020.03.25-22.17.26:862][478]LogSlate: Window 'Submit Files' being destroyed
[2020.03.25-22.17.28:163][478]LogSourceControl: commit successful: [master 724cd22] final change 1
[2020.03.25-22.17.28:384][478]SourceControl: [master 724cd22] final change 1
[2020.03.25-22.17.28:384][478]SourceControl:  4 files changed, 0 insertions(+), 0 deletions(-)
[2020.03.25-22.17.28:384][478]SourceControl:  rewrite CS447_3D_Game/Content/Safe/KeypadActor.uasset (74%)
[2020.03.25-22.17.28:384][478]SourceControl:  create mode 100644 CS447_3D_Game/Content/Safe/nuxoll.uasset
[2020.03.25-22.17.28:387][478]SourceControl: Commited [master 724cd22] final change 1.
